2019-07-10 00:07:50,797 ERROR 17492 [-/127.0.0.1/-/7ms GET /login/sendcode] nodejs.TypeError: this.ctx.sendVerificationCode is not a function
    at CustomerController.sendcode (D:\vscode\sequelize-ts\app\controller\login.ts:61:29)
    at Object.callFn (D:\vscode\sequelize-ts\node_modules\egg-core\lib\utils\index.js:44:21)
    at Object.classControllerMiddleware (D:\vscode\sequelize-ts\node_modules\egg-core\lib\loader\mixin\controller.js:87:20)
    at Object.callFn (D:\vscode\sequelize-ts\node_modules\@eggjs\router\lib\utils.js:12:21)
    at wrappedController (D:\vscode\sequelize-ts\node_modules\@eggjs\router\lib\egg_router.js:322:18)
    at dispatch (D:\vscode\sequelize-ts\node_modules\@eggjs\router\node_modules\koa-compose\index.js:44:32)
    at next (D:\vscode\sequelize-ts\node_modules\@eggjs\router\node_modules\koa-compose\index.js:45:18)
    at D:\vscode\sequelize-ts\node_modules\@eggjs\router\lib\router.js:190:18
    at dispatch (D:\vscode\sequelize-ts\node_modules\@eggjs\router\node_modules\koa-compose\index.js:44:32)
    at D:\vscode\sequelize-ts\node_modules\@eggjs\router\node_modules\koa-compose\index.js:36:12
    at dispatch (D:\vscode\sequelize-ts\node_modules\@eggjs\router\lib\router.js:195:33)
    at dispatch (D:\vscode\sequelize-ts\node_modules\koa-compose\index.js:42:32)
    at D:\vscode\sequelize-ts\app\middleware\authorization.ts:8:13
    at dispatch (D:\vscode\sequelize-ts\node_modules\koa-compose\index.js:42:32)
    at D:\vscode\sequelize-ts\node_modules\egg-development\app\middleware\egg_loader_trace.js:9:56
    at dispatch (D:\vscode\sequelize-ts\node_modules\koa-compose\index.js:42:32)
    at i18n (D:\vscode\sequelize-ts\node_modules\egg-i18n\app\middleware\i18n.js:13:12)
    at dispatch (D:\vscode\sequelize-ts\node_modules\koa-compose\index.js:42:32)
    at dispatch (D:\vscode\sequelize-ts\node_modules\koa-compose\index.js:42:32)
    at dta (D:\vscode\sequelize-ts\node_modules\egg-security\lib\middlewares\dta.js:12:12)
    at dispatch (D:\vscode\sequelize-ts\node_modules\koa-compose\index.js:42:32)
    at xframe (D:\vscode\sequelize-ts\node_modules\egg-security\lib\middlewares\xframe.js:7:11)

pid: 17492
hostname: DESKTOP-QJUC35N

2019-07-10 00:08:13,389 ERROR 11964 [-/127.0.0.1/-/7ms GET /login/sendcode] nodejs.TypeError: this.ctx.service.sendVerificationCode is not a function
    at CustomerController.sendcode (D:\vscode\sequelize-ts\app\controller\login.ts:61:37)
    at Object.callFn (D:\vscode\sequelize-ts\node_modules\egg-core\lib\utils\index.js:44:21)
    at Object.classControllerMiddleware (D:\vscode\sequelize-ts\node_modules\egg-core\lib\loader\mixin\controller.js:87:20)
    at Object.callFn (D:\vscode\sequelize-ts\node_modules\@eggjs\router\lib\utils.js:12:21)
    at wrappedController (D:\vscode\sequelize-ts\node_modules\@eggjs\router\lib\egg_router.js:322:18)
    at dispatch (D:\vscode\sequelize-ts\node_modules\@eggjs\router\node_modules\koa-compose\index.js:44:32)
    at next (D:\vscode\sequelize-ts\node_modules\@eggjs\router\node_modules\koa-compose\index.js:45:18)
    at D:\vscode\sequelize-ts\node_modules\@eggjs\router\lib\router.js:190:18
    at dispatch (D:\vscode\sequelize-ts\node_modules\@eggjs\router\node_modules\koa-compose\index.js:44:32)
    at D:\vscode\sequelize-ts\node_modules\@eggjs\router\node_modules\koa-compose\index.js:36:12
    at dispatch (D:\vscode\sequelize-ts\node_modules\@eggjs\router\lib\router.js:195:33)
    at dispatch (D:\vscode\sequelize-ts\node_modules\koa-compose\index.js:42:32)
    at D:\vscode\sequelize-ts\app\middleware\authorization.ts:8:13
    at dispatch (D:\vscode\sequelize-ts\node_modules\koa-compose\index.js:42:32)
    at D:\vscode\sequelize-ts\node_modules\egg-development\app\middleware\egg_loader_trace.js:9:56
    at dispatch (D:\vscode\sequelize-ts\node_modules\koa-compose\index.js:42:32)
    at i18n (D:\vscode\sequelize-ts\node_modules\egg-i18n\app\middleware\i18n.js:13:12)
    at dispatch (D:\vscode\sequelize-ts\node_modules\koa-compose\index.js:42:32)
    at dispatch (D:\vscode\sequelize-ts\node_modules\koa-compose\index.js:42:32)
    at dta (D:\vscode\sequelize-ts\node_modules\egg-security\lib\middlewares\dta.js:12:12)
    at dispatch (D:\vscode\sequelize-ts\node_modules\koa-compose\index.js:42:32)
    at xframe (D:\vscode\sequelize-ts\node_modules\egg-security\lib\middlewares\xframe.js:7:11)

pid: 11964
hostname: DESKTOP-QJUC35N

2019-07-10 00:08:22,868 ERROR 28632 [-/127.0.0.1/-/8ms GET /login/sendcode] nodejs.TypeError: this.ctx.service.sendVerificationCode is not a function
    at CustomerController.sendcode (D:\vscode\sequelize-ts\app\controller\login.ts:61:37)
    at Object.callFn (D:\vscode\sequelize-ts\node_modules\egg-core\lib\utils\index.js:44:21)
    at Object.classControllerMiddleware (D:\vscode\sequelize-ts\node_modules\egg-core\lib\loader\mixin\controller.js:87:20)
    at Object.callFn (D:\vscode\sequelize-ts\node_modules\@eggjs\router\lib\utils.js:12:21)
    at wrappedController (D:\vscode\sequelize-ts\node_modules\@eggjs\router\lib\egg_router.js:322:18)
    at dispatch (D:\vscode\sequelize-ts\node_modules\@eggjs\router\node_modules\koa-compose\index.js:44:32)
    at next (D:\vscode\sequelize-ts\node_modules\@eggjs\router\node_modules\koa-compose\index.js:45:18)
    at D:\vscode\sequelize-ts\node_modules\@eggjs\router\lib\router.js:190:18
    at dispatch (D:\vscode\sequelize-ts\node_modules\@eggjs\router\node_modules\koa-compose\index.js:44:32)
    at D:\vscode\sequelize-ts\node_modules\@eggjs\router\node_modules\koa-compose\index.js:36:12
    at dispatch (D:\vscode\sequelize-ts\node_modules\@eggjs\router\lib\router.js:195:33)
    at dispatch (D:\vscode\sequelize-ts\node_modules\koa-compose\index.js:42:32)
    at D:\vscode\sequelize-ts\app\middleware\authorization.ts:8:13
    at dispatch (D:\vscode\sequelize-ts\node_modules\koa-compose\index.js:42:32)
    at D:\vscode\sequelize-ts\node_modules\egg-development\app\middleware\egg_loader_trace.js:9:56
    at dispatch (D:\vscode\sequelize-ts\node_modules\koa-compose\index.js:42:32)
    at i18n (D:\vscode\sequelize-ts\node_modules\egg-i18n\app\middleware\i18n.js:13:12)
    at dispatch (D:\vscode\sequelize-ts\node_modules\koa-compose\index.js:42:32)
    at dispatch (D:\vscode\sequelize-ts\node_modules\koa-compose\index.js:42:32)
    at dta (D:\vscode\sequelize-ts\node_modules\egg-security\lib\middlewares\dta.js:12:12)
    at dispatch (D:\vscode\sequelize-ts\node_modules\koa-compose\index.js:42:32)
    at xframe (D:\vscode\sequelize-ts\node_modules\egg-security\lib\middlewares\xframe.js:7:11)

pid: 28632
hostname: DESKTOP-QJUC35N

2019-07-10 00:29:25,767 ERROR 18148 [-/127.0.0.1/-/11ms GET /login/sendcode] nodejs.TypeError: Cannot destructure property `accessKeyId` of 'undefined' or 'null'.
    at CustomerService.sendVerificationCode (D:\vscode\sequelize-ts\app\service\customer.ts:125:84)
    at CustomerController.sendcode (D:\vscode\sequelize-ts\app\controller\login.ts:61:56)
    at Object.callFn (D:\vscode\sequelize-ts\node_modules\egg-core\lib\utils\index.js:44:21)
    at Object.classControllerMiddleware (D:\vscode\sequelize-ts\node_modules\egg-core\lib\loader\mixin\controller.js:87:20)
    at Object.callFn (D:\vscode\sequelize-ts\node_modules\@eggjs\router\lib\utils.js:12:21)
    at wrappedController (D:\vscode\sequelize-ts\node_modules\@eggjs\router\lib\egg_router.js:322:18)
    at dispatch (D:\vscode\sequelize-ts\node_modules\@eggjs\router\node_modules\koa-compose\index.js:44:32)
    at next (D:\vscode\sequelize-ts\node_modules\@eggjs\router\node_modules\koa-compose\index.js:45:18)
    at D:\vscode\sequelize-ts\node_modules\@eggjs\router\lib\router.js:190:18
    at dispatch (D:\vscode\sequelize-ts\node_modules\@eggjs\router\node_modules\koa-compose\index.js:44:32)
    at D:\vscode\sequelize-ts\node_modules\@eggjs\router\node_modules\koa-compose\index.js:36:12
    at dispatch (D:\vscode\sequelize-ts\node_modules\@eggjs\router\lib\router.js:195:33)
    at dispatch (D:\vscode\sequelize-ts\node_modules\koa-compose\index.js:42:32)
    at D:\vscode\sequelize-ts\app\middleware\authorization.ts:8:13
    at dispatch (D:\vscode\sequelize-ts\node_modules\koa-compose\index.js:42:32)
    at D:\vscode\sequelize-ts\node_modules\egg-development\app\middleware\egg_loader_trace.js:9:56
    at dispatch (D:\vscode\sequelize-ts\node_modules\koa-compose\index.js:42:32)
    at i18n (D:\vscode\sequelize-ts\node_modules\egg-i18n\app\middleware\i18n.js:13:12)
    at dispatch (D:\vscode\sequelize-ts\node_modules\koa-compose\index.js:42:32)
    at dispatch (D:\vscode\sequelize-ts\node_modules\koa-compose\index.js:42:32)
    at dta (D:\vscode\sequelize-ts\node_modules\egg-security\lib\middlewares\dta.js:12:12)
    at dispatch (D:\vscode\sequelize-ts\node_modules\koa-compose\index.js:42:32)

pid: 18148
hostname: DESKTOP-QJUC35N

2019-07-10 00:30:12,135 ERROR 13104 [-/127.0.0.1/-/10ms GET /login/sendcode] nodejs.TypeError: Cannot destructure property `accessKeyId` of 'undefined' or 'null'.
    at CustomerService.sendVerificationCode (D:\vscode\sequelize-ts\app\service\customer.ts:125:84)
    at CustomerController.sendcode (D:\vscode\sequelize-ts\app\controller\login.ts:61:56)
    at Object.callFn (D:\vscode\sequelize-ts\node_modules\egg-core\lib\utils\index.js:44:21)
    at Object.classControllerMiddleware (D:\vscode\sequelize-ts\node_modules\egg-core\lib\loader\mixin\controller.js:87:20)
    at Object.callFn (D:\vscode\sequelize-ts\node_modules\@eggjs\router\lib\utils.js:12:21)
    at wrappedController (D:\vscode\sequelize-ts\node_modules\@eggjs\router\lib\egg_router.js:322:18)
    at dispatch (D:\vscode\sequelize-ts\node_modules\@eggjs\router\node_modules\koa-compose\index.js:44:32)
    at next (D:\vscode\sequelize-ts\node_modules\@eggjs\router\node_modules\koa-compose\index.js:45:18)
    at D:\vscode\sequelize-ts\node_modules\@eggjs\router\lib\router.js:190:18
    at dispatch (D:\vscode\sequelize-ts\node_modules\@eggjs\router\node_modules\koa-compose\index.js:44:32)
    at D:\vscode\sequelize-ts\node_modules\@eggjs\router\node_modules\koa-compose\index.js:36:12
    at dispatch (D:\vscode\sequelize-ts\node_modules\@eggjs\router\lib\router.js:195:33)
    at dispatch (D:\vscode\sequelize-ts\node_modules\koa-compose\index.js:42:32)
    at D:\vscode\sequelize-ts\app\middleware\authorization.ts:8:13
    at dispatch (D:\vscode\sequelize-ts\node_modules\koa-compose\index.js:42:32)
    at D:\vscode\sequelize-ts\node_modules\egg-development\app\middleware\egg_loader_trace.js:9:56
    at dispatch (D:\vscode\sequelize-ts\node_modules\koa-compose\index.js:42:32)
    at i18n (D:\vscode\sequelize-ts\node_modules\egg-i18n\app\middleware\i18n.js:13:12)
    at dispatch (D:\vscode\sequelize-ts\node_modules\koa-compose\index.js:42:32)
    at dispatch (D:\vscode\sequelize-ts\node_modules\koa-compose\index.js:42:32)
    at dta (D:\vscode\sequelize-ts\node_modules\egg-security\lib\middlewares\dta.js:12:12)
    at dispatch (D:\vscode\sequelize-ts\node_modules\koa-compose\index.js:42:32)

pid: 13104
hostname: DESKTOP-QJUC35N

2019-07-10 00:30:44,332 ERROR 17560 [-/127.0.0.1/-/13ms GET /login/sendcode] nodejs.TypeError: Cannot destructure property `accessKeyId` of 'undefined' or 'null'.
    at CustomerService.sendVerificationCode (D:\vscode\sequelize-ts\app\service\customer.ts:126:84)
    at CustomerController.sendcode (D:\vscode\sequelize-ts\app\controller\login.ts:61:56)
    at Object.callFn (D:\vscode\sequelize-ts\node_modules\egg-core\lib\utils\index.js:44:21)
    at Object.classControllerMiddleware (D:\vscode\sequelize-ts\node_modules\egg-core\lib\loader\mixin\controller.js:87:20)
    at Object.callFn (D:\vscode\sequelize-ts\node_modules\@eggjs\router\lib\utils.js:12:21)
    at wrappedController (D:\vscode\sequelize-ts\node_modules\@eggjs\router\lib\egg_router.js:322:18)
    at dispatch (D:\vscode\sequelize-ts\node_modules\@eggjs\router\node_modules\koa-compose\index.js:44:32)
    at next (D:\vscode\sequelize-ts\node_modules\@eggjs\router\node_modules\koa-compose\index.js:45:18)
    at D:\vscode\sequelize-ts\node_modules\@eggjs\router\lib\router.js:190:18
    at dispatch (D:\vscode\sequelize-ts\node_modules\@eggjs\router\node_modules\koa-compose\index.js:44:32)
    at D:\vscode\sequelize-ts\node_modules\@eggjs\router\node_modules\koa-compose\index.js:36:12
    at dispatch (D:\vscode\sequelize-ts\node_modules\@eggjs\router\lib\router.js:195:33)
    at dispatch (D:\vscode\sequelize-ts\node_modules\koa-compose\index.js:42:32)
    at D:\vscode\sequelize-ts\app\middleware\authorization.ts:8:13
    at dispatch (D:\vscode\sequelize-ts\node_modules\koa-compose\index.js:42:32)
    at D:\vscode\sequelize-ts\node_modules\egg-development\app\middleware\egg_loader_trace.js:9:56
    at dispatch (D:\vscode\sequelize-ts\node_modules\koa-compose\index.js:42:32)
    at i18n (D:\vscode\sequelize-ts\node_modules\egg-i18n\app\middleware\i18n.js:13:12)
    at dispatch (D:\vscode\sequelize-ts\node_modules\koa-compose\index.js:42:32)
    at dispatch (D:\vscode\sequelize-ts\node_modules\koa-compose\index.js:42:32)
    at dta (D:\vscode\sequelize-ts\node_modules\egg-security\lib\middlewares\dta.js:12:12)
    at dispatch (D:\vscode\sequelize-ts\node_modules\koa-compose\index.js:42:32)

pid: 17560
hostname: DESKTOP-QJUC35N

2019-07-10 00:31:49,155 ERROR 8808 [-/127.0.0.1/-/11ms GET /login/sendcode] nodejs.AssertionError [ERR_ASSERTION]: must pass "config.endpoint"
    at new RPCClient (D:\vscode\sequelize-ts\node_modules\@alicloud\pop-core\lib\rpc.js:102:5)
    at CustomerService.sendVerificationCode (D:\vscode\sequelize-ts\app\service\customer.ts:136:18)
    at CustomerController.sendcode (D:\vscode\sequelize-ts\app\controller\login.ts:61:56)
    at Object.callFn (D:\vscode\sequelize-ts\node_modules\egg-core\lib\utils\index.js:44:21)
    at Object.classControllerMiddleware (D:\vscode\sequelize-ts\node_modules\egg-core\lib\loader\mixin\controller.js:87:20)
    at Object.callFn (D:\vscode\sequelize-ts\node_modules\@eggjs\router\lib\utils.js:12:21)
    at wrappedController (D:\vscode\sequelize-ts\node_modules\@eggjs\router\lib\egg_router.js:322:18)
    at dispatch (D:\vscode\sequelize-ts\node_modules\@eggjs\router\node_modules\koa-compose\index.js:44:32)
    at next (D:\vscode\sequelize-ts\node_modules\@eggjs\router\node_modules\koa-compose\index.js:45:18)
    at D:\vscode\sequelize-ts\node_modules\@eggjs\router\lib\router.js:190:18
    at dispatch (D:\vscode\sequelize-ts\node_modules\@eggjs\router\node_modules\koa-compose\index.js:44:32)
    at D:\vscode\sequelize-ts\node_modules\@eggjs\router\node_modules\koa-compose\index.js:36:12
    at dispatch (D:\vscode\sequelize-ts\node_modules\@eggjs\router\lib\router.js:195:33)
    at dispatch (D:\vscode\sequelize-ts\node_modules\koa-compose\index.js:42:32)
    at D:\vscode\sequelize-ts\app\middleware\authorization.ts:8:13
    at dispatch (D:\vscode\sequelize-ts\node_modules\koa-compose\index.js:42:32)
    at D:\vscode\sequelize-ts\node_modules\egg-development\app\middleware\egg_loader_trace.js:9:56
    at dispatch (D:\vscode\sequelize-ts\node_modules\koa-compose\index.js:42:32)
    at i18n (D:\vscode\sequelize-ts\node_modules\egg-i18n\app\middleware\i18n.js:13:12)
    at dispatch (D:\vscode\sequelize-ts\node_modules\koa-compose\index.js:42:32)
    at dispatch (D:\vscode\sequelize-ts\node_modules\koa-compose\index.js:42:32)
    at dta (D:\vscode\sequelize-ts\node_modules\egg-security\lib\middlewares\dta.js:12:12)
generatedMessage: false
name: "AssertionError [ERR_ASSERTION]"
code: "ERR_ASSERTION"
actual: undefined
expected: true
operator: "=="
pid: 8808
hostname: DESKTOP-QJUC35N

2019-07-10 01:37:32,871 ERROR 11788 [-/127.0.0.1/-/10ms POST /login/register] nodejs.TypeError: Cannot read property 'v1' of undefined
    at CustomerService.register (D:\vscode\sequelize-ts\app\service\customer.ts:18:37)
    at CustomerController.register (D:\vscode\sequelize-ts\app\controller\login.ts:14:55)
    at Object.callFn (D:\vscode\sequelize-ts\node_modules\egg-core\lib\utils\index.js:44:21)
    at Object.classControllerMiddleware (D:\vscode\sequelize-ts\node_modules\egg-core\lib\loader\mixin\controller.js:87:20)
    at Object.callFn (D:\vscode\sequelize-ts\node_modules\@eggjs\router\lib\utils.js:12:21)
    at wrappedController (D:\vscode\sequelize-ts\node_modules\@eggjs\router\lib\egg_router.js:322:18)
    at dispatch (D:\vscode\sequelize-ts\node_modules\@eggjs\router\node_modules\koa-compose\index.js:44:32)
    at next (D:\vscode\sequelize-ts\node_modules\@eggjs\router\node_modules\koa-compose\index.js:45:18)
    at D:\vscode\sequelize-ts\node_modules\@eggjs\router\lib\router.js:190:18
    at dispatch (D:\vscode\sequelize-ts\node_modules\@eggjs\router\node_modules\koa-compose\index.js:44:32)
    at D:\vscode\sequelize-ts\node_modules\@eggjs\router\node_modules\koa-compose\index.js:36:12
    at dispatch (D:\vscode\sequelize-ts\node_modules\@eggjs\router\lib\router.js:195:33)
    at dispatch (D:\vscode\sequelize-ts\node_modules\koa-compose\index.js:42:32)
    at D:\vscode\sequelize-ts\app\middleware\authorization.ts:9:13
    at dispatch (D:\vscode\sequelize-ts\node_modules\koa-compose\index.js:42:32)
    at D:\vscode\sequelize-ts\node_modules\egg-development\app\middleware\egg_loader_trace.js:9:56
    at dispatch (D:\vscode\sequelize-ts\node_modules\koa-compose\index.js:42:32)
    at i18n (D:\vscode\sequelize-ts\node_modules\egg-i18n\app\middleware\i18n.js:13:12)
    at dispatch (D:\vscode\sequelize-ts\node_modules\koa-compose\index.js:42:32)
    at dispatch (D:\vscode\sequelize-ts\node_modules\koa-compose\index.js:42:32)
    at dta (D:\vscode\sequelize-ts\node_modules\egg-security\lib\middlewares\dta.js:12:12)
    at dispatch (D:\vscode\sequelize-ts\node_modules\koa-compose\index.js:42:32)

pid: 11788
hostname: DESKTOP-QJUC35N

2019-07-10 09:59:25,232 ERROR 12680 [-/127.0.0.1/-/45ms GET /customer/6bcb4030a27011e9b3220be2624aaa3b] nodejs.Error: WHERE parameter "customer_id" has invalid "undefined" value
    at MySQLQueryGenerator.whereItemQuery (D:\vscode\sequelize-ts\node_modules\sequelize\lib\dialects\abstract\query-generator.js:2063:13)
    at Utils.getComplexKeys.forEach.prop (D:\vscode\sequelize-ts\node_modules\sequelize\lib\dialects\abstract\query-generator.js:2052:25)
    at Array.forEach (<anonymous>)
    at MySQLQueryGenerator.whereItemsQuery (D:\vscode\sequelize-ts\node_modules\sequelize\lib\dialects\abstract\query-generator.js:2050:35)
    at MySQLQueryGenerator.getWhereConditions (D:\vscode\sequelize-ts\node_modules\sequelize\lib\dialects\abstract\query-generator.js:2462:19)
    at MySQLQueryGenerator.selectQuery (D:\vscode\sequelize-ts\node_modules\sequelize\lib\dialects\abstract\query-generator.js:1283:28)
    at QueryInterface.select (D:\vscode\sequelize-ts\node_modules\sequelize\lib\query-interface.js:1121:27)
    at Promise.try.then.then.then (D:\vscode\sequelize-ts\node_modules\sequelize\lib\model.js:1755:34)
    at runCallback (timers.js:705:18)
    at tryOnImmediate (timers.js:676:5)
    at processImmediate (timers.js:658:5)
From previous event:
    at Function.findAll (D:\vscode\sequelize-ts\node_modules\sequelize\lib\model.js:1752:8)
    at Function.findOne (D:\vscode\sequelize-ts\node_modules\sequelize\lib\model.js:1922:17)
    at CustomerService.findByCustomerId (D:\vscode\sequelize-ts\app\service\customer.ts:167:47)
    at CustomerController.show (D:\vscode\sequelize-ts\app\controller\customer.ts:21:53)
    at Object.callFn (D:\vscode\sequelize-ts\node_modules\egg-core\lib\utils\index.js:44:21)
    at Object.classControllerMiddleware (D:\vscode\sequelize-ts\node_modules\egg-core\lib\loader\mixin\controller.js:87:20)
    at Object.callFn (D:\vscode\sequelize-ts\node_modules\@eggjs\router\lib\utils.js:12:21)
    at wrappedController (D:\vscode\sequelize-ts\node_modules\@eggjs\router\lib\egg_router.js:322:18)
    at dispatch (D:\vscode\sequelize-ts\node_modules\@eggjs\router\node_modules\koa-compose\index.js:44:32)
    at next (D:\vscode\sequelize-ts\node_modules\@eggjs\router\node_modules\koa-compose\index.js:45:18)
    at D:\vscode\sequelize-ts\node_modules\@eggjs\router\lib\router.js:190:18
    at dispatch (D:\vscode\sequelize-ts\node_modules\@eggjs\router\node_modules\koa-compose\index.js:44:32)
    at D:\vscode\sequelize-ts\node_modules\@eggjs\router\node_modules\koa-compose\index.js:36:12
    at dispatch (D:\vscode\sequelize-ts\node_modules\@eggjs\router\lib\router.js:195:33)
    at dispatch (D:\vscode\sequelize-ts\node_modules\koa-compose\index.js:42:32)
    at D:\vscode\sequelize-ts\app\middleware\authorization.ts:21:13
    at process._tickCallback (internal/process/next_tick.js:68:7)

pid: 12680
hostname: DESKTOP-QJUC35N

2019-07-10 10:00:01,864 ERROR 12680 [-/127.0.0.1/-/6ms GET /customer/6bcb4030a27011e9b3220be2624aaa3b] nodejs.Error: WHERE parameter "customer_id" has invalid "undefined" value
    at MySQLQueryGenerator.whereItemQuery (D:\vscode\sequelize-ts\node_modules\sequelize\lib\dialects\abstract\query-generator.js:2063:13)
    at Utils.getComplexKeys.forEach.prop (D:\vscode\sequelize-ts\node_modules\sequelize\lib\dialects\abstract\query-generator.js:2052:25)
    at Array.forEach (<anonymous>)
    at MySQLQueryGenerator.whereItemsQuery (D:\vscode\sequelize-ts\node_modules\sequelize\lib\dialects\abstract\query-generator.js:2050:35)
    at MySQLQueryGenerator.getWhereConditions (D:\vscode\sequelize-ts\node_modules\sequelize\lib\dialects\abstract\query-generator.js:2462:19)
    at MySQLQueryGenerator.selectQuery (D:\vscode\sequelize-ts\node_modules\sequelize\lib\dialects\abstract\query-generator.js:1283:28)
    at QueryInterface.select (D:\vscode\sequelize-ts\node_modules\sequelize\lib\query-interface.js:1121:27)
    at Promise.try.then.then.then (D:\vscode\sequelize-ts\node_modules\sequelize\lib\model.js:1755:34)
    at runCallback (timers.js:705:18)
    at tryOnImmediate (timers.js:676:5)
    at processImmediate (timers.js:658:5)
From previous event:
    at Function.findAll (D:\vscode\sequelize-ts\node_modules\sequelize\lib\model.js:1752:8)
    at Function.findOne (D:\vscode\sequelize-ts\node_modules\sequelize\lib\model.js:1922:17)
    at CustomerService.findByCustomerId (D:\vscode\sequelize-ts\app\service\customer.ts:167:47)
    at CustomerController.show (D:\vscode\sequelize-ts\app\controller\customer.ts:21:53)
    at Object.callFn (D:\vscode\sequelize-ts\node_modules\egg-core\lib\utils\index.js:44:21)
    at Object.classControllerMiddleware (D:\vscode\sequelize-ts\node_modules\egg-core\lib\loader\mixin\controller.js:87:20)
    at Object.callFn (D:\vscode\sequelize-ts\node_modules\@eggjs\router\lib\utils.js:12:21)
    at wrappedController (D:\vscode\sequelize-ts\node_modules\@eggjs\router\lib\egg_router.js:322:18)
    at dispatch (D:\vscode\sequelize-ts\node_modules\@eggjs\router\node_modules\koa-compose\index.js:44:32)
    at next (D:\vscode\sequelize-ts\node_modules\@eggjs\router\node_modules\koa-compose\index.js:45:18)
    at D:\vscode\sequelize-ts\node_modules\@eggjs\router\lib\router.js:190:18
    at dispatch (D:\vscode\sequelize-ts\node_modules\@eggjs\router\node_modules\koa-compose\index.js:44:32)
    at D:\vscode\sequelize-ts\node_modules\@eggjs\router\node_modules\koa-compose\index.js:36:12
    at dispatch (D:\vscode\sequelize-ts\node_modules\@eggjs\router\lib\router.js:195:33)
    at dispatch (D:\vscode\sequelize-ts\node_modules\koa-compose\index.js:42:32)
    at D:\vscode\sequelize-ts\app\middleware\authorization.ts:21:13
    at process._tickCallback (internal/process/next_tick.js:68:7)

pid: 12680
hostname: DESKTOP-QJUC35N

2019-07-10 10:00:07,276 ERROR 20520 [-/127.0.0.1/-/37ms GET /customer/6bcb4030a27011e9b3220be2624aaa3b] nodejs.Error: WHERE parameter "customer_id" has invalid "undefined" value
    at MySQLQueryGenerator.whereItemQuery (D:\vscode\sequelize-ts\node_modules\sequelize\lib\dialects\abstract\query-generator.js:2063:13)
    at Utils.getComplexKeys.forEach.prop (D:\vscode\sequelize-ts\node_modules\sequelize\lib\dialects\abstract\query-generator.js:2052:25)
    at Array.forEach (<anonymous>)
    at MySQLQueryGenerator.whereItemsQuery (D:\vscode\sequelize-ts\node_modules\sequelize\lib\dialects\abstract\query-generator.js:2050:35)
    at MySQLQueryGenerator.getWhereConditions (D:\vscode\sequelize-ts\node_modules\sequelize\lib\dialects\abstract\query-generator.js:2462:19)
    at MySQLQueryGenerator.selectQuery (D:\vscode\sequelize-ts\node_modules\sequelize\lib\dialects\abstract\query-generator.js:1283:28)
    at QueryInterface.select (D:\vscode\sequelize-ts\node_modules\sequelize\lib\query-interface.js:1121:27)
    at Promise.try.then.then.then (D:\vscode\sequelize-ts\node_modules\sequelize\lib\model.js:1755:34)
    at runCallback (timers.js:705:18)
    at tryOnImmediate (timers.js:676:5)
    at processImmediate (timers.js:658:5)
From previous event:
    at Function.findAll (D:\vscode\sequelize-ts\node_modules\sequelize\lib\model.js:1752:8)
    at Function.findOne (D:\vscode\sequelize-ts\node_modules\sequelize\lib\model.js:1922:17)
    at CustomerService.findByCustomerId (D:\vscode\sequelize-ts\app\service\customer.ts:167:47)
    at CustomerController.show (D:\vscode\sequelize-ts\app\controller\customer.ts:21:53)
    at Object.callFn (D:\vscode\sequelize-ts\node_modules\egg-core\lib\utils\index.js:44:21)
    at Object.classControllerMiddleware (D:\vscode\sequelize-ts\node_modules\egg-core\lib\loader\mixin\controller.js:87:20)
    at Object.callFn (D:\vscode\sequelize-ts\node_modules\@eggjs\router\lib\utils.js:12:21)
    at wrappedController (D:\vscode\sequelize-ts\node_modules\@eggjs\router\lib\egg_router.js:322:18)
    at dispatch (D:\vscode\sequelize-ts\node_modules\@eggjs\router\node_modules\koa-compose\index.js:44:32)
    at next (D:\vscode\sequelize-ts\node_modules\@eggjs\router\node_modules\koa-compose\index.js:45:18)
    at D:\vscode\sequelize-ts\node_modules\@eggjs\router\lib\router.js:190:18
    at dispatch (D:\vscode\sequelize-ts\node_modules\@eggjs\router\node_modules\koa-compose\index.js:44:32)
    at D:\vscode\sequelize-ts\node_modules\@eggjs\router\node_modules\koa-compose\index.js:36:12
    at dispatch (D:\vscode\sequelize-ts\node_modules\@eggjs\router\lib\router.js:195:33)
    at dispatch (D:\vscode\sequelize-ts\node_modules\koa-compose\index.js:42:32)
    at D:\vscode\sequelize-ts\app\middleware\authorization.ts:21:13
    at dispatch (D:\vscode\sequelize-ts\node_modules\koa-compose\index.js:42:32)
    at D:\vscode\sequelize-ts\node_modules\egg-development\app\middleware\egg_loader_trace.js:9:56
    at dispatch (D:\vscode\sequelize-ts\node_modules\koa-compose\index.js:42:32)
    at i18n (D:\vscode\sequelize-ts\node_modules\egg-i18n\app\middleware\i18n.js:13:12)
    at dispatch (D:\vscode\sequelize-ts\node_modules\koa-compose\index.js:42:32)
    at dispatch (D:\vscode\sequelize-ts\node_modules\koa-compose\index.js:42:32)
    at dta (D:\vscode\sequelize-ts\node_modules\egg-security\lib\middlewares\dta.js:12:12)
    at dispatch (D:\vscode\sequelize-ts\node_modules\koa-compose\index.js:42:32)
    at xframe (D:\vscode\sequelize-ts\node_modules\egg-security\lib\middlewares\xframe.js:7:11)

pid: 20520
hostname: DESKTOP-QJUC35N

2019-07-10 10:01:10,918 ERROR 9032 [-/127.0.0.1/-/31ms GET /customer/6bcb4030a27011e9b3220be2624aaa3b] nodejs.Error: WHERE parameter "customer_id" has invalid "undefined" value
    at MySQLQueryGenerator.whereItemQuery (D:\vscode\sequelize-ts\node_modules\sequelize\lib\dialects\abstract\query-generator.js:2063:13)
    at Utils.getComplexKeys.forEach.prop (D:\vscode\sequelize-ts\node_modules\sequelize\lib\dialects\abstract\query-generator.js:2052:25)
    at Array.forEach (<anonymous>)
    at MySQLQueryGenerator.whereItemsQuery (D:\vscode\sequelize-ts\node_modules\sequelize\lib\dialects\abstract\query-generator.js:2050:35)
    at MySQLQueryGenerator.getWhereConditions (D:\vscode\sequelize-ts\node_modules\sequelize\lib\dialects\abstract\query-generator.js:2462:19)
    at MySQLQueryGenerator.selectQuery (D:\vscode\sequelize-ts\node_modules\sequelize\lib\dialects\abstract\query-generator.js:1283:28)
    at QueryInterface.select (D:\vscode\sequelize-ts\node_modules\sequelize\lib\query-interface.js:1121:27)
    at Promise.try.then.then.then (D:\vscode\sequelize-ts\node_modules\sequelize\lib\model.js:1755:34)
    at runCallback (timers.js:705:18)
    at tryOnImmediate (timers.js:676:5)
    at processImmediate (timers.js:658:5)
From previous event:
    at Function.findAll (D:\vscode\sequelize-ts\node_modules\sequelize\lib\model.js:1752:8)
    at Function.findOne (D:\vscode\sequelize-ts\node_modules\sequelize\lib\model.js:1922:17)
    at CustomerService.findByCustomerId (D:\vscode\sequelize-ts\app\service\customer.ts:167:47)
    at CustomerController.show (D:\vscode\sequelize-ts\app\controller\customer.ts:22:53)
    at Object.callFn (D:\vscode\sequelize-ts\node_modules\egg-core\lib\utils\index.js:44:21)
    at Object.classControllerMiddleware (D:\vscode\sequelize-ts\node_modules\egg-core\lib\loader\mixin\controller.js:87:20)
    at Object.callFn (D:\vscode\sequelize-ts\node_modules\@eggjs\router\lib\utils.js:12:21)
    at wrappedController (D:\vscode\sequelize-ts\node_modules\@eggjs\router\lib\egg_router.js:322:18)
    at dispatch (D:\vscode\sequelize-ts\node_modules\@eggjs\router\node_modules\koa-compose\index.js:44:32)
    at next (D:\vscode\sequelize-ts\node_modules\@eggjs\router\node_modules\koa-compose\index.js:45:18)
    at D:\vscode\sequelize-ts\node_modules\@eggjs\router\lib\router.js:190:18
    at dispatch (D:\vscode\sequelize-ts\node_modules\@eggjs\router\node_modules\koa-compose\index.js:44:32)
    at D:\vscode\sequelize-ts\node_modules\@eggjs\router\node_modules\koa-compose\index.js:36:12
    at dispatch (D:\vscode\sequelize-ts\node_modules\@eggjs\router\lib\router.js:195:33)
    at dispatch (D:\vscode\sequelize-ts\node_modules\koa-compose\index.js:42:32)
    at D:\vscode\sequelize-ts\app\middleware\authorization.ts:21:13
    at dispatch (D:\vscode\sequelize-ts\node_modules\koa-compose\index.js:42:32)
    at D:\vscode\sequelize-ts\node_modules\egg-development\app\middleware\egg_loader_trace.js:9:56
    at dispatch (D:\vscode\sequelize-ts\node_modules\koa-compose\index.js:42:32)
    at i18n (D:\vscode\sequelize-ts\node_modules\egg-i18n\app\middleware\i18n.js:13:12)
    at dispatch (D:\vscode\sequelize-ts\node_modules\koa-compose\index.js:42:32)
    at dispatch (D:\vscode\sequelize-ts\node_modules\koa-compose\index.js:42:32)
    at dta (D:\vscode\sequelize-ts\node_modules\egg-security\lib\middlewares\dta.js:12:12)
    at dispatch (D:\vscode\sequelize-ts\node_modules\koa-compose\index.js:42:32)
    at xframe (D:\vscode\sequelize-ts\node_modules\egg-security\lib\middlewares\xframe.js:7:11)

pid: 9032
hostname: DESKTOP-QJUC35N

2019-07-10 10:01:50,191 ERROR 9032 [-/127.0.0.1/-/8ms GET /customer/6bcb4030a27011e9b3220be2624aaa3b] nodejs.Error: WHERE parameter "customer_id" has invalid "undefined" value
    at MySQLQueryGenerator.whereItemQuery (D:\vscode\sequelize-ts\node_modules\sequelize\lib\dialects\abstract\query-generator.js:2063:13)
    at Utils.getComplexKeys.forEach.prop (D:\vscode\sequelize-ts\node_modules\sequelize\lib\dialects\abstract\query-generator.js:2052:25)
    at Array.forEach (<anonymous>)
    at MySQLQueryGenerator.whereItemsQuery (D:\vscode\sequelize-ts\node_modules\sequelize\lib\dialects\abstract\query-generator.js:2050:35)
    at MySQLQueryGenerator.getWhereConditions (D:\vscode\sequelize-ts\node_modules\sequelize\lib\dialects\abstract\query-generator.js:2462:19)
    at MySQLQueryGenerator.selectQuery (D:\vscode\sequelize-ts\node_modules\sequelize\lib\dialects\abstract\query-generator.js:1283:28)
    at QueryInterface.select (D:\vscode\sequelize-ts\node_modules\sequelize\lib\query-interface.js:1121:27)
    at Promise.try.then.then.then (D:\vscode\sequelize-ts\node_modules\sequelize\lib\model.js:1755:34)
    at runCallback (timers.js:705:18)
    at tryOnImmediate (timers.js:676:5)
    at processImmediate (timers.js:658:5)
From previous event:
    at Function.findAll (D:\vscode\sequelize-ts\node_modules\sequelize\lib\model.js:1752:8)
    at Function.findOne (D:\vscode\sequelize-ts\node_modules\sequelize\lib\model.js:1922:17)
    at CustomerService.findByCustomerId (D:\vscode\sequelize-ts\app\service\customer.ts:167:47)
    at CustomerController.show (D:\vscode\sequelize-ts\app\controller\customer.ts:22:53)
    at Object.callFn (D:\vscode\sequelize-ts\node_modules\egg-core\lib\utils\index.js:44:21)
    at Object.classControllerMiddleware (D:\vscode\sequelize-ts\node_modules\egg-core\lib\loader\mixin\controller.js:87:20)
    at Object.callFn (D:\vscode\sequelize-ts\node_modules\@eggjs\router\lib\utils.js:12:21)
    at wrappedController (D:\vscode\sequelize-ts\node_modules\@eggjs\router\lib\egg_router.js:322:18)
    at dispatch (D:\vscode\sequelize-ts\node_modules\@eggjs\router\node_modules\koa-compose\index.js:44:32)
    at next (D:\vscode\sequelize-ts\node_modules\@eggjs\router\node_modules\koa-compose\index.js:45:18)
    at D:\vscode\sequelize-ts\node_modules\@eggjs\router\lib\router.js:190:18
    at dispatch (D:\vscode\sequelize-ts\node_modules\@eggjs\router\node_modules\koa-compose\index.js:44:32)
    at D:\vscode\sequelize-ts\node_modules\@eggjs\router\node_modules\koa-compose\index.js:36:12
    at dispatch (D:\vscode\sequelize-ts\node_modules\@eggjs\router\lib\router.js:195:33)
    at dispatch (D:\vscode\sequelize-ts\node_modules\koa-compose\index.js:42:32)
    at D:\vscode\sequelize-ts\app\middleware\authorization.ts:21:13
    at dispatch (D:\vscode\sequelize-ts\node_modules\koa-compose\index.js:42:32)
    at D:\vscode\sequelize-ts\node_modules\egg-development\app\middleware\egg_loader_trace.js:9:56
    at dispatch (D:\vscode\sequelize-ts\node_modules\koa-compose\index.js:42:32)
    at i18n (D:\vscode\sequelize-ts\node_modules\egg-i18n\app\middleware\i18n.js:13:12)
    at dispatch (D:\vscode\sequelize-ts\node_modules\koa-compose\index.js:42:32)
    at dispatch (D:\vscode\sequelize-ts\node_modules\koa-compose\index.js:42:32)
    at dta (D:\vscode\sequelize-ts\node_modules\egg-security\lib\middlewares\dta.js:12:12)
    at dispatch (D:\vscode\sequelize-ts\node_modules\koa-compose\index.js:42:32)
    at xframe (D:\vscode\sequelize-ts\node_modules\egg-security\lib\middlewares\xframe.js:7:11)

pid: 9032
hostname: DESKTOP-QJUC35N

2019-07-10 10:01:56,368 ERROR 24784 [-/127.0.0.1/-/34ms GET /customer/6bcb4030a27011e9b3220be2624aaa3b] nodejs.Error: WHERE parameter "customer_id" has invalid "undefined" value
    at MySQLQueryGenerator.whereItemQuery (D:\vscode\sequelize-ts\node_modules\sequelize\lib\dialects\abstract\query-generator.js:2063:13)
    at Utils.getComplexKeys.forEach.prop (D:\vscode\sequelize-ts\node_modules\sequelize\lib\dialects\abstract\query-generator.js:2052:25)
    at Array.forEach (<anonymous>)
    at MySQLQueryGenerator.whereItemsQuery (D:\vscode\sequelize-ts\node_modules\sequelize\lib\dialects\abstract\query-generator.js:2050:35)
    at MySQLQueryGenerator.getWhereConditions (D:\vscode\sequelize-ts\node_modules\sequelize\lib\dialects\abstract\query-generator.js:2462:19)
    at MySQLQueryGenerator.selectQuery (D:\vscode\sequelize-ts\node_modules\sequelize\lib\dialects\abstract\query-generator.js:1283:28)
    at QueryInterface.select (D:\vscode\sequelize-ts\node_modules\sequelize\lib\query-interface.js:1121:27)
    at Promise.try.then.then.then (D:\vscode\sequelize-ts\node_modules\sequelize\lib\model.js:1755:34)
    at runCallback (timers.js:705:18)
    at tryOnImmediate (timers.js:676:5)
    at processImmediate (timers.js:658:5)
From previous event:
    at Function.findAll (D:\vscode\sequelize-ts\node_modules\sequelize\lib\model.js:1752:8)
    at Function.findOne (D:\vscode\sequelize-ts\node_modules\sequelize\lib\model.js:1922:17)
    at CustomerService.findByCustomerId (D:\vscode\sequelize-ts\app\service\customer.ts:167:47)
    at CustomerController.show (D:\vscode\sequelize-ts\app\controller\customer.ts:23:53)
    at Object.callFn (D:\vscode\sequelize-ts\node_modules\egg-core\lib\utils\index.js:44:21)
    at Object.classControllerMiddleware (D:\vscode\sequelize-ts\node_modules\egg-core\lib\loader\mixin\controller.js:87:20)
    at Object.callFn (D:\vscode\sequelize-ts\node_modules\@eggjs\router\lib\utils.js:12:21)
    at wrappedController (D:\vscode\sequelize-ts\node_modules\@eggjs\router\lib\egg_router.js:322:18)
    at dispatch (D:\vscode\sequelize-ts\node_modules\@eggjs\router\node_modules\koa-compose\index.js:44:32)
    at next (D:\vscode\sequelize-ts\node_modules\@eggjs\router\node_modules\koa-compose\index.js:45:18)
    at D:\vscode\sequelize-ts\node_modules\@eggjs\router\lib\router.js:190:18
    at dispatch (D:\vscode\sequelize-ts\node_modules\@eggjs\router\node_modules\koa-compose\index.js:44:32)
    at D:\vscode\sequelize-ts\node_modules\@eggjs\router\node_modules\koa-compose\index.js:36:12
    at dispatch (D:\vscode\sequelize-ts\node_modules\@eggjs\router\lib\router.js:195:33)
    at dispatch (D:\vscode\sequelize-ts\node_modules\koa-compose\index.js:42:32)
    at D:\vscode\sequelize-ts\app\middleware\authorization.ts:21:13
    at dispatch (D:\vscode\sequelize-ts\node_modules\koa-compose\index.js:42:32)
    at D:\vscode\sequelize-ts\node_modules\egg-development\app\middleware\egg_loader_trace.js:9:56
    at dispatch (D:\vscode\sequelize-ts\node_modules\koa-compose\index.js:42:32)
    at i18n (D:\vscode\sequelize-ts\node_modules\egg-i18n\app\middleware\i18n.js:13:12)
    at dispatch (D:\vscode\sequelize-ts\node_modules\koa-compose\index.js:42:32)
    at dispatch (D:\vscode\sequelize-ts\node_modules\koa-compose\index.js:42:32)
    at dta (D:\vscode\sequelize-ts\node_modules\egg-security\lib\middlewares\dta.js:12:12)
    at dispatch (D:\vscode\sequelize-ts\node_modules\koa-compose\index.js:42:32)
    at xframe (D:\vscode\sequelize-ts\node_modules\egg-security\lib\middlewares\xframe.js:7:11)

pid: 24784
hostname: DESKTOP-QJUC35N

2019-07-10 10:02:48,197 ERROR 24784 [-/127.0.0.1/-/10ms GET /customer/6bcb4030a27011e9b3220be2624aaa3b] nodejs.Error: WHERE parameter "customer_id" has invalid "undefined" value
    at MySQLQueryGenerator.whereItemQuery (D:\vscode\sequelize-ts\node_modules\sequelize\lib\dialects\abstract\query-generator.js:2063:13)
    at Utils.getComplexKeys.forEach.prop (D:\vscode\sequelize-ts\node_modules\sequelize\lib\dialects\abstract\query-generator.js:2052:25)
    at Array.forEach (<anonymous>)
    at MySQLQueryGenerator.whereItemsQuery (D:\vscode\sequelize-ts\node_modules\sequelize\lib\dialects\abstract\query-generator.js:2050:35)
    at MySQLQueryGenerator.getWhereConditions (D:\vscode\sequelize-ts\node_modules\sequelize\lib\dialects\abstract\query-generator.js:2462:19)
    at MySQLQueryGenerator.selectQuery (D:\vscode\sequelize-ts\node_modules\sequelize\lib\dialects\abstract\query-generator.js:1283:28)
    at QueryInterface.select (D:\vscode\sequelize-ts\node_modules\sequelize\lib\query-interface.js:1121:27)
    at Promise.try.then.then.then (D:\vscode\sequelize-ts\node_modules\sequelize\lib\model.js:1755:34)
    at runCallback (timers.js:705:18)
    at tryOnImmediate (timers.js:676:5)
    at processImmediate (timers.js:658:5)
From previous event:
    at Function.findAll (D:\vscode\sequelize-ts\node_modules\sequelize\lib\model.js:1752:8)
    at Function.findOne (D:\vscode\sequelize-ts\node_modules\sequelize\lib\model.js:1922:17)
    at CustomerService.findByCustomerId (D:\vscode\sequelize-ts\app\service\customer.ts:167:47)
    at CustomerController.show (D:\vscode\sequelize-ts\app\controller\customer.ts:23:53)
    at Object.callFn (D:\vscode\sequelize-ts\node_modules\egg-core\lib\utils\index.js:44:21)
    at Object.classControllerMiddleware (D:\vscode\sequelize-ts\node_modules\egg-core\lib\loader\mixin\controller.js:87:20)
    at Object.callFn (D:\vscode\sequelize-ts\node_modules\@eggjs\router\lib\utils.js:12:21)
    at wrappedController (D:\vscode\sequelize-ts\node_modules\@eggjs\router\lib\egg_router.js:322:18)
    at dispatch (D:\vscode\sequelize-ts\node_modules\@eggjs\router\node_modules\koa-compose\index.js:44:32)
    at next (D:\vscode\sequelize-ts\node_modules\@eggjs\router\node_modules\koa-compose\index.js:45:18)
    at D:\vscode\sequelize-ts\node_modules\@eggjs\router\lib\router.js:190:18
    at dispatch (D:\vscode\sequelize-ts\node_modules\@eggjs\router\node_modules\koa-compose\index.js:44:32)
    at D:\vscode\sequelize-ts\node_modules\@eggjs\router\node_modules\koa-compose\index.js:36:12
    at dispatch (D:\vscode\sequelize-ts\node_modules\@eggjs\router\lib\router.js:195:33)
    at dispatch (D:\vscode\sequelize-ts\node_modules\koa-compose\index.js:42:32)
    at D:\vscode\sequelize-ts\app\middleware\authorization.ts:21:13
    at dispatch (D:\vscode\sequelize-ts\node_modules\koa-compose\index.js:42:32)
    at D:\vscode\sequelize-ts\node_modules\egg-development\app\middleware\egg_loader_trace.js:9:56
    at dispatch (D:\vscode\sequelize-ts\node_modules\koa-compose\index.js:42:32)
    at i18n (D:\vscode\sequelize-ts\node_modules\egg-i18n\app\middleware\i18n.js:13:12)
    at dispatch (D:\vscode\sequelize-ts\node_modules\koa-compose\index.js:42:32)
    at dispatch (D:\vscode\sequelize-ts\node_modules\koa-compose\index.js:42:32)
    at dta (D:\vscode\sequelize-ts\node_modules\egg-security\lib\middlewares\dta.js:12:12)
    at dispatch (D:\vscode\sequelize-ts\node_modules\koa-compose\index.js:42:32)
    at xframe (D:\vscode\sequelize-ts\node_modules\egg-security\lib\middlewares\xframe.js:7:11)

pid: 24784
hostname: DESKTOP-QJUC35N

2019-07-10 10:16:34,750 ERROR 1460 [-/127.0.0.1/-/20ms GET /customer] nodejs.TypeError: ctx.helper.parseInt is not a function
    at CustomerController.index (D:\vscode\sequelize-ts\app\controller\customer.ts:10:25)
    at Object.callFn (D:\vscode\sequelize-ts\node_modules\egg-core\lib\utils\index.js:44:21)
    at Object.classControllerMiddleware (D:\vscode\sequelize-ts\node_modules\egg-core\lib\loader\mixin\controller.js:87:20)
    at Object.callFn (D:\vscode\sequelize-ts\node_modules\@eggjs\router\lib\utils.js:12:21)
    at wrappedController (D:\vscode\sequelize-ts\node_modules\@eggjs\router\lib\egg_router.js:322:18)
    at dispatch (D:\vscode\sequelize-ts\node_modules\@eggjs\router\node_modules\koa-compose\index.js:44:32)
    at next (D:\vscode\sequelize-ts\node_modules\@eggjs\router\node_modules\koa-compose\index.js:45:18)
    at D:\vscode\sequelize-ts\node_modules\@eggjs\router\lib\router.js:190:18
    at dispatch (D:\vscode\sequelize-ts\node_modules\@eggjs\router\node_modules\koa-compose\index.js:44:32)
    at D:\vscode\sequelize-ts\node_modules\@eggjs\router\node_modules\koa-compose\index.js:36:12
    at dispatch (D:\vscode\sequelize-ts\node_modules\@eggjs\router\lib\router.js:195:33)
    at dispatch (D:\vscode\sequelize-ts\node_modules\koa-compose\index.js:42:32)
    at D:\vscode\sequelize-ts\app\middleware\authorization.ts:21:13
    at dispatch (D:\vscode\sequelize-ts\node_modules\koa-compose\index.js:42:32)
    at D:\vscode\sequelize-ts\node_modules\egg-development\app\middleware\egg_loader_trace.js:9:56
    at dispatch (D:\vscode\sequelize-ts\node_modules\koa-compose\index.js:42:32)
    at i18n (D:\vscode\sequelize-ts\node_modules\egg-i18n\app\middleware\i18n.js:13:12)
    at dispatch (D:\vscode\sequelize-ts\node_modules\koa-compose\index.js:42:32)
    at dispatch (D:\vscode\sequelize-ts\node_modules\koa-compose\index.js:42:32)
    at dta (D:\vscode\sequelize-ts\node_modules\egg-security\lib\middlewares\dta.js:12:12)
    at dispatch (D:\vscode\sequelize-ts\node_modules\koa-compose\index.js:42:32)
    at xframe (D:\vscode\sequelize-ts\node_modules\egg-security\lib\middlewares\xframe.js:7:11)

pid: 1460
hostname: DESKTOP-QJUC35N

2019-07-10 10:17:19,123 ERROR 8964 [-/127.0.0.1/-/43ms GET /customer] nodejs.SequelizeDatabaseError: Unknown column 'avatar_url ' in 'field list'
    at Query.formatError (D:\vscode\sequelize-ts\node_modules\sequelize\lib\dialects\mysql\query.js:239:16)
    at Query.handler [as onResult] (D:\vscode\sequelize-ts\node_modules\sequelize\lib\dialects\mysql\query.js:46:23)
    at Query.execute (D:\vscode\sequelize-ts\node_modules\mysql2\lib\commands\command.js:30:14)
    at Connection.handlePacket (D:\vscode\sequelize-ts\node_modules\mysql2\lib\connection.js:449:32)
    at PacketParser.Connection.packetParser.p [as onPacket] (D:\vscode\sequelize-ts\node_modules\mysql2\lib\connection.js:72:12)
    at PacketParser.executeStart (D:\vscode\sequelize-ts\node_modules\mysql2\lib\packet_parser.js:75:16)
    at Socket.Connection.stream.on.data (D:\vscode\sequelize-ts\node_modules\mysql2\lib\connection.js:79:25)
    at Socket.emit (events.js:189:13)
    at addChunk (_stream_readable.js:284:12)
    at readableAddChunk (_stream_readable.js:265:11)
    at Socket.Readable.push (_stream_readable.js:220:10)
    at TCP.onStreamRead [as onread] (internal/stream_base_commons.js:94:17)
From previous event:
    at Query.run (D:\vscode\sequelize-ts\node_modules\sequelize\lib\dialects\mysql\query.js:39:12)
    at runHooks.then (D:\vscode\sequelize-ts\node_modules\sequelize\lib\sequelize.js:635:29)
From previous event:
    at Promise.try.then.connection (D:\vscode\sequelize-ts\node_modules\sequelize\lib\sequelize.js:635:12)
From previous event:
    at Promise.resolve.retry (D:\vscode\sequelize-ts\node_modules\sequelize\lib\sequelize.js:632:10)
    at D:\vscode\sequelize-ts\node_modules\retry-as-promised\index.js:70:21
    at new Promise (<anonymous>)
    at retryAsPromised (D:\vscode\sequelize-ts\node_modules\retry-as-promised\index.js:60:10)
    at Promise.try (D:\vscode\sequelize-ts\node_modules\sequelize\lib\sequelize.js:619:30)
From previous event:
    at Sequelize.query (D:\vscode\sequelize-ts\node_modules\sequelize\lib\sequelize.js:576:23)
    at QueryInterface.select (D:\vscode\sequelize-ts\node_modules\sequelize\lib\query-interface.js:1120:27)
    at Promise.try.then.then.then (D:\vscode\sequelize-ts\node_modules\sequelize\lib\model.js:1755:34)
    at runCallback (timers.js:705:18)
    at tryOnImmediate (timers.js:676:5)
    at processImmediate (timers.js:658:5)
From previous event:
    at Function.findAll (D:\vscode\sequelize-ts\node_modules\sequelize\lib\model.js:1752:8)
    at Function.findAndCountAll (D:\vscode\sequelize-ts\node_modules\sequelize\lib\model.js:2094:12)
    at CustomerService.list (D:\vscode\sequelize-ts\app\service\customer.ts:180:52)
    at CustomerController.index (D:\vscode\sequelize-ts\app\controller\customer.ts:13:43)
    at Object.callFn (D:\vscode\sequelize-ts\node_modules\egg-core\lib\utils\index.js:44:21)
    at Object.classControllerMiddleware (D:\vscode\sequelize-ts\node_modules\egg-core\lib\loader\mixin\controller.js:87:20)
    at Object.callFn (D:\vscode\sequelize-ts\node_modules\@eggjs\router\lib\utils.js:12:21)
    at wrappedController (D:\vscode\sequelize-ts\node_modules\@eggjs\router\lib\egg_router.js:322:18)
    at dispatch (D:\vscode\sequelize-ts\node_modules\@eggjs\router\node_modules\koa-compose\index.js:44:32)
    at next (D:\vscode\sequelize-ts\node_modules\@eggjs\router\node_modules\koa-compose\index.js:45:18)
    at D:\vscode\sequelize-ts\node_modules\@eggjs\router\lib\router.js:190:18
    at dispatch (D:\vscode\sequelize-ts\node_modules\@eggjs\router\node_modules\koa-compose\index.js:44:32)
    at D:\vscode\sequelize-ts\node_modules\@eggjs\router\node_modules\koa-compose\index.js:36:12
    at dispatch (D:\vscode\sequelize-ts\node_modules\@eggjs\router\lib\router.js:195:33)
    at dispatch (D:\vscode\sequelize-ts\node_modules\koa-compose\index.js:42:32)
    at D:\vscode\sequelize-ts\app\middleware\authorization.ts:21:13
    at dispatch (D:\vscode\sequelize-ts\node_modules\koa-compose\index.js:42:32)
    at D:\vscode\sequelize-ts\node_modules\egg-development\app\middleware\egg_loader_trace.js:9:56
    at dispatch (D:\vscode\sequelize-ts\node_modules\koa-compose\index.js:42:32)
    at i18n (D:\vscode\sequelize-ts\node_modules\egg-i18n\app\middleware\i18n.js:13:12)
    at dispatch (D:\vscode\sequelize-ts\node_modules\koa-compose\index.js:42:32)
    at dispatch (D:\vscode\sequelize-ts\node_modules\koa-compose\index.js:42:32)
    at dta (D:\vscode\sequelize-ts\node_modules\egg-security\lib\middlewares\dta.js:12:12)
    at dispatch (D:\vscode\sequelize-ts\node_modules\koa-compose\index.js:42:32)
    at xframe (D:\vscode\sequelize-ts\node_modules\egg-security\lib\middlewares\xframe.js:7:11)
name: "SequelizeDatabaseError"
parent: {"code":"ER_BAD_FIELD_ERROR","errno":1054,"sqlState":"42S22","sqlMessage":"Unknown column 'avatar_url ' in 'field list'","sql":"SELECT `id`, `customer_id`, `username`, `avatar_url `, `type`, `created_at`, `updated_at` FROM `customers` AS `customers` ORDER BY `customers`.`created_at`, `customers`.`desc` LIMIT 0, 0;"}
original: {"code":"ER_BAD_FIELD_ERROR","errno":1054,"sqlState":"42S22","sqlMessage":"Unknown column 'avatar_url ' in 'field list'","sql":"SELECT `id`, `customer_id`, `username`, `avatar_url `, `type`, `created_at`, `updated_at` FROM `customers` AS `customers` ORDER BY `customers`.`created_at`, `customers`.`desc` LIMIT 0, 0;"}
sql: "SELECT `id`, `customer_id`, `username`, `avatar_url `, `type`, `created_at`, `updated_at` FROM `customers` AS `customers` ORDER BY `customers`.`created_at`, `customers`.`desc` LIMIT 0, 0;"
pid: 8964
hostname: DESKTOP-QJUC35N

2019-07-10 10:17:54,067 ERROR 8372 [-/127.0.0.1/-/41ms GET /customer] nodejs.SequelizeDatabaseError: Unknown column 'customers.desc' in 'order clause'
    at Query.formatError (D:\vscode\sequelize-ts\node_modules\sequelize\lib\dialects\mysql\query.js:239:16)
    at Query.handler [as onResult] (D:\vscode\sequelize-ts\node_modules\sequelize\lib\dialects\mysql\query.js:46:23)
    at Query.execute (D:\vscode\sequelize-ts\node_modules\mysql2\lib\commands\command.js:30:14)
    at Connection.handlePacket (D:\vscode\sequelize-ts\node_modules\mysql2\lib\connection.js:449:32)
    at PacketParser.Connection.packetParser.p [as onPacket] (D:\vscode\sequelize-ts\node_modules\mysql2\lib\connection.js:72:12)
    at PacketParser.executeStart (D:\vscode\sequelize-ts\node_modules\mysql2\lib\packet_parser.js:75:16)
    at Socket.Connection.stream.on.data (D:\vscode\sequelize-ts\node_modules\mysql2\lib\connection.js:79:25)
    at Socket.emit (events.js:189:13)
    at addChunk (_stream_readable.js:284:12)
    at readableAddChunk (_stream_readable.js:265:11)
    at Socket.Readable.push (_stream_readable.js:220:10)
    at TCP.onStreamRead [as onread] (internal/stream_base_commons.js:94:17)
From previous event:
    at Query.run (D:\vscode\sequelize-ts\node_modules\sequelize\lib\dialects\mysql\query.js:39:12)
    at runHooks.then (D:\vscode\sequelize-ts\node_modules\sequelize\lib\sequelize.js:635:29)
From previous event:
    at Promise.try.then.connection (D:\vscode\sequelize-ts\node_modules\sequelize\lib\sequelize.js:635:12)
From previous event:
    at Promise.resolve.retry (D:\vscode\sequelize-ts\node_modules\sequelize\lib\sequelize.js:632:10)
    at D:\vscode\sequelize-ts\node_modules\retry-as-promised\index.js:70:21
    at new Promise (<anonymous>)
    at retryAsPromised (D:\vscode\sequelize-ts\node_modules\retry-as-promised\index.js:60:10)
    at Promise.try (D:\vscode\sequelize-ts\node_modules\sequelize\lib\sequelize.js:619:30)
From previous event:
    at Sequelize.query (D:\vscode\sequelize-ts\node_modules\sequelize\lib\sequelize.js:576:23)
    at QueryInterface.select (D:\vscode\sequelize-ts\node_modules\sequelize\lib\query-interface.js:1120:27)
    at Promise.try.then.then.then (D:\vscode\sequelize-ts\node_modules\sequelize\lib\model.js:1755:34)
    at runCallback (timers.js:705:18)
    at tryOnImmediate (timers.js:676:5)
    at processImmediate (timers.js:658:5)
From previous event:
    at Function.findAll (D:\vscode\sequelize-ts\node_modules\sequelize\lib\model.js:1752:8)
    at Function.findAndCountAll (D:\vscode\sequelize-ts\node_modules\sequelize\lib\model.js:2094:12)
    at CustomerService.list (D:\vscode\sequelize-ts\app\service\customer.ts:180:52)
    at CustomerController.index (D:\vscode\sequelize-ts\app\controller\customer.ts:13:43)
    at Object.callFn (D:\vscode\sequelize-ts\node_modules\egg-core\lib\utils\index.js:44:21)
    at Object.classControllerMiddleware (D:\vscode\sequelize-ts\node_modules\egg-core\lib\loader\mixin\controller.js:87:20)
    at Object.callFn (D:\vscode\sequelize-ts\node_modules\@eggjs\router\lib\utils.js:12:21)
    at wrappedController (D:\vscode\sequelize-ts\node_modules\@eggjs\router\lib\egg_router.js:322:18)
    at dispatch (D:\vscode\sequelize-ts\node_modules\@eggjs\router\node_modules\koa-compose\index.js:44:32)
    at next (D:\vscode\sequelize-ts\node_modules\@eggjs\router\node_modules\koa-compose\index.js:45:18)
    at D:\vscode\sequelize-ts\node_modules\@eggjs\router\lib\router.js:190:18
    at dispatch (D:\vscode\sequelize-ts\node_modules\@eggjs\router\node_modules\koa-compose\index.js:44:32)
    at D:\vscode\sequelize-ts\node_modules\@eggjs\router\node_modules\koa-compose\index.js:36:12
    at dispatch (D:\vscode\sequelize-ts\node_modules\@eggjs\router\lib\router.js:195:33)
    at dispatch (D:\vscode\sequelize-ts\node_modules\koa-compose\index.js:42:32)
    at D:\vscode\sequelize-ts\app\middleware\authorization.ts:21:13
    at dispatch (D:\vscode\sequelize-ts\node_modules\koa-compose\index.js:42:32)
    at D:\vscode\sequelize-ts\node_modules\egg-development\app\middleware\egg_loader_trace.js:9:56
    at dispatch (D:\vscode\sequelize-ts\node_modules\koa-compose\index.js:42:32)
    at i18n (D:\vscode\sequelize-ts\node_modules\egg-i18n\app\middleware\i18n.js:13:12)
    at dispatch (D:\vscode\sequelize-ts\node_modules\koa-compose\index.js:42:32)
    at dispatch (D:\vscode\sequelize-ts\node_modules\koa-compose\index.js:42:32)
    at dta (D:\vscode\sequelize-ts\node_modules\egg-security\lib\middlewares\dta.js:12:12)
    at dispatch (D:\vscode\sequelize-ts\node_modules\koa-compose\index.js:42:32)
    at xframe (D:\vscode\sequelize-ts\node_modules\egg-security\lib\middlewares\xframe.js:7:11)
name: "SequelizeDatabaseError"
parent: {"code":"ER_BAD_FIELD_ERROR","errno":1054,"sqlState":"42S22","sqlMessage":"Unknown column 'customers.desc' in 'order clause'","sql":"SELECT `id`, `customer_id`, `username`, `avatar_url`, `type`, `created_at`, `updated_at` FROM `customers` AS `customers` ORDER BY `customers`.`created_at`, `customers`.`desc` LIMIT 0, 0;"}
original: {"code":"ER_BAD_FIELD_ERROR","errno":1054,"sqlState":"42S22","sqlMessage":"Unknown column 'customers.desc' in 'order clause'","sql":"SELECT `id`, `customer_id`, `username`, `avatar_url`, `type`, `created_at`, `updated_at` FROM `customers` AS `customers` ORDER BY `customers`.`created_at`, `customers`.`desc` LIMIT 0, 0;"}
sql: "SELECT `id`, `customer_id`, `username`, `avatar_url`, `type`, `created_at`, `updated_at` FROM `customers` AS `customers` ORDER BY `customers`.`created_at`, `customers`.`desc` LIMIT 0, 0;"
pid: 8372
hostname: DESKTOP-QJUC35N

2019-07-10 10:18:15,691 ERROR 8372 [-/127.0.0.1/-/11ms GET /customer] nodejs.SequelizeDatabaseError: Unknown column 'customers.desc' in 'order clause'
    at Query.formatError (D:\vscode\sequelize-ts\node_modules\sequelize\lib\dialects\mysql\query.js:239:16)
    at Query.handler [as onResult] (D:\vscode\sequelize-ts\node_modules\sequelize\lib\dialects\mysql\query.js:46:23)
    at Query.execute (D:\vscode\sequelize-ts\node_modules\mysql2\lib\commands\command.js:30:14)
    at Connection.handlePacket (D:\vscode\sequelize-ts\node_modules\mysql2\lib\connection.js:449:32)
    at PacketParser.Connection.packetParser.p [as onPacket] (D:\vscode\sequelize-ts\node_modules\mysql2\lib\connection.js:72:12)
    at PacketParser.executeStart (D:\vscode\sequelize-ts\node_modules\mysql2\lib\packet_parser.js:75:16)
    at Socket.Connection.stream.on.data (D:\vscode\sequelize-ts\node_modules\mysql2\lib\connection.js:79:25)
    at Socket.emit (events.js:189:13)
    at addChunk (_stream_readable.js:284:12)
    at readableAddChunk (_stream_readable.js:265:11)
    at Socket.Readable.push (_stream_readable.js:220:10)
    at TCP.onStreamRead [as onread] (internal/stream_base_commons.js:94:17)
From previous event:
    at Query.run (D:\vscode\sequelize-ts\node_modules\sequelize\lib\dialects\mysql\query.js:39:12)
    at runHooks.then (D:\vscode\sequelize-ts\node_modules\sequelize\lib\sequelize.js:635:29)
From previous event:
    at Promise.try.then.connection (D:\vscode\sequelize-ts\node_modules\sequelize\lib\sequelize.js:635:12)
From previous event:
    at Promise.resolve.retry (D:\vscode\sequelize-ts\node_modules\sequelize\lib\sequelize.js:632:10)
    at D:\vscode\sequelize-ts\node_modules\retry-as-promised\index.js:70:21
    at new Promise (<anonymous>)
    at retryAsPromised (D:\vscode\sequelize-ts\node_modules\retry-as-promised\index.js:60:10)
    at Promise.try (D:\vscode\sequelize-ts\node_modules\sequelize\lib\sequelize.js:619:30)
From previous event:
    at Sequelize.query (D:\vscode\sequelize-ts\node_modules\sequelize\lib\sequelize.js:576:23)
    at QueryInterface.select (D:\vscode\sequelize-ts\node_modules\sequelize\lib\query-interface.js:1120:27)
    at Promise.try.then.then.then (D:\vscode\sequelize-ts\node_modules\sequelize\lib\model.js:1755:34)
    at runCallback (timers.js:705:18)
    at tryOnImmediate (timers.js:676:5)
    at processImmediate (timers.js:658:5)
From previous event:
    at Function.findAll (D:\vscode\sequelize-ts\node_modules\sequelize\lib\model.js:1752:8)
    at Function.findAndCountAll (D:\vscode\sequelize-ts\node_modules\sequelize\lib\model.js:2094:12)
    at CustomerService.list (D:\vscode\sequelize-ts\app\service\customer.ts:180:52)
    at CustomerController.index (D:\vscode\sequelize-ts\app\controller\customer.ts:13:43)
    at Object.callFn (D:\vscode\sequelize-ts\node_modules\egg-core\lib\utils\index.js:44:21)
    at Object.classControllerMiddleware (D:\vscode\sequelize-ts\node_modules\egg-core\lib\loader\mixin\controller.js:87:20)
    at Object.callFn (D:\vscode\sequelize-ts\node_modules\@eggjs\router\lib\utils.js:12:21)
    at wrappedController (D:\vscode\sequelize-ts\node_modules\@eggjs\router\lib\egg_router.js:322:18)
    at dispatch (D:\vscode\sequelize-ts\node_modules\@eggjs\router\node_modules\koa-compose\index.js:44:32)
    at next (D:\vscode\sequelize-ts\node_modules\@eggjs\router\node_modules\koa-compose\index.js:45:18)
    at D:\vscode\sequelize-ts\node_modules\@eggjs\router\lib\router.js:190:18
    at dispatch (D:\vscode\sequelize-ts\node_modules\@eggjs\router\node_modules\koa-compose\index.js:44:32)
    at D:\vscode\sequelize-ts\node_modules\@eggjs\router\node_modules\koa-compose\index.js:36:12
    at dispatch (D:\vscode\sequelize-ts\node_modules\@eggjs\router\lib\router.js:195:33)
    at dispatch (D:\vscode\sequelize-ts\node_modules\koa-compose\index.js:42:32)
    at D:\vscode\sequelize-ts\app\middleware\authorization.ts:21:13
    at dispatch (D:\vscode\sequelize-ts\node_modules\koa-compose\index.js:42:32)
    at D:\vscode\sequelize-ts\node_modules\egg-development\app\middleware\egg_loader_trace.js:9:56
    at dispatch (D:\vscode\sequelize-ts\node_modules\koa-compose\index.js:42:32)
    at i18n (D:\vscode\sequelize-ts\node_modules\egg-i18n\app\middleware\i18n.js:13:12)
    at dispatch (D:\vscode\sequelize-ts\node_modules\koa-compose\index.js:42:32)
    at dispatch (D:\vscode\sequelize-ts\node_modules\koa-compose\index.js:42:32)
    at dta (D:\vscode\sequelize-ts\node_modules\egg-security\lib\middlewares\dta.js:12:12)
    at dispatch (D:\vscode\sequelize-ts\node_modules\koa-compose\index.js:42:32)
    at xframe (D:\vscode\sequelize-ts\node_modules\egg-security\lib\middlewares\xframe.js:7:11)
name: "SequelizeDatabaseError"
parent: {"code":"ER_BAD_FIELD_ERROR","errno":1054,"sqlState":"42S22","sqlMessage":"Unknown column 'customers.desc' in 'order clause'","sql":"SELECT `id`, `customer_id`, `username`, `avatar_url`, `type`, `created_at`, `updated_at` FROM `customers` AS `customers` ORDER BY `customers`.`created_at`, `customers`.`desc` LIMIT 0, 0;"}
original: {"code":"ER_BAD_FIELD_ERROR","errno":1054,"sqlState":"42S22","sqlMessage":"Unknown column 'customers.desc' in 'order clause'","sql":"SELECT `id`, `customer_id`, `username`, `avatar_url`, `type`, `created_at`, `updated_at` FROM `customers` AS `customers` ORDER BY `customers`.`created_at`, `customers`.`desc` LIMIT 0, 0;"}
sql: "SELECT `id`, `customer_id`, `username`, `avatar_url`, `type`, `created_at`, `updated_at` FROM `customers` AS `customers` ORDER BY `customers`.`created_at`, `customers`.`desc` LIMIT 0, 0;"
pid: 8372
hostname: DESKTOP-QJUC35N

2019-07-14 15:40:53,134 ERROR 2868 [-/127.0.0.1/-/26ms POST /customer/register] nodejs.Error: WHERE parameter "mobile" has invalid "undefined" value
    at MySQLQueryGenerator.whereItemQuery (D:\vscode\service\node_modules\sequelize\lib\dialects\abstract\query-generator.js:2063:13)
    at Utils.getComplexKeys.forEach.prop (D:\vscode\service\node_modules\sequelize\lib\dialects\abstract\query-generator.js:2052:25)
    at Array.forEach (<anonymous>)
    at MySQLQueryGenerator.whereItemsQuery (D:\vscode\service\node_modules\sequelize\lib\dialects\abstract\query-generator.js:2050:35)
    at MySQLQueryGenerator.getWhereConditions (D:\vscode\service\node_modules\sequelize\lib\dialects\abstract\query-generator.js:2462:19)
    at MySQLQueryGenerator.selectQuery (D:\vscode\service\node_modules\sequelize\lib\dialects\abstract\query-generator.js:1283:28)
    at QueryInterface.select (D:\vscode\service\node_modules\sequelize\lib\query-interface.js:1121:27)
    at Promise.try.then.then.then (D:\vscode\service\node_modules\sequelize\lib\model.js:1755:34)
    at runCallback (timers.js:705:18)
    at tryOnImmediate (timers.js:676:5)
    at processImmediate (timers.js:658:5)
From previous event:
    at Function.findAll (D:\vscode\service\node_modules\sequelize\lib\model.js:1752:8)
    at Function.findOne (D:\vscode\service\node_modules\sequelize\lib\model.js:1922:17)
    at CustomerService.hasRegister (D:\vscode\service\app\service\customer.ts:68:47)
    at CustomerService.register (D:\vscode\service\app\service\customer.ts:37:36)
    at CustomerController.register (D:\vscode\service\app\controller\customer.ts:47:53)
    at Object.callFn (D:\vscode\service\node_modules\egg-core\lib\utils\index.js:44:21)
    at Object.classControllerMiddleware (D:\vscode\service\node_modules\egg-core\lib\loader\mixin\controller.js:87:20)
    at Object.callFn (D:\vscode\service\node_modules\@eggjs\router\lib\utils.js:12:21)
    at wrappedController (D:\vscode\service\node_modules\@eggjs\router\lib\egg_router.js:322:18)
    at dispatch (D:\vscode\service\node_modules\@eggjs\router\node_modules\koa-compose\index.js:44:32)
    at next (D:\vscode\service\node_modules\@eggjs\router\node_modules\koa-compose\index.js:45:18)
    at D:\vscode\service\node_modules\@eggjs\router\lib\router.js:190:18
    at dispatch (D:\vscode\service\node_modules\@eggjs\router\node_modules\koa-compose\index.js:44:32)
    at D:\vscode\service\node_modules\@eggjs\router\node_modules\koa-compose\index.js:36:12
    at dispatch (D:\vscode\service\node_modules\@eggjs\router\lib\router.js:195:33)
    at dispatch (D:\vscode\service\node_modules\koa-compose\index.js:42:32)
    at D:\vscode\service\app\middleware\authorization.ts:20:13
    at dispatch (D:\vscode\service\node_modules\koa-compose\index.js:42:32)
    at D:\vscode\service\node_modules\egg-development\app\middleware\egg_loader_trace.js:9:56
    at dispatch (D:\vscode\service\node_modules\koa-compose\index.js:42:32)
    at i18n (D:\vscode\service\node_modules\egg-i18n\app\middleware\i18n.js:13:12)
    at dispatch (D:\vscode\service\node_modules\koa-compose\index.js:42:32)
    at dispatch (D:\vscode\service\node_modules\koa-compose\index.js:42:32)
    at dta (D:\vscode\service\node_modules\egg-security\lib\middlewares\dta.js:12:12)
    at dispatch (D:\vscode\service\node_modules\koa-compose\index.js:42:32)

pid: 2868
hostname: DESKTOP-QJUC35N

2019-07-14 15:41:42,849 ERROR 2868 [-/127.0.0.1/-/4ms POST /customer/register] nodejs.Error: WHERE parameter "mobile" has invalid "undefined" value
    at MySQLQueryGenerator.whereItemQuery (D:\vscode\service\node_modules\sequelize\lib\dialects\abstract\query-generator.js:2063:13)
    at Utils.getComplexKeys.forEach.prop (D:\vscode\service\node_modules\sequelize\lib\dialects\abstract\query-generator.js:2052:25)
    at Array.forEach (<anonymous>)
    at MySQLQueryGenerator.whereItemsQuery (D:\vscode\service\node_modules\sequelize\lib\dialects\abstract\query-generator.js:2050:35)
    at MySQLQueryGenerator.getWhereConditions (D:\vscode\service\node_modules\sequelize\lib\dialects\abstract\query-generator.js:2462:19)
    at MySQLQueryGenerator.selectQuery (D:\vscode\service\node_modules\sequelize\lib\dialects\abstract\query-generator.js:1283:28)
    at QueryInterface.select (D:\vscode\service\node_modules\sequelize\lib\query-interface.js:1121:27)
    at Promise.try.then.then.then (D:\vscode\service\node_modules\sequelize\lib\model.js:1755:34)
    at runCallback (timers.js:705:18)
    at tryOnImmediate (timers.js:676:5)
    at processImmediate (timers.js:658:5)
From previous event:
    at Function.findAll (D:\vscode\service\node_modules\sequelize\lib\model.js:1752:8)
    at Function.findOne (D:\vscode\service\node_modules\sequelize\lib\model.js:1922:17)
    at CustomerService.hasRegister (D:\vscode\service\app\service\customer.ts:68:47)
    at CustomerService.register (D:\vscode\service\app\service\customer.ts:37:36)
    at CustomerController.register (D:\vscode\service\app\controller\customer.ts:47:53)
    at Object.callFn (D:\vscode\service\node_modules\egg-core\lib\utils\index.js:44:21)
    at Object.classControllerMiddleware (D:\vscode\service\node_modules\egg-core\lib\loader\mixin\controller.js:87:20)
    at Object.callFn (D:\vscode\service\node_modules\@eggjs\router\lib\utils.js:12:21)
    at wrappedController (D:\vscode\service\node_modules\@eggjs\router\lib\egg_router.js:322:18)
    at dispatch (D:\vscode\service\node_modules\@eggjs\router\node_modules\koa-compose\index.js:44:32)
    at next (D:\vscode\service\node_modules\@eggjs\router\node_modules\koa-compose\index.js:45:18)
    at D:\vscode\service\node_modules\@eggjs\router\lib\router.js:190:18
    at dispatch (D:\vscode\service\node_modules\@eggjs\router\node_modules\koa-compose\index.js:44:32)
    at D:\vscode\service\node_modules\@eggjs\router\node_modules\koa-compose\index.js:36:12
    at dispatch (D:\vscode\service\node_modules\@eggjs\router\lib\router.js:195:33)
    at dispatch (D:\vscode\service\node_modules\koa-compose\index.js:42:32)
    at D:\vscode\service\app\middleware\authorization.ts:20:13
    at dispatch (D:\vscode\service\node_modules\koa-compose\index.js:42:32)
    at D:\vscode\service\node_modules\egg-development\app\middleware\egg_loader_trace.js:9:56
    at dispatch (D:\vscode\service\node_modules\koa-compose\index.js:42:32)
    at i18n (D:\vscode\service\node_modules\egg-i18n\app\middleware\i18n.js:13:12)
    at dispatch (D:\vscode\service\node_modules\koa-compose\index.js:42:32)
    at dispatch (D:\vscode\service\node_modules\koa-compose\index.js:42:32)
    at dta (D:\vscode\service\node_modules\egg-security\lib\middlewares\dta.js:12:12)
    at dispatch (D:\vscode\service\node_modules\koa-compose\index.js:42:32)

pid: 2868
hostname: DESKTOP-QJUC35N

2019-07-14 15:42:48,519 ERROR 2868 [-/127.0.0.1/-/3ms POST /customer/register] nodejs.Error: WHERE parameter "mobile" has invalid "undefined" value
    at MySQLQueryGenerator.whereItemQuery (D:\vscode\service\node_modules\sequelize\lib\dialects\abstract\query-generator.js:2063:13)
    at Utils.getComplexKeys.forEach.prop (D:\vscode\service\node_modules\sequelize\lib\dialects\abstract\query-generator.js:2052:25)
    at Array.forEach (<anonymous>)
    at MySQLQueryGenerator.whereItemsQuery (D:\vscode\service\node_modules\sequelize\lib\dialects\abstract\query-generator.js:2050:35)
    at MySQLQueryGenerator.getWhereConditions (D:\vscode\service\node_modules\sequelize\lib\dialects\abstract\query-generator.js:2462:19)
    at MySQLQueryGenerator.selectQuery (D:\vscode\service\node_modules\sequelize\lib\dialects\abstract\query-generator.js:1283:28)
    at QueryInterface.select (D:\vscode\service\node_modules\sequelize\lib\query-interface.js:1121:27)
    at Promise.try.then.then.then (D:\vscode\service\node_modules\sequelize\lib\model.js:1755:34)
    at runCallback (timers.js:705:18)
    at tryOnImmediate (timers.js:676:5)
    at processImmediate (timers.js:658:5)
From previous event:
    at Function.findAll (D:\vscode\service\node_modules\sequelize\lib\model.js:1752:8)
    at Function.findOne (D:\vscode\service\node_modules\sequelize\lib\model.js:1922:17)
    at CustomerService.hasRegister (D:\vscode\service\app\service\customer.ts:68:47)
    at CustomerService.register (D:\vscode\service\app\service\customer.ts:37:36)
    at CustomerController.register (D:\vscode\service\app\controller\customer.ts:47:53)
    at Object.callFn (D:\vscode\service\node_modules\egg-core\lib\utils\index.js:44:21)
    at Object.classControllerMiddleware (D:\vscode\service\node_modules\egg-core\lib\loader\mixin\controller.js:87:20)
    at Object.callFn (D:\vscode\service\node_modules\@eggjs\router\lib\utils.js:12:21)
    at wrappedController (D:\vscode\service\node_modules\@eggjs\router\lib\egg_router.js:322:18)
    at dispatch (D:\vscode\service\node_modules\@eggjs\router\node_modules\koa-compose\index.js:44:32)
    at next (D:\vscode\service\node_modules\@eggjs\router\node_modules\koa-compose\index.js:45:18)
    at D:\vscode\service\node_modules\@eggjs\router\lib\router.js:190:18
    at dispatch (D:\vscode\service\node_modules\@eggjs\router\node_modules\koa-compose\index.js:44:32)
    at D:\vscode\service\node_modules\@eggjs\router\node_modules\koa-compose\index.js:36:12
    at dispatch (D:\vscode\service\node_modules\@eggjs\router\lib\router.js:195:33)
    at dispatch (D:\vscode\service\node_modules\koa-compose\index.js:42:32)
    at D:\vscode\service\app\middleware\authorization.ts:20:13
    at dispatch (D:\vscode\service\node_modules\koa-compose\index.js:42:32)
    at D:\vscode\service\node_modules\egg-development\app\middleware\egg_loader_trace.js:9:56
    at dispatch (D:\vscode\service\node_modules\koa-compose\index.js:42:32)
    at i18n (D:\vscode\service\node_modules\egg-i18n\app\middleware\i18n.js:13:12)
    at dispatch (D:\vscode\service\node_modules\koa-compose\index.js:42:32)
    at dispatch (D:\vscode\service\node_modules\koa-compose\index.js:42:32)
    at dta (D:\vscode\service\node_modules\egg-security\lib\middlewares\dta.js:12:12)
    at dispatch (D:\vscode\service\node_modules\koa-compose\index.js:42:32)

pid: 2868
hostname: DESKTOP-QJUC35N

2019-07-14 16:12:01,228 ERROR 4488 [-/127.0.0.1/-/8ms GET /customer/show/11c51da0a60c11e993112d5051c24a5] nodejs.TypeError: Cannot read property 'dataValues' of null
    at CustomerService.findByCustomerId (D:\vscode\service\app\service\customer.ts:146:21)

pid: 4488
hostname: DESKTOP-QJUC35N

2019-07-14 16:14:23,387 ERROR 11344 [-/127.0.0.1/-/18ms GET /customer/show/11c51da0a60c11e993112d5051c24a5] nodejs.TypeError: Cannot read property 'dataValues' of null
    at CustomerService.findByCustomerId (D:\vscode\service\app\service\customer.ts:146:21)

pid: 11344
hostname: DESKTOP-QJUC35N

2019-07-14 16:14:32,026 ERROR 11344 [-/127.0.0.1/-/4ms GET /customer/show/11c51da0a60c11e993112d5051c24a5] nodejs.TypeError: Cannot read property 'dataValues' of null
    at CustomerService.findByCustomerId (D:\vscode\service\app\service\customer.ts:146:21)

pid: 11344
hostname: DESKTOP-QJUC35N

2019-07-14 16:14:45,042 ERROR 11344 [-/127.0.0.1/-/9ms GET /customer/show/11c51da0a60c11e993112d5051c24a5] nodejs.TypeError: Cannot read property 'dataValues' of null
    at CustomerService.findByCustomerId (D:\vscode\service\app\service\customer.ts:146:21)

pid: 11344
hostname: DESKTOP-QJUC35N

2019-07-14 16:34:53,224 ERROR 10780 [-/127.0.0.1/-/46ms POST /shop/register] nodejs.SequelizeDatabaseError: Unknown column 'shops.mobile' in 'where clause'
    at Query.formatError (D:\vscode\service\node_modules\sequelize\lib\dialects\mysql\query.js:239:16)
    at Query.handler [as onResult] (D:\vscode\service\node_modules\sequelize\lib\dialects\mysql\query.js:46:23)
    at Query.execute (D:\vscode\service\node_modules\mysql2\lib\commands\command.js:30:14)
    at Connection.handlePacket (D:\vscode\service\node_modules\mysql2\lib\connection.js:449:32)
    at PacketParser.Connection.packetParser.p [as onPacket] (D:\vscode\service\node_modules\mysql2\lib\connection.js:72:12)
    at PacketParser.executeStart (D:\vscode\service\node_modules\mysql2\lib\packet_parser.js:75:16)
    at Socket.Connection.stream.on.data (D:\vscode\service\node_modules\mysql2\lib\connection.js:79:25)
    at Socket.emit (events.js:189:13)
    at addChunk (_stream_readable.js:284:12)
    at readableAddChunk (_stream_readable.js:265:11)
    at Socket.Readable.push (_stream_readable.js:220:10)
    at TCP.onStreamRead [as onread] (internal/stream_base_commons.js:94:17)
From previous event:
    at Query.run (D:\vscode\service\node_modules\sequelize\lib\dialects\mysql\query.js:39:12)
    at runHooks.then (D:\vscode\service\node_modules\sequelize\lib\sequelize.js:635:29)
From previous event:
    at Promise.try.then.connection (D:\vscode\service\node_modules\sequelize\lib\sequelize.js:635:12)
From previous event:
    at Promise.resolve.retry (D:\vscode\service\node_modules\sequelize\lib\sequelize.js:632:10)
    at D:\vscode\service\node_modules\retry-as-promised\index.js:70:21
    at new Promise (<anonymous>)
    at retryAsPromised (D:\vscode\service\node_modules\retry-as-promised\index.js:60:10)
    at Promise.try (D:\vscode\service\node_modules\sequelize\lib\sequelize.js:619:30)
From previous event:
    at Sequelize.query (D:\vscode\service\node_modules\sequelize\lib\sequelize.js:576:23)
    at QueryInterface.select (D:\vscode\service\node_modules\sequelize\lib\query-interface.js:1120:27)
    at Promise.try.then.then.then (D:\vscode\service\node_modules\sequelize\lib\model.js:1755:34)
    at runCallback (timers.js:705:18)
    at tryOnImmediate (timers.js:676:5)
    at processImmediate (timers.js:658:5)
From previous event:
    at Function.findAll (D:\vscode\service\node_modules\sequelize\lib\model.js:1752:8)
    at Function.findOne (D:\vscode\service\node_modules\sequelize\lib\model.js:1922:17)
    at Shop.hasRegister (D:\vscode\service\app\service\shop.ts:95:39)
    at Shop.register (D:\vscode\service\app\service\shop.ts:64:36)
    at ShopController.register (D:\vscode\service\app\controller\shop.ts:55:49)
    at Object.callFn (D:\vscode\service\node_modules\egg-core\lib\utils\index.js:44:21)
    at Object.classControllerMiddleware (D:\vscode\service\node_modules\egg-core\lib\loader\mixin\controller.js:87:20)
    at Object.callFn (D:\vscode\service\node_modules\@eggjs\router\lib\utils.js:12:21)
    at wrappedController (D:\vscode\service\node_modules\@eggjs\router\lib\egg_router.js:322:18)
    at dispatch (D:\vscode\service\node_modules\@eggjs\router\node_modules\koa-compose\index.js:44:32)
    at next (D:\vscode\service\node_modules\@eggjs\router\node_modules\koa-compose\index.js:45:18)
    at D:\vscode\service\node_modules\@eggjs\router\lib\router.js:190:18
    at dispatch (D:\vscode\service\node_modules\@eggjs\router\node_modules\koa-compose\index.js:44:32)
    at D:\vscode\service\node_modules\@eggjs\router\node_modules\koa-compose\index.js:36:12
    at dispatch (D:\vscode\service\node_modules\@eggjs\router\lib\router.js:195:33)
    at dispatch (D:\vscode\service\node_modules\koa-compose\index.js:42:32)
    at D:\vscode\service\app\middleware\authorization.ts:8:13
    at dispatch (D:\vscode\service\node_modules\koa-compose\index.js:42:32)
    at D:\vscode\service\node_modules\egg-development\app\middleware\egg_loader_trace.js:9:56
    at dispatch (D:\vscode\service\node_modules\koa-compose\index.js:42:32)
    at i18n (D:\vscode\service\node_modules\egg-i18n\app\middleware\i18n.js:13:12)
    at dispatch (D:\vscode\service\node_modules\koa-compose\index.js:42:32)
    at dispatch (D:\vscode\service\node_modules\koa-compose\index.js:42:32)
    at dta (D:\vscode\service\node_modules\egg-security\lib\middlewares\dta.js:12:12)
    at dispatch (D:\vscode\service\node_modules\koa-compose\index.js:42:32)
name: "SequelizeDatabaseError"
parent: {"code":"ER_BAD_FIELD_ERROR","errno":1054,"sqlState":"42S22","sqlMessage":"Unknown column 'shops.mobile' in 'where clause'","sql":"SELECT `id`, `shop_id`, `category_id`, `name`, `avatar`, `description`, `qrcode`, `quality`, `service`, `logistics`, `account`, `special`, `created_at`, `updated_at`, `category_id` AS `categoryId` FROM `shops` AS `shops` WHERE `shops`.`mobile` = '15179033445' LIMIT 1;"}
original: {"code":"ER_BAD_FIELD_ERROR","errno":1054,"sqlState":"42S22","sqlMessage":"Unknown column 'shops.mobile' in 'where clause'","sql":"SELECT `id`, `shop_id`, `category_id`, `name`, `avatar`, `description`, `qrcode`, `quality`, `service`, `logistics`, `account`, `special`, `created_at`, `updated_at`, `category_id` AS `categoryId` FROM `shops` AS `shops` WHERE `shops`.`mobile` = '15179033445' LIMIT 1;"}
sql: "SELECT `id`, `shop_id`, `category_id`, `name`, `avatar`, `description`, `qrcode`, `quality`, `service`, `logistics`, `account`, `special`, `created_at`, `updated_at`, `category_id` AS `categoryId` FROM `shops` AS `shops` WHERE `shops`.`mobile` = '15179033445' LIMIT 1;"
pid: 10780
hostname: DESKTOP-QJUC35N

2019-07-14 16:37:51,410 ERROR 7752 [-/127.0.0.1/-/46ms POST /shop/register] nodejs.SequelizeDatabaseError: Field 'password' doesn't have a default value
    at Query.formatError (D:\vscode\service\node_modules\sequelize\lib\dialects\mysql\query.js:239:16)
    at Execute.handler [as onResult] (D:\vscode\service\node_modules\sequelize\lib\dialects\mysql\query.js:46:23)
    at Execute.execute (D:\vscode\service\node_modules\mysql2\lib\commands\command.js:30:14)
    at Connection.handlePacket (D:\vscode\service\node_modules\mysql2\lib\connection.js:449:32)
    at PacketParser.Connection.packetParser.p [as onPacket] (D:\vscode\service\node_modules\mysql2\lib\connection.js:72:12)
    at PacketParser.executeStart (D:\vscode\service\node_modules\mysql2\lib\packet_parser.js:75:16)
    at Socket.Connection.stream.on.data (D:\vscode\service\node_modules\mysql2\lib\connection.js:79:25)
    at Socket.emit (events.js:189:13)
    at addChunk (_stream_readable.js:284:12)
    at readableAddChunk (_stream_readable.js:265:11)
    at Socket.Readable.push (_stream_readable.js:220:10)
    at TCP.onStreamRead [as onread] (internal/stream_base_commons.js:94:17)
From previous event:
    at Query.run (D:\vscode\service\node_modules\sequelize\lib\dialects\mysql\query.js:39:12)
    at runHooks.then (D:\vscode\service\node_modules\sequelize\lib\sequelize.js:635:29)
From previous event:
    at Promise.try.then.connection (D:\vscode\service\node_modules\sequelize\lib\sequelize.js:635:12)
From previous event:
    at Promise.resolve.retry (D:\vscode\service\node_modules\sequelize\lib\sequelize.js:632:10)
    at D:\vscode\service\node_modules\retry-as-promised\index.js:70:21
    at new Promise (<anonymous>)
    at retryAsPromised (D:\vscode\service\node_modules\retry-as-promised\index.js:60:10)
    at Promise.try (D:\vscode\service\node_modules\sequelize\lib\sequelize.js:619:30)
From previous event:
    at Sequelize.query (D:\vscode\service\node_modules\sequelize\lib\sequelize.js:576:23)
    at QueryInterface.insert (D:\vscode\service\node_modules\sequelize\lib\query-interface.js:885:27)
    at Promise.try.then.then.then (D:\vscode\service\node_modules\sequelize\lib\model.js:3824:52)
    at runCallback (timers.js:705:18)
    at tryOnImmediate (timers.js:676:5)
    at processImmediate (timers.js:658:5)
From previous event:
    at Object.save (D:\vscode\service\node_modules\sequelize\lib\model.js:3801:8)
    at Function.create (D:\vscode\service\node_modules\sequelize\lib\model.js:2222:8)
    at Shop.register (D:\vscode\service\app\service\shop.ts:78:26)
name: "SequelizeDatabaseError"
parent: {"code":"ER_NO_DEFAULT_FOR_FIELD","errno":1364,"sqlState":"HY000","sqlMessage":"Field 'password' doesn't have a default value","sql":"INSERT INTO `shops` (`id`,`shop_id`,`created_at`,`updated_at`) VALUES (DEFAULT,?,?,?);"}
original: {"code":"ER_NO_DEFAULT_FOR_FIELD","errno":1364,"sqlState":"HY000","sqlMessage":"Field 'password' doesn't have a default value","sql":"INSERT INTO `shops` (`id`,`shop_id`,`created_at`,`updated_at`) VALUES (DEFAULT,?,?,?);"}
sql: "INSERT INTO `shops` (`id`,`shop_id`,`created_at`,`updated_at`) VALUES (DEFAULT,?,?,?);"
pid: 7752
hostname: DESKTOP-QJUC35N

2019-07-14 23:10:16,947 ERROR 17936 [-/127.0.0.1/-/3ms POST /option/create] nodejs.SyntaxError: Unexpected token o in JSON at position 1
    at JSON.parse (<anonymous>)
    at OptionController.createBulk (D:\vscode\service\app\controller\option.ts:26:30)
    at Object.callFn (D:\vscode\service\node_modules\egg-core\lib\utils\index.js:44:21)
    at Object.classControllerMiddleware (D:\vscode\service\node_modules\egg-core\lib\loader\mixin\controller.js:87:20)
    at Object.callFn (D:\vscode\service\node_modules\@eggjs\router\lib\utils.js:12:21)
    at wrappedController (D:\vscode\service\node_modules\@eggjs\router\lib\egg_router.js:322:18)
    at dispatch (D:\vscode\service\node_modules\@eggjs\router\node_modules\koa-compose\index.js:44:32)
    at next (D:\vscode\service\node_modules\@eggjs\router\node_modules\koa-compose\index.js:45:18)
    at D:\vscode\service\node_modules\@eggjs\router\lib\router.js:190:18
    at dispatch (D:\vscode\service\node_modules\@eggjs\router\node_modules\koa-compose\index.js:44:32)
    at D:\vscode\service\node_modules\@eggjs\router\node_modules\koa-compose\index.js:36:12
    at dispatch (D:\vscode\service\node_modules\@eggjs\router\lib\router.js:195:33)
    at dispatch (D:\vscode\service\node_modules\koa-compose\index.js:42:32)
    at D:\vscode\service\app\middleware\authorization.ts:20:13
    at dispatch (D:\vscode\service\node_modules\koa-compose\index.js:42:32)
    at D:\vscode\service\node_modules\egg-development\app\middleware\egg_loader_trace.js:9:56
    at dispatch (D:\vscode\service\node_modules\koa-compose\index.js:42:32)
    at i18n (D:\vscode\service\node_modules\egg-i18n\app\middleware\i18n.js:13:12)
    at dispatch (D:\vscode\service\node_modules\koa-compose\index.js:42:32)
    at dispatch (D:\vscode\service\node_modules\koa-compose\index.js:42:32)
    at dta (D:\vscode\service\node_modules\egg-security\lib\middlewares\dta.js:12:12)
    at dispatch (D:\vscode\service\node_modules\koa-compose\index.js:42:32)

pid: 17936
hostname: DESKTOP-QJUC35N

2019-07-14 23:11:58,469 ERROR 13028 [-/127.0.0.1/-/16ms POST /option/create] nodejs.SyntaxError: Unexpected token o in JSON at position 1
    at JSON.parse (<anonymous>)
    at OptionController.createBulk (D:\vscode\service\app\controller\option.ts:26:30)
    at Object.callFn (D:\vscode\service\node_modules\egg-core\lib\utils\index.js:44:21)
    at Object.classControllerMiddleware (D:\vscode\service\node_modules\egg-core\lib\loader\mixin\controller.js:87:20)
    at Object.callFn (D:\vscode\service\node_modules\@eggjs\router\lib\utils.js:12:21)
    at wrappedController (D:\vscode\service\node_modules\@eggjs\router\lib\egg_router.js:322:18)
    at dispatch (D:\vscode\service\node_modules\@eggjs\router\node_modules\koa-compose\index.js:44:32)
    at next (D:\vscode\service\node_modules\@eggjs\router\node_modules\koa-compose\index.js:45:18)
    at D:\vscode\service\node_modules\@eggjs\router\lib\router.js:190:18
    at dispatch (D:\vscode\service\node_modules\@eggjs\router\node_modules\koa-compose\index.js:44:32)
    at D:\vscode\service\node_modules\@eggjs\router\node_modules\koa-compose\index.js:36:12
    at dispatch (D:\vscode\service\node_modules\@eggjs\router\lib\router.js:195:33)
    at dispatch (D:\vscode\service\node_modules\koa-compose\index.js:42:32)
    at D:\vscode\service\app\middleware\authorization.ts:20:13
    at dispatch (D:\vscode\service\node_modules\koa-compose\index.js:42:32)
    at D:\vscode\service\node_modules\egg-development\app\middleware\egg_loader_trace.js:9:56
    at dispatch (D:\vscode\service\node_modules\koa-compose\index.js:42:32)
    at i18n (D:\vscode\service\node_modules\egg-i18n\app\middleware\i18n.js:13:12)
    at dispatch (D:\vscode\service\node_modules\koa-compose\index.js:42:32)
    at dispatch (D:\vscode\service\node_modules\koa-compose\index.js:42:32)
    at dta (D:\vscode\service\node_modules\egg-security\lib\middlewares\dta.js:12:12)
    at dispatch (D:\vscode\service\node_modules\koa-compose\index.js:42:32)

pid: 13028
hostname: DESKTOP-QJUC35N

2019-07-14 23:12:27,477 ERROR 6048 [-/127.0.0.1/-/11ms POST /option/create] nodejs.SyntaxError: Unexpected token o in JSON at position 1
    at JSON.parse (<anonymous>)
    at OptionController.createBulk (D:\vscode\service\app\controller\option.ts:26:30)
    at Object.callFn (D:\vscode\service\node_modules\egg-core\lib\utils\index.js:44:21)
    at Object.classControllerMiddleware (D:\vscode\service\node_modules\egg-core\lib\loader\mixin\controller.js:87:20)
    at Object.callFn (D:\vscode\service\node_modules\@eggjs\router\lib\utils.js:12:21)
    at wrappedController (D:\vscode\service\node_modules\@eggjs\router\lib\egg_router.js:322:18)
    at dispatch (D:\vscode\service\node_modules\@eggjs\router\node_modules\koa-compose\index.js:44:32)
    at next (D:\vscode\service\node_modules\@eggjs\router\node_modules\koa-compose\index.js:45:18)
    at D:\vscode\service\node_modules\@eggjs\router\lib\router.js:190:18
    at dispatch (D:\vscode\service\node_modules\@eggjs\router\node_modules\koa-compose\index.js:44:32)
    at D:\vscode\service\node_modules\@eggjs\router\node_modules\koa-compose\index.js:36:12
    at dispatch (D:\vscode\service\node_modules\@eggjs\router\lib\router.js:195:33)
    at dispatch (D:\vscode\service\node_modules\koa-compose\index.js:42:32)
    at D:\vscode\service\app\middleware\authorization.ts:20:13
    at dispatch (D:\vscode\service\node_modules\koa-compose\index.js:42:32)
    at D:\vscode\service\node_modules\egg-development\app\middleware\egg_loader_trace.js:9:56
    at dispatch (D:\vscode\service\node_modules\koa-compose\index.js:42:32)
    at i18n (D:\vscode\service\node_modules\egg-i18n\app\middleware\i18n.js:13:12)
    at dispatch (D:\vscode\service\node_modules\koa-compose\index.js:42:32)
    at dispatch (D:\vscode\service\node_modules\koa-compose\index.js:42:32)
    at dta (D:\vscode\service\node_modules\egg-security\lib\middlewares\dta.js:12:12)
    at dispatch (D:\vscode\service\node_modules\koa-compose\index.js:42:32)

pid: 6048
hostname: DESKTOP-QJUC35N

2019-07-14 23:12:36,089 ERROR 6048 [-/127.0.0.1/-/1ms POST /option/create] nodejs.SyntaxError: Unexpected token o in JSON at position 1
    at JSON.parse (<anonymous>)
    at OptionController.createBulk (D:\vscode\service\app\controller\option.ts:26:30)
    at Object.callFn (D:\vscode\service\node_modules\egg-core\lib\utils\index.js:44:21)
    at Object.classControllerMiddleware (D:\vscode\service\node_modules\egg-core\lib\loader\mixin\controller.js:87:20)
    at Object.callFn (D:\vscode\service\node_modules\@eggjs\router\lib\utils.js:12:21)
    at wrappedController (D:\vscode\service\node_modules\@eggjs\router\lib\egg_router.js:322:18)
    at dispatch (D:\vscode\service\node_modules\@eggjs\router\node_modules\koa-compose\index.js:44:32)
    at next (D:\vscode\service\node_modules\@eggjs\router\node_modules\koa-compose\index.js:45:18)
    at D:\vscode\service\node_modules\@eggjs\router\lib\router.js:190:18
    at dispatch (D:\vscode\service\node_modules\@eggjs\router\node_modules\koa-compose\index.js:44:32)
    at D:\vscode\service\node_modules\@eggjs\router\node_modules\koa-compose\index.js:36:12
    at dispatch (D:\vscode\service\node_modules\@eggjs\router\lib\router.js:195:33)
    at dispatch (D:\vscode\service\node_modules\koa-compose\index.js:42:32)
    at D:\vscode\service\app\middleware\authorization.ts:20:13
    at dispatch (D:\vscode\service\node_modules\koa-compose\index.js:42:32)
    at D:\vscode\service\node_modules\egg-development\app\middleware\egg_loader_trace.js:9:56
    at dispatch (D:\vscode\service\node_modules\koa-compose\index.js:42:32)
    at i18n (D:\vscode\service\node_modules\egg-i18n\app\middleware\i18n.js:13:12)
    at dispatch (D:\vscode\service\node_modules\koa-compose\index.js:42:32)
    at dispatch (D:\vscode\service\node_modules\koa-compose\index.js:42:32)
    at dta (D:\vscode\service\node_modules\egg-security\lib\middlewares\dta.js:12:12)
    at dispatch (D:\vscode\service\node_modules\koa-compose\index.js:42:32)

pid: 6048
hostname: DESKTOP-QJUC35N

2019-07-14 23:12:57,781 ERROR 9564 [-/127.0.0.1/-/14ms POST /option/create] nodejs.TypeError: createInfo.map is not a function
    at OptionService.createBulk (D:\vscode\service\app\service\option.ts:33:33)
    at OptionController.createBulk (D:\vscode\service\app\controller\option.ts:29:49)
    at Object.callFn (D:\vscode\service\node_modules\egg-core\lib\utils\index.js:44:21)
    at Object.classControllerMiddleware (D:\vscode\service\node_modules\egg-core\lib\loader\mixin\controller.js:87:20)
    at Object.callFn (D:\vscode\service\node_modules\@eggjs\router\lib\utils.js:12:21)
    at wrappedController (D:\vscode\service\node_modules\@eggjs\router\lib\egg_router.js:322:18)
    at dispatch (D:\vscode\service\node_modules\@eggjs\router\node_modules\koa-compose\index.js:44:32)
    at next (D:\vscode\service\node_modules\@eggjs\router\node_modules\koa-compose\index.js:45:18)
    at D:\vscode\service\node_modules\@eggjs\router\lib\router.js:190:18
    at dispatch (D:\vscode\service\node_modules\@eggjs\router\node_modules\koa-compose\index.js:44:32)
    at D:\vscode\service\node_modules\@eggjs\router\node_modules\koa-compose\index.js:36:12
    at dispatch (D:\vscode\service\node_modules\@eggjs\router\lib\router.js:195:33)
    at dispatch (D:\vscode\service\node_modules\koa-compose\index.js:42:32)
    at D:\vscode\service\app\middleware\authorization.ts:20:13
    at dispatch (D:\vscode\service\node_modules\koa-compose\index.js:42:32)
    at D:\vscode\service\node_modules\egg-development\app\middleware\egg_loader_trace.js:9:56
    at dispatch (D:\vscode\service\node_modules\koa-compose\index.js:42:32)
    at i18n (D:\vscode\service\node_modules\egg-i18n\app\middleware\i18n.js:13:12)
    at dispatch (D:\vscode\service\node_modules\koa-compose\index.js:42:32)
    at dispatch (D:\vscode\service\node_modules\koa-compose\index.js:42:32)
    at dta (D:\vscode\service\node_modules\egg-security\lib\middlewares\dta.js:12:12)
    at dispatch (D:\vscode\service\node_modules\koa-compose\index.js:42:32)

pid: 9564
hostname: DESKTOP-QJUC35N

2019-07-14 23:26:06,519 ERROR 8292 [-/127.0.0.1/-/25ms POST /option/create] nodejs.Error: updateOnDuplicate option only supports non-empty array.
    at Function.bulkCreate (D:\vscode\service\node_modules\sequelize\lib\model.js:2559:31)
    at OptionService.createBulk (D:\vscode\service\app\service\option.ts:38:47)
    at OptionController.createBulk (D:\vscode\service\app\controller\option.ts:28:49)
    at Object.callFn (D:\vscode\service\node_modules\egg-core\lib\utils\index.js:44:21)
    at Object.classControllerMiddleware (D:\vscode\service\node_modules\egg-core\lib\loader\mixin\controller.js:87:20)
    at Object.callFn (D:\vscode\service\node_modules\@eggjs\router\lib\utils.js:12:21)
    at wrappedController (D:\vscode\service\node_modules\@eggjs\router\lib\egg_router.js:322:18)
    at dispatch (D:\vscode\service\node_modules\@eggjs\router\node_modules\koa-compose\index.js:44:32)
    at next (D:\vscode\service\node_modules\@eggjs\router\node_modules\koa-compose\index.js:45:18)
    at D:\vscode\service\node_modules\@eggjs\router\lib\router.js:190:18
    at dispatch (D:\vscode\service\node_modules\@eggjs\router\node_modules\koa-compose\index.js:44:32)
    at D:\vscode\service\node_modules\@eggjs\router\node_modules\koa-compose\index.js:36:12
    at dispatch (D:\vscode\service\node_modules\@eggjs\router\lib\router.js:195:33)
    at dispatch (D:\vscode\service\node_modules\koa-compose\index.js:42:32)
    at D:\vscode\service\app\middleware\authorization.ts:20:13
    at dispatch (D:\vscode\service\node_modules\koa-compose\index.js:42:32)
    at D:\vscode\service\node_modules\egg-development\app\middleware\egg_loader_trace.js:9:56
    at dispatch (D:\vscode\service\node_modules\koa-compose\index.js:42:32)
    at i18n (D:\vscode\service\node_modules\egg-i18n\app\middleware\i18n.js:13:12)
    at dispatch (D:\vscode\service\node_modules\koa-compose\index.js:42:32)
    at dispatch (D:\vscode\service\node_modules\koa-compose\index.js:42:32)
    at dta (D:\vscode\service\node_modules\egg-security\lib\middlewares\dta.js:12:12)

pid: 8292
hostname: DESKTOP-QJUC35N

2019-07-14 23:26:28,984 ERROR 8292 [-/127.0.0.1/-/1ms POST /option/create] nodejs.Error: updateOnDuplicate option only supports non-empty array.
    at Function.bulkCreate (D:\vscode\service\node_modules\sequelize\lib\model.js:2559:31)
    at OptionService.createBulk (D:\vscode\service\app\service\option.ts:38:47)
    at OptionController.createBulk (D:\vscode\service\app\controller\option.ts:28:49)
    at Object.callFn (D:\vscode\service\node_modules\egg-core\lib\utils\index.js:44:21)
    at Object.classControllerMiddleware (D:\vscode\service\node_modules\egg-core\lib\loader\mixin\controller.js:87:20)
    at Object.callFn (D:\vscode\service\node_modules\@eggjs\router\lib\utils.js:12:21)
    at wrappedController (D:\vscode\service\node_modules\@eggjs\router\lib\egg_router.js:322:18)
    at dispatch (D:\vscode\service\node_modules\@eggjs\router\node_modules\koa-compose\index.js:44:32)
    at next (D:\vscode\service\node_modules\@eggjs\router\node_modules\koa-compose\index.js:45:18)
    at D:\vscode\service\node_modules\@eggjs\router\lib\router.js:190:18
    at dispatch (D:\vscode\service\node_modules\@eggjs\router\node_modules\koa-compose\index.js:44:32)
    at D:\vscode\service\node_modules\@eggjs\router\node_modules\koa-compose\index.js:36:12
    at dispatch (D:\vscode\service\node_modules\@eggjs\router\lib\router.js:195:33)
    at dispatch (D:\vscode\service\node_modules\koa-compose\index.js:42:32)
    at D:\vscode\service\app\middleware\authorization.ts:20:13
    at dispatch (D:\vscode\service\node_modules\koa-compose\index.js:42:32)
    at D:\vscode\service\node_modules\egg-development\app\middleware\egg_loader_trace.js:9:56
    at dispatch (D:\vscode\service\node_modules\koa-compose\index.js:42:32)
    at i18n (D:\vscode\service\node_modules\egg-i18n\app\middleware\i18n.js:13:12)
    at dispatch (D:\vscode\service\node_modules\koa-compose\index.js:42:32)
    at dispatch (D:\vscode\service\node_modules\koa-compose\index.js:42:32)
    at dta (D:\vscode\service\node_modules\egg-security\lib\middlewares\dta.js:12:12)

pid: 8292
hostname: DESKTOP-QJUC35N

2019-07-14 23:26:42,508 ERROR 8292 [-/127.0.0.1/-/1ms POST /option/create] nodejs.Error: updateOnDuplicate option only supports non-empty array.
    at Function.bulkCreate (D:\vscode\service\node_modules\sequelize\lib\model.js:2559:31)
    at OptionService.createBulk (D:\vscode\service\app\service\option.ts:38:47)
    at OptionController.createBulk (D:\vscode\service\app\controller\option.ts:28:49)
    at Object.callFn (D:\vscode\service\node_modules\egg-core\lib\utils\index.js:44:21)
    at Object.classControllerMiddleware (D:\vscode\service\node_modules\egg-core\lib\loader\mixin\controller.js:87:20)
    at Object.callFn (D:\vscode\service\node_modules\@eggjs\router\lib\utils.js:12:21)
    at wrappedController (D:\vscode\service\node_modules\@eggjs\router\lib\egg_router.js:322:18)
    at dispatch (D:\vscode\service\node_modules\@eggjs\router\node_modules\koa-compose\index.js:44:32)
    at next (D:\vscode\service\node_modules\@eggjs\router\node_modules\koa-compose\index.js:45:18)
    at D:\vscode\service\node_modules\@eggjs\router\lib\router.js:190:18
    at dispatch (D:\vscode\service\node_modules\@eggjs\router\node_modules\koa-compose\index.js:44:32)
    at D:\vscode\service\node_modules\@eggjs\router\node_modules\koa-compose\index.js:36:12
    at dispatch (D:\vscode\service\node_modules\@eggjs\router\lib\router.js:195:33)
    at dispatch (D:\vscode\service\node_modules\koa-compose\index.js:42:32)
    at D:\vscode\service\app\middleware\authorization.ts:20:13
    at dispatch (D:\vscode\service\node_modules\koa-compose\index.js:42:32)
    at D:\vscode\service\node_modules\egg-development\app\middleware\egg_loader_trace.js:9:56
    at dispatch (D:\vscode\service\node_modules\koa-compose\index.js:42:32)
    at i18n (D:\vscode\service\node_modules\egg-i18n\app\middleware\i18n.js:13:12)
    at dispatch (D:\vscode\service\node_modules\koa-compose\index.js:42:32)
    at dispatch (D:\vscode\service\node_modules\koa-compose\index.js:42:32)
    at dta (D:\vscode\service\node_modules\egg-security\lib\middlewares\dta.js:12:12)

pid: 8292
hostname: DESKTOP-QJUC35N

2019-07-14 23:28:00,055 ERROR 8292 [-/127.0.0.1/-/3ms POST /option/create] nodejs.Error: updateOnDuplicate option only supports non-empty array.
    at Function.bulkCreate (D:\vscode\service\node_modules\sequelize\lib\model.js:2559:31)
    at OptionService.createBulk (D:\vscode\service\app\service\option.ts:38:47)
    at OptionController.createBulk (D:\vscode\service\app\controller\option.ts:28:49)
    at Object.callFn (D:\vscode\service\node_modules\egg-core\lib\utils\index.js:44:21)
    at Object.classControllerMiddleware (D:\vscode\service\node_modules\egg-core\lib\loader\mixin\controller.js:87:20)
    at Object.callFn (D:\vscode\service\node_modules\@eggjs\router\lib\utils.js:12:21)
    at wrappedController (D:\vscode\service\node_modules\@eggjs\router\lib\egg_router.js:322:18)
    at dispatch (D:\vscode\service\node_modules\@eggjs\router\node_modules\koa-compose\index.js:44:32)
    at next (D:\vscode\service\node_modules\@eggjs\router\node_modules\koa-compose\index.js:45:18)
    at D:\vscode\service\node_modules\@eggjs\router\lib\router.js:190:18
    at dispatch (D:\vscode\service\node_modules\@eggjs\router\node_modules\koa-compose\index.js:44:32)
    at D:\vscode\service\node_modules\@eggjs\router\node_modules\koa-compose\index.js:36:12
    at dispatch (D:\vscode\service\node_modules\@eggjs\router\lib\router.js:195:33)
    at dispatch (D:\vscode\service\node_modules\koa-compose\index.js:42:32)
    at D:\vscode\service\app\middleware\authorization.ts:20:13
    at dispatch (D:\vscode\service\node_modules\koa-compose\index.js:42:32)
    at D:\vscode\service\node_modules\egg-development\app\middleware\egg_loader_trace.js:9:56
    at dispatch (D:\vscode\service\node_modules\koa-compose\index.js:42:32)
    at i18n (D:\vscode\service\node_modules\egg-i18n\app\middleware\i18n.js:13:12)
    at dispatch (D:\vscode\service\node_modules\koa-compose\index.js:42:32)
    at dispatch (D:\vscode\service\node_modules\koa-compose\index.js:42:32)
    at dta (D:\vscode\service\node_modules\egg-security\lib\middlewares\dta.js:12:12)

pid: 8292
hostname: DESKTOP-QJUC35N

2019-07-14 23:28:06,994 ERROR 20144 [-/127.0.0.1/-/27ms POST /option/create] nodejs.Error: updateOnDuplicate option only supports non-empty array.
    at Function.bulkCreate (D:\vscode\service\node_modules\sequelize\lib\model.js:2559:31)
    at OptionService.createBulk (D:\vscode\service\app\service\option.ts:38:47)
    at OptionController.createBulk (D:\vscode\service\app\controller\option.ts:28:49)
    at Object.callFn (D:\vscode\service\node_modules\egg-core\lib\utils\index.js:44:21)
    at Object.classControllerMiddleware (D:\vscode\service\node_modules\egg-core\lib\loader\mixin\controller.js:87:20)
    at Object.callFn (D:\vscode\service\node_modules\@eggjs\router\lib\utils.js:12:21)
    at wrappedController (D:\vscode\service\node_modules\@eggjs\router\lib\egg_router.js:322:18)
    at dispatch (D:\vscode\service\node_modules\@eggjs\router\node_modules\koa-compose\index.js:44:32)
    at next (D:\vscode\service\node_modules\@eggjs\router\node_modules\koa-compose\index.js:45:18)
    at D:\vscode\service\node_modules\@eggjs\router\lib\router.js:190:18
    at dispatch (D:\vscode\service\node_modules\@eggjs\router\node_modules\koa-compose\index.js:44:32)
    at D:\vscode\service\node_modules\@eggjs\router\node_modules\koa-compose\index.js:36:12
    at dispatch (D:\vscode\service\node_modules\@eggjs\router\lib\router.js:195:33)
    at dispatch (D:\vscode\service\node_modules\koa-compose\index.js:42:32)
    at D:\vscode\service\app\middleware\authorization.ts:20:13
    at dispatch (D:\vscode\service\node_modules\koa-compose\index.js:42:32)
    at D:\vscode\service\node_modules\egg-development\app\middleware\egg_loader_trace.js:9:56
    at dispatch (D:\vscode\service\node_modules\koa-compose\index.js:42:32)
    at i18n (D:\vscode\service\node_modules\egg-i18n\app\middleware\i18n.js:13:12)
    at dispatch (D:\vscode\service\node_modules\koa-compose\index.js:42:32)
    at dispatch (D:\vscode\service\node_modules\koa-compose\index.js:42:32)
    at dta (D:\vscode\service\node_modules\egg-security\lib\middlewares\dta.js:12:12)

pid: 20144
hostname: DESKTOP-QJUC35N

2019-07-14 23:28:42,135 ERROR 20144 [-/127.0.0.1/-/4ms POST /option/create] nodejs.Error: updateOnDuplicate option only supports non-empty array.
    at Function.bulkCreate (D:\vscode\service\node_modules\sequelize\lib\model.js:2559:31)
    at OptionService.createBulk (D:\vscode\service\app\service\option.ts:38:47)
    at OptionController.createBulk (D:\vscode\service\app\controller\option.ts:28:49)
    at Object.callFn (D:\vscode\service\node_modules\egg-core\lib\utils\index.js:44:21)
    at Object.classControllerMiddleware (D:\vscode\service\node_modules\egg-core\lib\loader\mixin\controller.js:87:20)
    at Object.callFn (D:\vscode\service\node_modules\@eggjs\router\lib\utils.js:12:21)
    at wrappedController (D:\vscode\service\node_modules\@eggjs\router\lib\egg_router.js:322:18)
    at dispatch (D:\vscode\service\node_modules\@eggjs\router\node_modules\koa-compose\index.js:44:32)
    at next (D:\vscode\service\node_modules\@eggjs\router\node_modules\koa-compose\index.js:45:18)
    at D:\vscode\service\node_modules\@eggjs\router\lib\router.js:190:18
    at dispatch (D:\vscode\service\node_modules\@eggjs\router\node_modules\koa-compose\index.js:44:32)
    at D:\vscode\service\node_modules\@eggjs\router\node_modules\koa-compose\index.js:36:12
    at dispatch (D:\vscode\service\node_modules\@eggjs\router\lib\router.js:195:33)
    at dispatch (D:\vscode\service\node_modules\koa-compose\index.js:42:32)
    at D:\vscode\service\app\middleware\authorization.ts:20:13
    at dispatch (D:\vscode\service\node_modules\koa-compose\index.js:42:32)
    at D:\vscode\service\node_modules\egg-development\app\middleware\egg_loader_trace.js:9:56
    at dispatch (D:\vscode\service\node_modules\koa-compose\index.js:42:32)
    at i18n (D:\vscode\service\node_modules\egg-i18n\app\middleware\i18n.js:13:12)
    at dispatch (D:\vscode\service\node_modules\koa-compose\index.js:42:32)
    at dispatch (D:\vscode\service\node_modules\koa-compose\index.js:42:32)
    at dta (D:\vscode\service\node_modules\egg-security\lib\middlewares\dta.js:12:12)

pid: 20144
hostname: DESKTOP-QJUC35N

2019-07-14 23:29:51,398 ERROR 20144 [-/127.0.0.1/-/2ms POST /option/create] nodejs.Error: updateOnDuplicate option only supports non-empty array.
    at Function.bulkCreate (D:\vscode\service\node_modules\sequelize\lib\model.js:2559:31)
    at OptionService.createBulk (D:\vscode\service\app\service\option.ts:38:47)
    at OptionController.createBulk (D:\vscode\service\app\controller\option.ts:28:49)
    at Object.callFn (D:\vscode\service\node_modules\egg-core\lib\utils\index.js:44:21)
    at Object.classControllerMiddleware (D:\vscode\service\node_modules\egg-core\lib\loader\mixin\controller.js:87:20)
    at Object.callFn (D:\vscode\service\node_modules\@eggjs\router\lib\utils.js:12:21)
    at wrappedController (D:\vscode\service\node_modules\@eggjs\router\lib\egg_router.js:322:18)
    at dispatch (D:\vscode\service\node_modules\@eggjs\router\node_modules\koa-compose\index.js:44:32)
    at next (D:\vscode\service\node_modules\@eggjs\router\node_modules\koa-compose\index.js:45:18)
    at D:\vscode\service\node_modules\@eggjs\router\lib\router.js:190:18
    at dispatch (D:\vscode\service\node_modules\@eggjs\router\node_modules\koa-compose\index.js:44:32)
    at D:\vscode\service\node_modules\@eggjs\router\node_modules\koa-compose\index.js:36:12
    at dispatch (D:\vscode\service\node_modules\@eggjs\router\lib\router.js:195:33)
    at dispatch (D:\vscode\service\node_modules\koa-compose\index.js:42:32)
    at D:\vscode\service\app\middleware\authorization.ts:20:13
    at dispatch (D:\vscode\service\node_modules\koa-compose\index.js:42:32)
    at D:\vscode\service\node_modules\egg-development\app\middleware\egg_loader_trace.js:9:56
    at dispatch (D:\vscode\service\node_modules\koa-compose\index.js:42:32)
    at i18n (D:\vscode\service\node_modules\egg-i18n\app\middleware\i18n.js:13:12)
    at dispatch (D:\vscode\service\node_modules\koa-compose\index.js:42:32)
    at dispatch (D:\vscode\service\node_modules\koa-compose\index.js:42:32)
    at dta (D:\vscode\service\node_modules\egg-security\lib\middlewares\dta.js:12:12)

pid: 20144
hostname: DESKTOP-QJUC35N

2019-07-14 23:30:29,343 ERROR 20144 [-/127.0.0.1/-/2ms POST /option/create] nodejs.Error: updateOnDuplicate option only supports non-empty array.
    at Function.bulkCreate (D:\vscode\service\node_modules\sequelize\lib\model.js:2559:31)
    at OptionService.createBulk (D:\vscode\service\app\service\option.ts:38:47)
    at OptionController.createBulk (D:\vscode\service\app\controller\option.ts:28:49)
    at Object.callFn (D:\vscode\service\node_modules\egg-core\lib\utils\index.js:44:21)
    at Object.classControllerMiddleware (D:\vscode\service\node_modules\egg-core\lib\loader\mixin\controller.js:87:20)
    at Object.callFn (D:\vscode\service\node_modules\@eggjs\router\lib\utils.js:12:21)
    at wrappedController (D:\vscode\service\node_modules\@eggjs\router\lib\egg_router.js:322:18)
    at dispatch (D:\vscode\service\node_modules\@eggjs\router\node_modules\koa-compose\index.js:44:32)
    at next (D:\vscode\service\node_modules\@eggjs\router\node_modules\koa-compose\index.js:45:18)
    at D:\vscode\service\node_modules\@eggjs\router\lib\router.js:190:18
    at dispatch (D:\vscode\service\node_modules\@eggjs\router\node_modules\koa-compose\index.js:44:32)
    at D:\vscode\service\node_modules\@eggjs\router\node_modules\koa-compose\index.js:36:12
    at dispatch (D:\vscode\service\node_modules\@eggjs\router\lib\router.js:195:33)
    at dispatch (D:\vscode\service\node_modules\koa-compose\index.js:42:32)
    at D:\vscode\service\app\middleware\authorization.ts:20:13
    at dispatch (D:\vscode\service\node_modules\koa-compose\index.js:42:32)
    at D:\vscode\service\node_modules\egg-development\app\middleware\egg_loader_trace.js:9:56
    at dispatch (D:\vscode\service\node_modules\koa-compose\index.js:42:32)
    at i18n (D:\vscode\service\node_modules\egg-i18n\app\middleware\i18n.js:13:12)
    at dispatch (D:\vscode\service\node_modules\koa-compose\index.js:42:32)
    at dispatch (D:\vscode\service\node_modules\koa-compose\index.js:42:32)
    at dta (D:\vscode\service\node_modules\egg-security\lib\middlewares\dta.js:12:12)

pid: 20144
hostname: DESKTOP-QJUC35N

2019-07-14 23:31:27,997 ERROR 20144 [-/127.0.0.1/-/2ms POST /option/create] nodejs.Error: updateOnDuplicate option only supports non-empty array.
    at Function.bulkCreate (D:\vscode\service\node_modules\sequelize\lib\model.js:2559:31)
    at OptionService.createBulk (D:\vscode\service\app\service\option.ts:38:47)
    at OptionController.createBulk (D:\vscode\service\app\controller\option.ts:28:49)
    at Object.callFn (D:\vscode\service\node_modules\egg-core\lib\utils\index.js:44:21)
    at Object.classControllerMiddleware (D:\vscode\service\node_modules\egg-core\lib\loader\mixin\controller.js:87:20)
    at Object.callFn (D:\vscode\service\node_modules\@eggjs\router\lib\utils.js:12:21)
    at wrappedController (D:\vscode\service\node_modules\@eggjs\router\lib\egg_router.js:322:18)
    at dispatch (D:\vscode\service\node_modules\@eggjs\router\node_modules\koa-compose\index.js:44:32)
    at next (D:\vscode\service\node_modules\@eggjs\router\node_modules\koa-compose\index.js:45:18)
    at D:\vscode\service\node_modules\@eggjs\router\lib\router.js:190:18
    at dispatch (D:\vscode\service\node_modules\@eggjs\router\node_modules\koa-compose\index.js:44:32)
    at D:\vscode\service\node_modules\@eggjs\router\node_modules\koa-compose\index.js:36:12
    at dispatch (D:\vscode\service\node_modules\@eggjs\router\lib\router.js:195:33)
    at dispatch (D:\vscode\service\node_modules\koa-compose\index.js:42:32)
    at D:\vscode\service\app\middleware\authorization.ts:20:13
    at dispatch (D:\vscode\service\node_modules\koa-compose\index.js:42:32)
    at D:\vscode\service\node_modules\egg-development\app\middleware\egg_loader_trace.js:9:56
    at dispatch (D:\vscode\service\node_modules\koa-compose\index.js:42:32)
    at i18n (D:\vscode\service\node_modules\egg-i18n\app\middleware\i18n.js:13:12)
    at dispatch (D:\vscode\service\node_modules\koa-compose\index.js:42:32)
    at dispatch (D:\vscode\service\node_modules\koa-compose\index.js:42:32)
    at dta (D:\vscode\service\node_modules\egg-security\lib\middlewares\dta.js:12:12)

pid: 20144
hostname: DESKTOP-QJUC35N

2019-07-14 23:33:09,478 ERROR 20144 [-/127.0.0.1/-/4ms POST /option/create] nodejs.Error: updateOnDuplicate option only supports non-empty array.
    at Function.bulkCreate (D:\vscode\service\node_modules\sequelize\lib\model.js:2559:31)
    at OptionService.createBulk (D:\vscode\service\app\service\option.ts:38:47)
    at OptionController.createBulk (D:\vscode\service\app\controller\option.ts:28:49)
    at Object.callFn (D:\vscode\service\node_modules\egg-core\lib\utils\index.js:44:21)
    at Object.classControllerMiddleware (D:\vscode\service\node_modules\egg-core\lib\loader\mixin\controller.js:87:20)
    at Object.callFn (D:\vscode\service\node_modules\@eggjs\router\lib\utils.js:12:21)
    at wrappedController (D:\vscode\service\node_modules\@eggjs\router\lib\egg_router.js:322:18)
    at dispatch (D:\vscode\service\node_modules\@eggjs\router\node_modules\koa-compose\index.js:44:32)
    at next (D:\vscode\service\node_modules\@eggjs\router\node_modules\koa-compose\index.js:45:18)
    at D:\vscode\service\node_modules\@eggjs\router\lib\router.js:190:18
    at dispatch (D:\vscode\service\node_modules\@eggjs\router\node_modules\koa-compose\index.js:44:32)
    at D:\vscode\service\node_modules\@eggjs\router\node_modules\koa-compose\index.js:36:12
    at dispatch (D:\vscode\service\node_modules\@eggjs\router\lib\router.js:195:33)
    at dispatch (D:\vscode\service\node_modules\koa-compose\index.js:42:32)
    at D:\vscode\service\app\middleware\authorization.ts:20:13
    at dispatch (D:\vscode\service\node_modules\koa-compose\index.js:42:32)
    at D:\vscode\service\node_modules\egg-development\app\middleware\egg_loader_trace.js:9:56
    at dispatch (D:\vscode\service\node_modules\koa-compose\index.js:42:32)
    at i18n (D:\vscode\service\node_modules\egg-i18n\app\middleware\i18n.js:13:12)
    at dispatch (D:\vscode\service\node_modules\koa-compose\index.js:42:32)
    at dispatch (D:\vscode\service\node_modules\koa-compose\index.js:42:32)
    at dta (D:\vscode\service\node_modules\egg-security\lib\middlewares\dta.js:12:12)

pid: 20144
hostname: DESKTOP-QJUC35N

2019-07-14 23:50:50,449 ERROR 9052 [-/127.0.0.1/-/2ms POST /option/update] nodejs.SyntaxError: Unexpected token o in JSON at position 1
    at JSON.parse (<anonymous>)
    at OptionController.updateBulk (D:\vscode\service\app\controller\option.ts:43:29)
    at Object.callFn (D:\vscode\service\node_modules\egg-core\lib\utils\index.js:44:21)
    at Object.classControllerMiddleware (D:\vscode\service\node_modules\egg-core\lib\loader\mixin\controller.js:87:20)
    at Object.callFn (D:\vscode\service\node_modules\@eggjs\router\lib\utils.js:12:21)
    at wrappedController (D:\vscode\service\node_modules\@eggjs\router\lib\egg_router.js:322:18)
    at dispatch (D:\vscode\service\node_modules\@eggjs\router\node_modules\koa-compose\index.js:44:32)
    at next (D:\vscode\service\node_modules\@eggjs\router\node_modules\koa-compose\index.js:45:18)
    at D:\vscode\service\node_modules\@eggjs\router\lib\router.js:190:18
    at dispatch (D:\vscode\service\node_modules\@eggjs\router\node_modules\koa-compose\index.js:44:32)
    at D:\vscode\service\node_modules\@eggjs\router\node_modules\koa-compose\index.js:36:12
    at dispatch (D:\vscode\service\node_modules\@eggjs\router\lib\router.js:195:33)
    at dispatch (D:\vscode\service\node_modules\koa-compose\index.js:42:32)
    at D:\vscode\service\app\middleware\authorization.ts:20:13
    at dispatch (D:\vscode\service\node_modules\koa-compose\index.js:42:32)
    at D:\vscode\service\node_modules\egg-development\app\middleware\egg_loader_trace.js:9:56
    at dispatch (D:\vscode\service\node_modules\koa-compose\index.js:42:32)
    at i18n (D:\vscode\service\node_modules\egg-i18n\app\middleware\i18n.js:13:12)
    at dispatch (D:\vscode\service\node_modules\koa-compose\index.js:42:32)
    at dispatch (D:\vscode\service\node_modules\koa-compose\index.js:42:32)
    at dta (D:\vscode\service\node_modules\egg-security\lib\middlewares\dta.js:12:12)
    at dispatch (D:\vscode\service\node_modules\koa-compose\index.js:42:32)

pid: 9052
hostname: DESKTOP-QJUC35N

2019-07-14 23:52:08,885 ERROR 8460 [-/127.0.0.1/-/14ms POST /option/update] nodejs.Error: Dialect needs to be explicitly supplied as of v4.0.0
    at new Sequelize (D:\vscode\service\node_modules\sequelize\lib\sequelize.js:261:13)
    at OptionService.updateBulk (D:\vscode\service\app\service\option.ts:61:23)
    at OptionController.updateBulk (D:\vscode\service\app\controller\option.ts:45:49)
    at Object.callFn (D:\vscode\service\node_modules\egg-core\lib\utils\index.js:44:21)
    at Object.classControllerMiddleware (D:\vscode\service\node_modules\egg-core\lib\loader\mixin\controller.js:87:20)
    at Object.callFn (D:\vscode\service\node_modules\@eggjs\router\lib\utils.js:12:21)
    at wrappedController (D:\vscode\service\node_modules\@eggjs\router\lib\egg_router.js:322:18)
    at dispatch (D:\vscode\service\node_modules\@eggjs\router\node_modules\koa-compose\index.js:44:32)
    at next (D:\vscode\service\node_modules\@eggjs\router\node_modules\koa-compose\index.js:45:18)
    at D:\vscode\service\node_modules\@eggjs\router\lib\router.js:190:18
    at dispatch (D:\vscode\service\node_modules\@eggjs\router\node_modules\koa-compose\index.js:44:32)
    at D:\vscode\service\node_modules\@eggjs\router\node_modules\koa-compose\index.js:36:12
    at dispatch (D:\vscode\service\node_modules\@eggjs\router\lib\router.js:195:33)
    at dispatch (D:\vscode\service\node_modules\koa-compose\index.js:42:32)
    at D:\vscode\service\app\middleware\authorization.ts:20:13
    at dispatch (D:\vscode\service\node_modules\koa-compose\index.js:42:32)
    at D:\vscode\service\node_modules\egg-development\app\middleware\egg_loader_trace.js:9:56
    at dispatch (D:\vscode\service\node_modules\koa-compose\index.js:42:32)
    at i18n (D:\vscode\service\node_modules\egg-i18n\app\middleware\i18n.js:13:12)
    at dispatch (D:\vscode\service\node_modules\koa-compose\index.js:42:32)
    at dispatch (D:\vscode\service\node_modules\koa-compose\index.js:42:32)
    at dta (D:\vscode\service\node_modules\egg-security\lib\middlewares\dta.js:12:12)

pid: 8460
hostname: DESKTOP-QJUC35N

2019-07-15 00:10:04,307 ERROR 15380 [-/127.0.0.1/-/13ms POST /option/update] nodejs.Error: Dialect needs to be explicitly supplied as of v4.0.0
    at new Sequelize (D:\vscode\service\node_modules\sequelize\lib\sequelize.js:261:13)
    at OptionService.updateBulk (D:\vscode\service\app\service\option.ts:59:23)
    at OptionController.updateBulk (D:\vscode\service\app\controller\option.ts:45:49)
    at Object.callFn (D:\vscode\service\node_modules\egg-core\lib\utils\index.js:44:21)
    at Object.classControllerMiddleware (D:\vscode\service\node_modules\egg-core\lib\loader\mixin\controller.js:87:20)
    at Object.callFn (D:\vscode\service\node_modules\@eggjs\router\lib\utils.js:12:21)
    at wrappedController (D:\vscode\service\node_modules\@eggjs\router\lib\egg_router.js:322:18)
    at dispatch (D:\vscode\service\node_modules\@eggjs\router\node_modules\koa-compose\index.js:44:32)
    at next (D:\vscode\service\node_modules\@eggjs\router\node_modules\koa-compose\index.js:45:18)
    at D:\vscode\service\node_modules\@eggjs\router\lib\router.js:190:18
    at dispatch (D:\vscode\service\node_modules\@eggjs\router\node_modules\koa-compose\index.js:44:32)
    at D:\vscode\service\node_modules\@eggjs\router\node_modules\koa-compose\index.js:36:12
    at dispatch (D:\vscode\service\node_modules\@eggjs\router\lib\router.js:195:33)
    at dispatch (D:\vscode\service\node_modules\koa-compose\index.js:42:32)
    at D:\vscode\service\app\middleware\authorization.ts:20:13
    at dispatch (D:\vscode\service\node_modules\koa-compose\index.js:42:32)
    at D:\vscode\service\node_modules\egg-development\app\middleware\egg_loader_trace.js:9:56
    at dispatch (D:\vscode\service\node_modules\koa-compose\index.js:42:32)
    at i18n (D:\vscode\service\node_modules\egg-i18n\app\middleware\i18n.js:13:12)
    at dispatch (D:\vscode\service\node_modules\koa-compose\index.js:42:32)
    at dispatch (D:\vscode\service\node_modules\koa-compose\index.js:42:32)
    at dta (D:\vscode\service\node_modules\egg-security\lib\middlewares\dta.js:12:12)

pid: 15380
hostname: DESKTOP-QJUC35N

2019-07-15 00:11:23,559 ERROR 1608 [-/127.0.0.1/-/13ms POST /option/update] nodejs.Error: Dialect needs to be explicitly supplied as of v4.0.0
    at new Sequelize (D:\vscode\service\node_modules\sequelize\lib\sequelize.js:261:13)
    at OptionService.updateBulk (D:\vscode\service\app\service\option.ts:59:23)
    at OptionController.updateBulk (D:\vscode\service\app\controller\option.ts:45:49)
    at Object.callFn (D:\vscode\service\node_modules\egg-core\lib\utils\index.js:44:21)
    at Object.classControllerMiddleware (D:\vscode\service\node_modules\egg-core\lib\loader\mixin\controller.js:87:20)
    at Object.callFn (D:\vscode\service\node_modules\@eggjs\router\lib\utils.js:12:21)
    at wrappedController (D:\vscode\service\node_modules\@eggjs\router\lib\egg_router.js:322:18)
    at dispatch (D:\vscode\service\node_modules\@eggjs\router\node_modules\koa-compose\index.js:44:32)
    at next (D:\vscode\service\node_modules\@eggjs\router\node_modules\koa-compose\index.js:45:18)
    at D:\vscode\service\node_modules\@eggjs\router\lib\router.js:190:18
    at dispatch (D:\vscode\service\node_modules\@eggjs\router\node_modules\koa-compose\index.js:44:32)
    at D:\vscode\service\node_modules\@eggjs\router\node_modules\koa-compose\index.js:36:12
    at dispatch (D:\vscode\service\node_modules\@eggjs\router\lib\router.js:195:33)
    at dispatch (D:\vscode\service\node_modules\koa-compose\index.js:42:32)
    at D:\vscode\service\app\middleware\authorization.ts:20:13
    at dispatch (D:\vscode\service\node_modules\koa-compose\index.js:42:32)
    at D:\vscode\service\node_modules\egg-development\app\middleware\egg_loader_trace.js:9:56
    at dispatch (D:\vscode\service\node_modules\koa-compose\index.js:42:32)
    at i18n (D:\vscode\service\node_modules\egg-i18n\app\middleware\i18n.js:13:12)
    at dispatch (D:\vscode\service\node_modules\koa-compose\index.js:42:32)
    at dispatch (D:\vscode\service\node_modules\koa-compose\index.js:42:32)
    at dta (D:\vscode\service\node_modules\egg-security\lib\middlewares\dta.js:12:12)

pid: 1608
hostname: DESKTOP-QJUC35N

2019-07-15 09:29:32,616 ERROR 8644 [-/127.0.0.1/-/62ms POST /comment/create] nodejs.SequelizeDatabaseError: Unknown column 'comment_id' in 'field list'
    at Query.formatError (D:\vscode\service\node_modules\sequelize\lib\dialects\mysql\query.js:239:16)
    at handler (D:\vscode\service\node_modules\sequelize\lib\dialects\mysql\query.js:46:23)
    at Prepare.Commands.Prepare [as onResult] (D:\vscode\service\node_modules\mysql2\lib\connection.js:636:11)
    at Prepare.execute (D:\vscode\service\node_modules\mysql2\lib\commands\command.js:30:14)
    at Connection.handlePacket (D:\vscode\service\node_modules\mysql2\lib\connection.js:449:32)
    at PacketParser.Connection.packetParser.p [as onPacket] (D:\vscode\service\node_modules\mysql2\lib\connection.js:72:12)
    at PacketParser.executeStart (D:\vscode\service\node_modules\mysql2\lib\packet_parser.js:75:16)
    at Socket.Connection.stream.on.data (D:\vscode\service\node_modules\mysql2\lib\connection.js:79:25)
    at Socket.emit (events.js:189:13)
    at addChunk (_stream_readable.js:284:12)
    at readableAddChunk (_stream_readable.js:265:11)
    at Socket.Readable.push (_stream_readable.js:220:10)
    at TCP.onStreamRead [as onread] (internal/stream_base_commons.js:94:17)
From previous event:
    at Query.run (D:\vscode\service\node_modules\sequelize\lib\dialects\mysql\query.js:39:12)
    at runHooks.then (D:\vscode\service\node_modules\sequelize\lib\sequelize.js:635:29)
From previous event:
    at Promise.try.then.connection (D:\vscode\service\node_modules\sequelize\lib\sequelize.js:635:12)
From previous event:
    at Promise.resolve.retry (D:\vscode\service\node_modules\sequelize\lib\sequelize.js:632:10)
    at D:\vscode\service\node_modules\retry-as-promised\index.js:70:21
    at new Promise (<anonymous>)
    at retryAsPromised (D:\vscode\service\node_modules\retry-as-promised\index.js:60:10)
    at Promise.try (D:\vscode\service\node_modules\sequelize\lib\sequelize.js:619:30)
From previous event:
    at Sequelize.query (D:\vscode\service\node_modules\sequelize\lib\sequelize.js:576:23)
    at QueryInterface.insert (D:\vscode\service\node_modules\sequelize\lib\query-interface.js:885:27)
    at Promise.try.then.then.then (D:\vscode\service\node_modules\sequelize\lib\model.js:3824:52)
    at runCallback (timers.js:705:18)
    at tryOnImmediate (timers.js:676:5)
    at processImmediate (timers.js:658:5)
From previous event:
    at Object.save (D:\vscode\service\node_modules\sequelize\lib\model.js:3801:8)
    at Function.create (D:\vscode\service\node_modules\sequelize\lib\model.js:2222:8)
    at CategoryService.create (D:\vscode\service\app\service\comment.ts:15:48)
    at CommentController.create (D:\vscode\service\app\controller\comment.ts:11:50)
    at Object.callFn (D:\vscode\service\node_modules\egg-core\lib\utils\index.js:44:21)
    at Object.classControllerMiddleware (D:\vscode\service\node_modules\egg-core\lib\loader\mixin\controller.js:87:20)
    at Object.callFn (D:\vscode\service\node_modules\@eggjs\router\lib\utils.js:12:21)
    at wrappedController (D:\vscode\service\node_modules\@eggjs\router\lib\egg_router.js:322:18)
    at dispatch (D:\vscode\service\node_modules\@eggjs\router\node_modules\koa-compose\index.js:44:32)
    at next (D:\vscode\service\node_modules\@eggjs\router\node_modules\koa-compose\index.js:45:18)
    at D:\vscode\service\node_modules\@eggjs\router\lib\router.js:190:18
    at dispatch (D:\vscode\service\node_modules\@eggjs\router\node_modules\koa-compose\index.js:44:32)
    at D:\vscode\service\node_modules\@eggjs\router\node_modules\koa-compose\index.js:36:12
    at dispatch (D:\vscode\service\node_modules\@eggjs\router\lib\router.js:195:33)
    at dispatch (D:\vscode\service\node_modules\koa-compose\index.js:42:32)
    at D:\vscode\service\app\middleware\authorization.ts:20:13
    at dispatch (D:\vscode\service\node_modules\koa-compose\index.js:42:32)
    at D:\vscode\service\node_modules\egg-development\app\middleware\egg_loader_trace.js:9:56
    at dispatch (D:\vscode\service\node_modules\koa-compose\index.js:42:32)
    at i18n (D:\vscode\service\node_modules\egg-i18n\app\middleware\i18n.js:13:12)
    at dispatch (D:\vscode\service\node_modules\koa-compose\index.js:42:32)
    at dispatch (D:\vscode\service\node_modules\koa-compose\index.js:42:32)
    at dta (D:\vscode\service\node_modules\egg-security\lib\middlewares\dta.js:12:12)
    at dispatch (D:\vscode\service\node_modules\koa-compose\index.js:42:32)
    at xframe (D:\vscode\service\node_modules\egg-security\lib\middlewares\xframe.js:7:11)
name: "SequelizeDatabaseError"
parent: {"code":"ER_BAD_FIELD_ERROR","errno":1054,"sqlState":"42S22","sqlMessage":"Unknown column 'comment_id' in 'field list'","sql":"INSERT INTO `categorys` (`id`,`comment_id`,`quality`,`service`,`logistics`,`customer_id`,`good_id`,`descreption`,`created_at`,`updated_at`) VALUES (DEFAULT,?,?,?,?,?,?,?,?,?);"}
original: {"code":"ER_BAD_FIELD_ERROR","errno":1054,"sqlState":"42S22","sqlMessage":"Unknown column 'comment_id' in 'field list'","sql":"INSERT INTO `categorys` (`id`,`comment_id`,`quality`,`service`,`logistics`,`customer_id`,`good_id`,`descreption`,`created_at`,`updated_at`) VALUES (DEFAULT,?,?,?,?,?,?,?,?,?);"}
sql: "INSERT INTO `categorys` (`id`,`comment_id`,`quality`,`service`,`logistics`,`customer_id`,`good_id`,`descreption`,`created_at`,`updated_at`) VALUES (DEFAULT,?,?,?,?,?,?,?,?,?);"
pid: 8644
hostname: DESKTOP-QJUC35N

2019-07-15 09:30:13,378 ERROR 8644 [-/127.0.0.1/-/10ms POST /comment/create] nodejs.SequelizeDatabaseError: Unknown column 'comment_id' in 'field list'
    at Query.formatError (D:\vscode\service\node_modules\sequelize\lib\dialects\mysql\query.js:239:16)
    at handler (D:\vscode\service\node_modules\sequelize\lib\dialects\mysql\query.js:46:23)
    at Prepare.Commands.Prepare [as onResult] (D:\vscode\service\node_modules\mysql2\lib\connection.js:636:11)
    at Prepare.execute (D:\vscode\service\node_modules\mysql2\lib\commands\command.js:30:14)
    at Connection.handlePacket (D:\vscode\service\node_modules\mysql2\lib\connection.js:449:32)
    at PacketParser.Connection.packetParser.p [as onPacket] (D:\vscode\service\node_modules\mysql2\lib\connection.js:72:12)
    at PacketParser.executeStart (D:\vscode\service\node_modules\mysql2\lib\packet_parser.js:75:16)
    at Socket.Connection.stream.on.data (D:\vscode\service\node_modules\mysql2\lib\connection.js:79:25)
    at Socket.emit (events.js:189:13)
    at addChunk (_stream_readable.js:284:12)
    at readableAddChunk (_stream_readable.js:265:11)
    at Socket.Readable.push (_stream_readable.js:220:10)
    at TCP.onStreamRead [as onread] (internal/stream_base_commons.js:94:17)
From previous event:
    at Query.run (D:\vscode\service\node_modules\sequelize\lib\dialects\mysql\query.js:39:12)
    at runHooks.then (D:\vscode\service\node_modules\sequelize\lib\sequelize.js:635:29)
From previous event:
    at Promise.try.then.connection (D:\vscode\service\node_modules\sequelize\lib\sequelize.js:635:12)
From previous event:
    at Promise.resolve.retry (D:\vscode\service\node_modules\sequelize\lib\sequelize.js:632:10)
    at D:\vscode\service\node_modules\retry-as-promised\index.js:70:21
    at new Promise (<anonymous>)
    at retryAsPromised (D:\vscode\service\node_modules\retry-as-promised\index.js:60:10)
    at Promise.try (D:\vscode\service\node_modules\sequelize\lib\sequelize.js:619:30)
From previous event:
    at Sequelize.query (D:\vscode\service\node_modules\sequelize\lib\sequelize.js:576:23)
    at QueryInterface.insert (D:\vscode\service\node_modules\sequelize\lib\query-interface.js:885:27)
    at Promise.try.then.then.then (D:\vscode\service\node_modules\sequelize\lib\model.js:3824:52)
    at runCallback (timers.js:705:18)
    at tryOnImmediate (timers.js:676:5)
    at processImmediate (timers.js:658:5)
From previous event:
    at Object.save (D:\vscode\service\node_modules\sequelize\lib\model.js:3801:8)
    at Function.create (D:\vscode\service\node_modules\sequelize\lib\model.js:2222:8)
    at CategoryService.create (D:\vscode\service\app\service\comment.ts:15:48)
    at CommentController.create (D:\vscode\service\app\controller\comment.ts:11:50)
    at Object.callFn (D:\vscode\service\node_modules\egg-core\lib\utils\index.js:44:21)
    at Object.classControllerMiddleware (D:\vscode\service\node_modules\egg-core\lib\loader\mixin\controller.js:87:20)
    at Object.callFn (D:\vscode\service\node_modules\@eggjs\router\lib\utils.js:12:21)
    at wrappedController (D:\vscode\service\node_modules\@eggjs\router\lib\egg_router.js:322:18)
    at dispatch (D:\vscode\service\node_modules\@eggjs\router\node_modules\koa-compose\index.js:44:32)
    at next (D:\vscode\service\node_modules\@eggjs\router\node_modules\koa-compose\index.js:45:18)
    at D:\vscode\service\node_modules\@eggjs\router\lib\router.js:190:18
    at dispatch (D:\vscode\service\node_modules\@eggjs\router\node_modules\koa-compose\index.js:44:32)
    at D:\vscode\service\node_modules\@eggjs\router\node_modules\koa-compose\index.js:36:12
    at dispatch (D:\vscode\service\node_modules\@eggjs\router\lib\router.js:195:33)
    at dispatch (D:\vscode\service\node_modules\koa-compose\index.js:42:32)
    at D:\vscode\service\app\middleware\authorization.ts:20:13
    at dispatch (D:\vscode\service\node_modules\koa-compose\index.js:42:32)
    at D:\vscode\service\node_modules\egg-development\app\middleware\egg_loader_trace.js:9:56
    at dispatch (D:\vscode\service\node_modules\koa-compose\index.js:42:32)
    at i18n (D:\vscode\service\node_modules\egg-i18n\app\middleware\i18n.js:13:12)
    at dispatch (D:\vscode\service\node_modules\koa-compose\index.js:42:32)
    at dispatch (D:\vscode\service\node_modules\koa-compose\index.js:42:32)
    at dta (D:\vscode\service\node_modules\egg-security\lib\middlewares\dta.js:12:12)
    at dispatch (D:\vscode\service\node_modules\koa-compose\index.js:42:32)
    at xframe (D:\vscode\service\node_modules\egg-security\lib\middlewares\xframe.js:7:11)
name: "SequelizeDatabaseError"
parent: {"code":"ER_BAD_FIELD_ERROR","errno":1054,"sqlState":"42S22","sqlMessage":"Unknown column 'comment_id' in 'field list'","sql":"INSERT INTO `categorys` (`id`,`comment_id`,`quality`,`service`,`logistics`,`customer_id`,`good_id`,`descreption`,`created_at`,`updated_at`) VALUES (DEFAULT,?,?,?,?,?,?,?,?,?);"}
original: {"code":"ER_BAD_FIELD_ERROR","errno":1054,"sqlState":"42S22","sqlMessage":"Unknown column 'comment_id' in 'field list'","sql":"INSERT INTO `categorys` (`id`,`comment_id`,`quality`,`service`,`logistics`,`customer_id`,`good_id`,`descreption`,`created_at`,`updated_at`) VALUES (DEFAULT,?,?,?,?,?,?,?,?,?);"}
sql: "INSERT INTO `categorys` (`id`,`comment_id`,`quality`,`service`,`logistics`,`customer_id`,`good_id`,`descreption`,`created_at`,`updated_at`) VALUES (DEFAULT,?,?,?,?,?,?,?,?,?);"
pid: 8644
hostname: DESKTOP-QJUC35N

2019-07-15 10:01:37,332 ERROR 19732 nodejs.unhandledRejectionError: WHERE parameter "img_id" has invalid "undefined" value
    at MySQLQueryGenerator.whereItemQuery (D:\vscode\service\node_modules\sequelize\lib\dialects\abstract\query-generator.js:2063:13)
    at Utils.getComplexKeys.forEach.prop (D:\vscode\service\node_modules\sequelize\lib\dialects\abstract\query-generator.js:2052:25)
    at Array.forEach (<anonymous>)
    at MySQLQueryGenerator.whereItemsQuery (D:\vscode\service\node_modules\sequelize\lib\dialects\abstract\query-generator.js:2050:35)
    at MySQLQueryGenerator.whereQuery (D:\vscode\service\node_modules\sequelize\lib\dialects\abstract\query-generator.js:2023:24)
    at MySQLQueryGenerator.updateQuery (D:\vscode\service\node_modules\sequelize\lib\dialects\abstract\query-generator.js:417:116)
    at QueryInterface.bulkUpdate (D:\vscode\service\node_modules\sequelize\lib\query-interface.js:1038:37)
    at Promise.try.then.then.then.results (D:\vscode\service\node_modules\sequelize\lib\model.js:3058:34)
From previous event:
    at Function.update (D:\vscode\service\node_modules\sequelize\lib\model.js:3039:8)
    at sequelize.transaction (D:\vscode\service\app\service\img.ts:61:39)
    at transaction.prepareEnvironment.then (D:\vscode\service\node_modules\sequelize\lib\sequelize.js:1095:21)
    at runCallback (timers.js:705:18)
    at tryOnImmediate (timers.js:676:5)
    at processImmediate (timers.js:658:5)
From previous event:
    at Sequelize._clsRun (D:\vscode\service\node_modules\sequelize\lib\sequelize.js:1095:10)
    at Function._clsRun (D:\vscode\service\node_modules\sequelize\lib\sequelize.js:1139:21)
    at Sequelize.transaction (D:\vscode\service\node_modules\sequelize\lib\sequelize.js:1093:22)
    at ImgService.updateBulk (D:\vscode\service\app\service\img.ts:50:22)
    at ImgController.updateBulk (D:\vscode\service\app\controller\img.ts:29:46)
    at Object.callFn (D:\vscode\service\node_modules\egg-core\lib\utils\index.js:44:21)
    at Object.classControllerMiddleware (D:\vscode\service\node_modules\egg-core\lib\loader\mixin\controller.js:87:20)
    at Object.callFn (D:\vscode\service\node_modules\@eggjs\router\lib\utils.js:12:21)
    at wrappedController (D:\vscode\service\node_modules\@eggjs\router\lib\egg_router.js:322:18)
    at dispatch (D:\vscode\service\node_modules\@eggjs\router\node_modules\koa-compose\index.js:44:32)
    at next (D:\vscode\service\node_modules\@eggjs\router\node_modules\koa-compose\index.js:45:18)
    at D:\vscode\service\node_modules\@eggjs\router\lib\router.js:190:18
    at dispatch (D:\vscode\service\node_modules\@eggjs\router\node_modules\koa-compose\index.js:44:32)
    at D:\vscode\service\node_modules\@eggjs\router\node_modules\koa-compose\index.js:36:12
    at dispatch (D:\vscode\service\node_modules\@eggjs\router\lib\router.js:195:33)
    at dispatch (D:\vscode\service\node_modules\koa-compose\index.js:42:32)
    at D:\vscode\service\app\middleware\authorization.ts:20:13
    at dispatch (D:\vscode\service\node_modules\koa-compose\index.js:42:32)
    at D:\vscode\service\node_modules\egg-development\app\middleware\egg_loader_trace.js:9:56
    at dispatch (D:\vscode\service\node_modules\koa-compose\index.js:42:32)
    at i18n (D:\vscode\service\node_modules\egg-i18n\app\middleware\i18n.js:13:12)
    at dispatch (D:\vscode\service\node_modules\koa-compose\index.js:42:32)
    at dispatch (D:\vscode\service\node_modules\koa-compose\index.js:42:32)
    at dta (D:\vscode\service\node_modules\egg-security\lib\middlewares\dta.js:12:12)
    at dispatch (D:\vscode\service\node_modules\koa-compose\index.js:42:32)
name: "unhandledRejectionError"
pid: 19732
hostname: DESKTOP-QJUC35N

2019-07-15 10:01:37,333 ERROR 19732 nodejs.unhandledRejectionError: WHERE parameter "img_id" has invalid "undefined" value
    at MySQLQueryGenerator.whereItemQuery (D:\vscode\service\node_modules\sequelize\lib\dialects\abstract\query-generator.js:2063:13)
    at Utils.getComplexKeys.forEach.prop (D:\vscode\service\node_modules\sequelize\lib\dialects\abstract\query-generator.js:2052:25)
    at Array.forEach (<anonymous>)
    at MySQLQueryGenerator.whereItemsQuery (D:\vscode\service\node_modules\sequelize\lib\dialects\abstract\query-generator.js:2050:35)
    at MySQLQueryGenerator.whereQuery (D:\vscode\service\node_modules\sequelize\lib\dialects\abstract\query-generator.js:2023:24)
    at MySQLQueryGenerator.updateQuery (D:\vscode\service\node_modules\sequelize\lib\dialects\abstract\query-generator.js:417:116)
    at QueryInterface.bulkUpdate (D:\vscode\service\node_modules\sequelize\lib\query-interface.js:1038:37)
    at Promise.try.then.then.then.results (D:\vscode\service\node_modules\sequelize\lib\model.js:3058:34)
From previous event:
    at Function.update (D:\vscode\service\node_modules\sequelize\lib\model.js:3039:8)
    at sequelize.transaction (D:\vscode\service\app\service\img.ts:61:39)
    at transaction.prepareEnvironment.then (D:\vscode\service\node_modules\sequelize\lib\sequelize.js:1095:21)
    at runCallback (timers.js:705:18)
    at tryOnImmediate (timers.js:676:5)
    at processImmediate (timers.js:658:5)
From previous event:
    at Sequelize._clsRun (D:\vscode\service\node_modules\sequelize\lib\sequelize.js:1095:10)
    at Function._clsRun (D:\vscode\service\node_modules\sequelize\lib\sequelize.js:1139:21)
    at Sequelize.transaction (D:\vscode\service\node_modules\sequelize\lib\sequelize.js:1093:22)
    at ImgService.updateBulk (D:\vscode\service\app\service\img.ts:50:22)
    at ImgController.updateBulk (D:\vscode\service\app\controller\img.ts:29:46)
    at Object.callFn (D:\vscode\service\node_modules\egg-core\lib\utils\index.js:44:21)
    at Object.classControllerMiddleware (D:\vscode\service\node_modules\egg-core\lib\loader\mixin\controller.js:87:20)
    at Object.callFn (D:\vscode\service\node_modules\@eggjs\router\lib\utils.js:12:21)
    at wrappedController (D:\vscode\service\node_modules\@eggjs\router\lib\egg_router.js:322:18)
    at dispatch (D:\vscode\service\node_modules\@eggjs\router\node_modules\koa-compose\index.js:44:32)
    at next (D:\vscode\service\node_modules\@eggjs\router\node_modules\koa-compose\index.js:45:18)
    at D:\vscode\service\node_modules\@eggjs\router\lib\router.js:190:18
    at dispatch (D:\vscode\service\node_modules\@eggjs\router\node_modules\koa-compose\index.js:44:32)
    at D:\vscode\service\node_modules\@eggjs\router\node_modules\koa-compose\index.js:36:12
    at dispatch (D:\vscode\service\node_modules\@eggjs\router\lib\router.js:195:33)
    at dispatch (D:\vscode\service\node_modules\koa-compose\index.js:42:32)
    at D:\vscode\service\app\middleware\authorization.ts:20:13
    at dispatch (D:\vscode\service\node_modules\koa-compose\index.js:42:32)
    at D:\vscode\service\node_modules\egg-development\app\middleware\egg_loader_trace.js:9:56
    at dispatch (D:\vscode\service\node_modules\koa-compose\index.js:42:32)
    at i18n (D:\vscode\service\node_modules\egg-i18n\app\middleware\i18n.js:13:12)
    at dispatch (D:\vscode\service\node_modules\koa-compose\index.js:42:32)
    at dispatch (D:\vscode\service\node_modules\koa-compose\index.js:42:32)
    at dta (D:\vscode\service\node_modules\egg-security\lib\middlewares\dta.js:12:12)
    at dispatch (D:\vscode\service\node_modules\koa-compose\index.js:42:32)
name: "unhandledRejectionError"
pid: 19732
hostname: DESKTOP-QJUC35N

2019-07-15 10:01:37,335 ERROR 19732 nodejs.unhandledRejectionError: WHERE parameter "img_id" has invalid "undefined" value
    at MySQLQueryGenerator.whereItemQuery (D:\vscode\service\node_modules\sequelize\lib\dialects\abstract\query-generator.js:2063:13)
    at Utils.getComplexKeys.forEach.prop (D:\vscode\service\node_modules\sequelize\lib\dialects\abstract\query-generator.js:2052:25)
    at Array.forEach (<anonymous>)
    at MySQLQueryGenerator.whereItemsQuery (D:\vscode\service\node_modules\sequelize\lib\dialects\abstract\query-generator.js:2050:35)
    at MySQLQueryGenerator.whereQuery (D:\vscode\service\node_modules\sequelize\lib\dialects\abstract\query-generator.js:2023:24)
    at MySQLQueryGenerator.updateQuery (D:\vscode\service\node_modules\sequelize\lib\dialects\abstract\query-generator.js:417:116)
    at QueryInterface.bulkUpdate (D:\vscode\service\node_modules\sequelize\lib\query-interface.js:1038:37)
    at Promise.try.then.then.then.results (D:\vscode\service\node_modules\sequelize\lib\model.js:3058:34)
From previous event:
    at Function.update (D:\vscode\service\node_modules\sequelize\lib\model.js:3039:8)
    at sequelize.transaction (D:\vscode\service\app\service\img.ts:61:39)
    at transaction.prepareEnvironment.then (D:\vscode\service\node_modules\sequelize\lib\sequelize.js:1095:21)
    at runCallback (timers.js:705:18)
    at tryOnImmediate (timers.js:676:5)
    at processImmediate (timers.js:658:5)
From previous event:
    at Sequelize._clsRun (D:\vscode\service\node_modules\sequelize\lib\sequelize.js:1095:10)
    at Function._clsRun (D:\vscode\service\node_modules\sequelize\lib\sequelize.js:1139:21)
    at Sequelize.transaction (D:\vscode\service\node_modules\sequelize\lib\sequelize.js:1093:22)
    at ImgService.updateBulk (D:\vscode\service\app\service\img.ts:50:22)
    at ImgController.updateBulk (D:\vscode\service\app\controller\img.ts:29:46)
    at Object.callFn (D:\vscode\service\node_modules\egg-core\lib\utils\index.js:44:21)
    at Object.classControllerMiddleware (D:\vscode\service\node_modules\egg-core\lib\loader\mixin\controller.js:87:20)
    at Object.callFn (D:\vscode\service\node_modules\@eggjs\router\lib\utils.js:12:21)
    at wrappedController (D:\vscode\service\node_modules\@eggjs\router\lib\egg_router.js:322:18)
    at dispatch (D:\vscode\service\node_modules\@eggjs\router\node_modules\koa-compose\index.js:44:32)
    at next (D:\vscode\service\node_modules\@eggjs\router\node_modules\koa-compose\index.js:45:18)
    at D:\vscode\service\node_modules\@eggjs\router\lib\router.js:190:18
    at dispatch (D:\vscode\service\node_modules\@eggjs\router\node_modules\koa-compose\index.js:44:32)
    at D:\vscode\service\node_modules\@eggjs\router\node_modules\koa-compose\index.js:36:12
    at dispatch (D:\vscode\service\node_modules\@eggjs\router\lib\router.js:195:33)
    at dispatch (D:\vscode\service\node_modules\koa-compose\index.js:42:32)
    at D:\vscode\service\app\middleware\authorization.ts:20:13
    at dispatch (D:\vscode\service\node_modules\koa-compose\index.js:42:32)
    at D:\vscode\service\node_modules\egg-development\app\middleware\egg_loader_trace.js:9:56
    at dispatch (D:\vscode\service\node_modules\koa-compose\index.js:42:32)
    at i18n (D:\vscode\service\node_modules\egg-i18n\app\middleware\i18n.js:13:12)
    at dispatch (D:\vscode\service\node_modules\koa-compose\index.js:42:32)
    at dispatch (D:\vscode\service\node_modules\koa-compose\index.js:42:32)
    at dta (D:\vscode\service\node_modules\egg-security\lib\middlewares\dta.js:12:12)
    at dispatch (D:\vscode\service\node_modules\koa-compose\index.js:42:32)
name: "unhandledRejectionError"
pid: 19732
hostname: DESKTOP-QJUC35N

2019-07-15 10:44:11,479 ERROR 15336 [-/127.0.0.1/-/25ms GET /img/show/owner1/gl] nodejs.SequelizeDatabaseError: Unknown column 'comment_id' in 'field list'
    at Query.formatError (D:\vscode\service\node_modules\sequelize\lib\dialects\mysql\query.js:239:16)
    at Query.handler [as onResult] (D:\vscode\service\node_modules\sequelize\lib\dialects\mysql\query.js:46:23)
    at Query.execute (D:\vscode\service\node_modules\mysql2\lib\commands\command.js:30:14)
    at Connection.handlePacket (D:\vscode\service\node_modules\mysql2\lib\connection.js:449:32)
    at PacketParser.Connection.packetParser.p [as onPacket] (D:\vscode\service\node_modules\mysql2\lib\connection.js:72:12)
    at PacketParser.executeStart (D:\vscode\service\node_modules\mysql2\lib\packet_parser.js:75:16)
    at Socket.Connection.stream.on.data (D:\vscode\service\node_modules\mysql2\lib\connection.js:79:25)
    at Socket.emit (events.js:189:13)
    at addChunk (_stream_readable.js:284:12)
    at readableAddChunk (_stream_readable.js:265:11)
    at Socket.Readable.push (_stream_readable.js:220:10)
    at TCP.onStreamRead [as onread] (internal/stream_base_commons.js:94:17)
From previous event:
    at Query.run (D:\vscode\service\node_modules\sequelize\lib\dialects\mysql\query.js:39:12)
    at runHooks.then (D:\vscode\service\node_modules\sequelize\lib\sequelize.js:635:29)
From previous event:
    at Promise.try.then.connection (D:\vscode\service\node_modules\sequelize\lib\sequelize.js:635:12)
From previous event:
    at Promise.resolve.retry (D:\vscode\service\node_modules\sequelize\lib\sequelize.js:632:10)
    at D:\vscode\service\node_modules\retry-as-promised\index.js:70:21
    at new Promise (<anonymous>)
    at retryAsPromised (D:\vscode\service\node_modules\retry-as-promised\index.js:60:10)
    at Promise.try (D:\vscode\service\node_modules\sequelize\lib\sequelize.js:619:30)
From previous event:
    at Sequelize.query (D:\vscode\service\node_modules\sequelize\lib\sequelize.js:576:23)
    at QueryInterface.select (D:\vscode\service\node_modules\sequelize\lib\query-interface.js:1120:27)
    at Promise.try.then.then.then (D:\vscode\service\node_modules\sequelize\lib\model.js:1755:34)
    at runCallback (timers.js:705:18)
    at tryOnImmediate (timers.js:676:5)
    at processImmediate (timers.js:658:5)
From previous event:
    at Function.findAll (D:\vscode\service\node_modules\sequelize\lib\model.js:1752:8)
    at ImgService.showAllByOidAndType (D:\vscode\service\app\service\img.ts:14:42)
    at ImgController.show (D:\vscode\service\app\controller\img.ts:12:44)
    at Object.callFn (D:\vscode\service\node_modules\egg-core\lib\utils\index.js:44:21)
    at Object.classControllerMiddleware (D:\vscode\service\node_modules\egg-core\lib\loader\mixin\controller.js:87:20)
    at Object.callFn (D:\vscode\service\node_modules\@eggjs\router\lib\utils.js:12:21)
    at wrappedController (D:\vscode\service\node_modules\@eggjs\router\lib\egg_router.js:322:18)
    at dispatch (D:\vscode\service\node_modules\@eggjs\router\node_modules\koa-compose\index.js:44:32)
    at next (D:\vscode\service\node_modules\@eggjs\router\node_modules\koa-compose\index.js:45:18)
    at D:\vscode\service\node_modules\@eggjs\router\lib\router.js:190:18
    at dispatch (D:\vscode\service\node_modules\@eggjs\router\node_modules\koa-compose\index.js:44:32)
    at D:\vscode\service\node_modules\@eggjs\router\node_modules\koa-compose\index.js:36:12
    at dispatch (D:\vscode\service\node_modules\@eggjs\router\lib\router.js:195:33)
    at dispatch (D:\vscode\service\node_modules\koa-compose\index.js:42:32)
    at D:\vscode\service\app\middleware\authorization.ts:20:13
    at dispatch (D:\vscode\service\node_modules\koa-compose\index.js:42:32)
    at D:\vscode\service\node_modules\egg-development\app\middleware\egg_loader_trace.js:9:56
    at dispatch (D:\vscode\service\node_modules\koa-compose\index.js:42:32)
    at i18n (D:\vscode\service\node_modules\egg-i18n\app\middleware\i18n.js:13:12)
    at dispatch (D:\vscode\service\node_modules\koa-compose\index.js:42:32)
    at dispatch (D:\vscode\service\node_modules\koa-compose\index.js:42:32)
    at dta (D:\vscode\service\node_modules\egg-security\lib\middlewares\dta.js:12:12)
    at dispatch (D:\vscode\service\node_modules\koa-compose\index.js:42:32)
    at xframe (D:\vscode\service\node_modules\egg-security\lib\middlewares\xframe.js:7:11)
    at dispatch (D:\vscode\service\node_modules\koa-compose\index.js:42:32)
name: "SequelizeDatabaseError"
parent: {"code":"ER_BAD_FIELD_ERROR","errno":1054,"sqlState":"42S22","sqlMessage":"Unknown column 'comment_id' in 'field list'","sql":"SELECT `id`, `img_id`, `type`, `img_src`, `description`, `owner_id`, `created_at`, `updated_at`, `comment_id` AS `commentId`, `good_id` AS `goodId` FROM `imgs` AS `imgs` WHERE `imgs`.`owner_id` = 'owner1' AND `imgs`.`type` = 'gl';"}
original: {"code":"ER_BAD_FIELD_ERROR","errno":1054,"sqlState":"42S22","sqlMessage":"Unknown column 'comment_id' in 'field list'","sql":"SELECT `id`, `img_id`, `type`, `img_src`, `description`, `owner_id`, `created_at`, `updated_at`, `comment_id` AS `commentId`, `good_id` AS `goodId` FROM `imgs` AS `imgs` WHERE `imgs`.`owner_id` = 'owner1' AND `imgs`.`type` = 'gl';"}
sql: "SELECT `id`, `img_id`, `type`, `img_src`, `description`, `owner_id`, `created_at`, `updated_at`, `comment_id` AS `commentId`, `good_id` AS `goodId` FROM `imgs` AS `imgs` WHERE `imgs`.`owner_id` = 'owner1' AND `imgs`.`type` = 'gl';"
pid: 15336
hostname: DESKTOP-QJUC35N

2019-07-15 10:47:12,287 ERROR 10744 [-/127.0.0.1/-/33ms GET /img/show/owner1/gl] nodejs.SequelizeDatabaseError: Unknown column 'comment_id' in 'field list'
    at Query.formatError (D:\vscode\service\node_modules\sequelize\lib\dialects\mysql\query.js:239:16)
    at Query.handler [as onResult] (D:\vscode\service\node_modules\sequelize\lib\dialects\mysql\query.js:46:23)
    at Query.execute (D:\vscode\service\node_modules\mysql2\lib\commands\command.js:30:14)
    at Connection.handlePacket (D:\vscode\service\node_modules\mysql2\lib\connection.js:449:32)
    at PacketParser.Connection.packetParser.p [as onPacket] (D:\vscode\service\node_modules\mysql2\lib\connection.js:72:12)
    at PacketParser.executeStart (D:\vscode\service\node_modules\mysql2\lib\packet_parser.js:75:16)
    at Socket.Connection.stream.on.data (D:\vscode\service\node_modules\mysql2\lib\connection.js:79:25)
    at Socket.emit (events.js:189:13)
    at addChunk (_stream_readable.js:284:12)
    at readableAddChunk (_stream_readable.js:265:11)
    at Socket.Readable.push (_stream_readable.js:220:10)
    at TCP.onStreamRead [as onread] (internal/stream_base_commons.js:94:17)
From previous event:
    at Query.run (D:\vscode\service\node_modules\sequelize\lib\dialects\mysql\query.js:39:12)
    at runHooks.then (D:\vscode\service\node_modules\sequelize\lib\sequelize.js:635:29)
From previous event:
    at Promise.try.then.connection (D:\vscode\service\node_modules\sequelize\lib\sequelize.js:635:12)
From previous event:
    at Promise.resolve.retry (D:\vscode\service\node_modules\sequelize\lib\sequelize.js:632:10)
    at D:\vscode\service\node_modules\retry-as-promised\index.js:70:21
    at new Promise (<anonymous>)
    at retryAsPromised (D:\vscode\service\node_modules\retry-as-promised\index.js:60:10)
    at Promise.try (D:\vscode\service\node_modules\sequelize\lib\sequelize.js:619:30)
From previous event:
    at Sequelize.query (D:\vscode\service\node_modules\sequelize\lib\sequelize.js:576:23)
    at QueryInterface.select (D:\vscode\service\node_modules\sequelize\lib\query-interface.js:1120:27)
    at Promise.try.then.then.then (D:\vscode\service\node_modules\sequelize\lib\model.js:1755:34)
    at runCallback (timers.js:705:18)
    at tryOnImmediate (timers.js:676:5)
    at processImmediate (timers.js:658:5)
From previous event:
    at Function.findAll (D:\vscode\service\node_modules\sequelize\lib\model.js:1752:8)
    at ImgService.showAllByOidAndType (D:\vscode\service\app\service\img.ts:14:42)
    at ImgController.show (D:\vscode\service\app\controller\img.ts:12:44)
    at Object.callFn (D:\vscode\service\node_modules\egg-core\lib\utils\index.js:44:21)
    at Object.classControllerMiddleware (D:\vscode\service\node_modules\egg-core\lib\loader\mixin\controller.js:87:20)
    at Object.callFn (D:\vscode\service\node_modules\@eggjs\router\lib\utils.js:12:21)
    at wrappedController (D:\vscode\service\node_modules\@eggjs\router\lib\egg_router.js:322:18)
    at dispatch (D:\vscode\service\node_modules\@eggjs\router\node_modules\koa-compose\index.js:44:32)
    at next (D:\vscode\service\node_modules\@eggjs\router\node_modules\koa-compose\index.js:45:18)
    at D:\vscode\service\node_modules\@eggjs\router\lib\router.js:190:18
    at dispatch (D:\vscode\service\node_modules\@eggjs\router\node_modules\koa-compose\index.js:44:32)
    at D:\vscode\service\node_modules\@eggjs\router\node_modules\koa-compose\index.js:36:12
    at dispatch (D:\vscode\service\node_modules\@eggjs\router\lib\router.js:195:33)
    at dispatch (D:\vscode\service\node_modules\koa-compose\index.js:42:32)
    at D:\vscode\service\app\middleware\authorization.ts:20:13
    at dispatch (D:\vscode\service\node_modules\koa-compose\index.js:42:32)
    at D:\vscode\service\node_modules\egg-development\app\middleware\egg_loader_trace.js:9:56
    at dispatch (D:\vscode\service\node_modules\koa-compose\index.js:42:32)
    at i18n (D:\vscode\service\node_modules\egg-i18n\app\middleware\i18n.js:13:12)
    at dispatch (D:\vscode\service\node_modules\koa-compose\index.js:42:32)
    at dispatch (D:\vscode\service\node_modules\koa-compose\index.js:42:32)
    at dta (D:\vscode\service\node_modules\egg-security\lib\middlewares\dta.js:12:12)
    at dispatch (D:\vscode\service\node_modules\koa-compose\index.js:42:32)
    at xframe (D:\vscode\service\node_modules\egg-security\lib\middlewares\xframe.js:7:11)
    at dispatch (D:\vscode\service\node_modules\koa-compose\index.js:42:32)
name: "SequelizeDatabaseError"
parent: {"code":"ER_BAD_FIELD_ERROR","errno":1054,"sqlState":"42S22","sqlMessage":"Unknown column 'comment_id' in 'field list'","sql":"SELECT `id`, `img_id`, `type`, `img_src`, `description`, `owner_id`, `created_at`, `updated_at`, `comment_id` AS `commentId`, `good_id` AS `goodId` FROM `imgs` AS `imgs` WHERE `imgs`.`owner_id` = 'owner1' AND `imgs`.`type` = 'gl';"}
original: {"code":"ER_BAD_FIELD_ERROR","errno":1054,"sqlState":"42S22","sqlMessage":"Unknown column 'comment_id' in 'field list'","sql":"SELECT `id`, `img_id`, `type`, `img_src`, `description`, `owner_id`, `created_at`, `updated_at`, `comment_id` AS `commentId`, `good_id` AS `goodId` FROM `imgs` AS `imgs` WHERE `imgs`.`owner_id` = 'owner1' AND `imgs`.`type` = 'gl';"}
sql: "SELECT `id`, `img_id`, `type`, `img_src`, `description`, `owner_id`, `created_at`, `updated_at`, `comment_id` AS `commentId`, `good_id` AS `goodId` FROM `imgs` AS `imgs` WHERE `imgs`.`owner_id` = 'owner1' AND `imgs`.`type` = 'gl';"
pid: 10744
hostname: DESKTOP-QJUC35N

2019-07-15 10:49:48,312 ERROR 14704 [-/127.0.0.1/-/32ms GET /img/show/owner1/gl] nodejs.SequelizeDatabaseError: Unknown column 'comment_id' in 'field list'
    at Query.formatError (D:\vscode\service\node_modules\sequelize\lib\dialects\mysql\query.js:239:16)
    at Query.handler [as onResult] (D:\vscode\service\node_modules\sequelize\lib\dialects\mysql\query.js:46:23)
    at Query.execute (D:\vscode\service\node_modules\mysql2\lib\commands\command.js:30:14)
    at Connection.handlePacket (D:\vscode\service\node_modules\mysql2\lib\connection.js:449:32)
    at PacketParser.Connection.packetParser.p [as onPacket] (D:\vscode\service\node_modules\mysql2\lib\connection.js:72:12)
    at PacketParser.executeStart (D:\vscode\service\node_modules\mysql2\lib\packet_parser.js:75:16)
    at Socket.Connection.stream.on.data (D:\vscode\service\node_modules\mysql2\lib\connection.js:79:25)
    at Socket.emit (events.js:189:13)
    at addChunk (_stream_readable.js:284:12)
    at readableAddChunk (_stream_readable.js:265:11)
    at Socket.Readable.push (_stream_readable.js:220:10)
    at TCP.onStreamRead [as onread] (internal/stream_base_commons.js:94:17)
From previous event:
    at Query.run (D:\vscode\service\node_modules\sequelize\lib\dialects\mysql\query.js:39:12)
    at runHooks.then (D:\vscode\service\node_modules\sequelize\lib\sequelize.js:635:29)
From previous event:
    at Promise.try.then.connection (D:\vscode\service\node_modules\sequelize\lib\sequelize.js:635:12)
From previous event:
    at Promise.resolve.retry (D:\vscode\service\node_modules\sequelize\lib\sequelize.js:632:10)
    at D:\vscode\service\node_modules\retry-as-promised\index.js:70:21
    at new Promise (<anonymous>)
    at retryAsPromised (D:\vscode\service\node_modules\retry-as-promised\index.js:60:10)
    at Promise.try (D:\vscode\service\node_modules\sequelize\lib\sequelize.js:619:30)
From previous event:
    at Sequelize.query (D:\vscode\service\node_modules\sequelize\lib\sequelize.js:576:23)
    at QueryInterface.select (D:\vscode\service\node_modules\sequelize\lib\query-interface.js:1120:27)
    at Promise.try.then.then.then (D:\vscode\service\node_modules\sequelize\lib\model.js:1755:34)
    at runCallback (timers.js:705:18)
    at tryOnImmediate (timers.js:676:5)
    at processImmediate (timers.js:658:5)
From previous event:
    at Function.findAll (D:\vscode\service\node_modules\sequelize\lib\model.js:1752:8)
    at ImgService.showAllByOidAndType (D:\vscode\service\app\service\img.ts:14:42)
    at ImgController.show (D:\vscode\service\app\controller\img.ts:12:44)
    at Object.callFn (D:\vscode\service\node_modules\egg-core\lib\utils\index.js:44:21)
    at Object.classControllerMiddleware (D:\vscode\service\node_modules\egg-core\lib\loader\mixin\controller.js:87:20)
    at Object.callFn (D:\vscode\service\node_modules\@eggjs\router\lib\utils.js:12:21)
    at wrappedController (D:\vscode\service\node_modules\@eggjs\router\lib\egg_router.js:322:18)
    at dispatch (D:\vscode\service\node_modules\@eggjs\router\node_modules\koa-compose\index.js:44:32)
    at next (D:\vscode\service\node_modules\@eggjs\router\node_modules\koa-compose\index.js:45:18)
    at D:\vscode\service\node_modules\@eggjs\router\lib\router.js:190:18
    at dispatch (D:\vscode\service\node_modules\@eggjs\router\node_modules\koa-compose\index.js:44:32)
    at D:\vscode\service\node_modules\@eggjs\router\node_modules\koa-compose\index.js:36:12
    at dispatch (D:\vscode\service\node_modules\@eggjs\router\lib\router.js:195:33)
    at dispatch (D:\vscode\service\node_modules\koa-compose\index.js:42:32)
    at D:\vscode\service\app\middleware\authorization.ts:20:13
    at dispatch (D:\vscode\service\node_modules\koa-compose\index.js:42:32)
    at D:\vscode\service\node_modules\egg-development\app\middleware\egg_loader_trace.js:9:56
    at dispatch (D:\vscode\service\node_modules\koa-compose\index.js:42:32)
    at i18n (D:\vscode\service\node_modules\egg-i18n\app\middleware\i18n.js:13:12)
    at dispatch (D:\vscode\service\node_modules\koa-compose\index.js:42:32)
    at dispatch (D:\vscode\service\node_modules\koa-compose\index.js:42:32)
    at dta (D:\vscode\service\node_modules\egg-security\lib\middlewares\dta.js:12:12)
    at dispatch (D:\vscode\service\node_modules\koa-compose\index.js:42:32)
    at xframe (D:\vscode\service\node_modules\egg-security\lib\middlewares\xframe.js:7:11)
    at dispatch (D:\vscode\service\node_modules\koa-compose\index.js:42:32)
name: "SequelizeDatabaseError"
parent: {"code":"ER_BAD_FIELD_ERROR","errno":1054,"sqlState":"42S22","sqlMessage":"Unknown column 'comment_id' in 'field list'","sql":"SELECT `id`, `img_id`, `type`, `img_src`, `description`, `owner_id`, `created_at`, `updated_at`, `comment_id` AS `commentId`, `good_id` AS `goodId` FROM `imgs` AS `imgs` WHERE `imgs`.`owner_id` = 'owner1' AND `imgs`.`type` = 'gl';"}
original: {"code":"ER_BAD_FIELD_ERROR","errno":1054,"sqlState":"42S22","sqlMessage":"Unknown column 'comment_id' in 'field list'","sql":"SELECT `id`, `img_id`, `type`, `img_src`, `description`, `owner_id`, `created_at`, `updated_at`, `comment_id` AS `commentId`, `good_id` AS `goodId` FROM `imgs` AS `imgs` WHERE `imgs`.`owner_id` = 'owner1' AND `imgs`.`type` = 'gl';"}
sql: "SELECT `id`, `img_id`, `type`, `img_src`, `description`, `owner_id`, `created_at`, `updated_at`, `comment_id` AS `commentId`, `good_id` AS `goodId` FROM `imgs` AS `imgs` WHERE `imgs`.`owner_id` = 'owner1' AND `imgs`.`type` = 'gl';"
pid: 14704
hostname: DESKTOP-QJUC35N

2019-07-15 10:49:51,532 ERROR 14704 [-/127.0.0.1/-/5ms GET /img/show/owner1/gl] nodejs.SequelizeDatabaseError: Unknown column 'comment_id' in 'field list'
    at Query.formatError (D:\vscode\service\node_modules\sequelize\lib\dialects\mysql\query.js:239:16)
    at Query.handler [as onResult] (D:\vscode\service\node_modules\sequelize\lib\dialects\mysql\query.js:46:23)
    at Query.execute (D:\vscode\service\node_modules\mysql2\lib\commands\command.js:30:14)
    at Connection.handlePacket (D:\vscode\service\node_modules\mysql2\lib\connection.js:449:32)
    at PacketParser.Connection.packetParser.p [as onPacket] (D:\vscode\service\node_modules\mysql2\lib\connection.js:72:12)
    at PacketParser.executeStart (D:\vscode\service\node_modules\mysql2\lib\packet_parser.js:75:16)
    at Socket.Connection.stream.on.data (D:\vscode\service\node_modules\mysql2\lib\connection.js:79:25)
    at Socket.emit (events.js:189:13)
    at addChunk (_stream_readable.js:284:12)
    at readableAddChunk (_stream_readable.js:265:11)
    at Socket.Readable.push (_stream_readable.js:220:10)
    at TCP.onStreamRead [as onread] (internal/stream_base_commons.js:94:17)
From previous event:
    at Query.run (D:\vscode\service\node_modules\sequelize\lib\dialects\mysql\query.js:39:12)
    at runHooks.then (D:\vscode\service\node_modules\sequelize\lib\sequelize.js:635:29)
From previous event:
    at Promise.try.then.connection (D:\vscode\service\node_modules\sequelize\lib\sequelize.js:635:12)
From previous event:
    at Promise.resolve.retry (D:\vscode\service\node_modules\sequelize\lib\sequelize.js:632:10)
    at D:\vscode\service\node_modules\retry-as-promised\index.js:70:21
    at new Promise (<anonymous>)
    at retryAsPromised (D:\vscode\service\node_modules\retry-as-promised\index.js:60:10)
    at Promise.try (D:\vscode\service\node_modules\sequelize\lib\sequelize.js:619:30)
From previous event:
    at Sequelize.query (D:\vscode\service\node_modules\sequelize\lib\sequelize.js:576:23)
    at QueryInterface.select (D:\vscode\service\node_modules\sequelize\lib\query-interface.js:1120:27)
    at Promise.try.then.then.then (D:\vscode\service\node_modules\sequelize\lib\model.js:1755:34)
    at runCallback (timers.js:705:18)
    at tryOnImmediate (timers.js:676:5)
    at processImmediate (timers.js:658:5)
From previous event:
    at Function.findAll (D:\vscode\service\node_modules\sequelize\lib\model.js:1752:8)
    at ImgService.showAllByOidAndType (D:\vscode\service\app\service\img.ts:14:42)
    at ImgController.show (D:\vscode\service\app\controller\img.ts:12:44)
    at Object.callFn (D:\vscode\service\node_modules\egg-core\lib\utils\index.js:44:21)
    at Object.classControllerMiddleware (D:\vscode\service\node_modules\egg-core\lib\loader\mixin\controller.js:87:20)
    at Object.callFn (D:\vscode\service\node_modules\@eggjs\router\lib\utils.js:12:21)
    at wrappedController (D:\vscode\service\node_modules\@eggjs\router\lib\egg_router.js:322:18)
    at dispatch (D:\vscode\service\node_modules\@eggjs\router\node_modules\koa-compose\index.js:44:32)
    at next (D:\vscode\service\node_modules\@eggjs\router\node_modules\koa-compose\index.js:45:18)
    at D:\vscode\service\node_modules\@eggjs\router\lib\router.js:190:18
    at dispatch (D:\vscode\service\node_modules\@eggjs\router\node_modules\koa-compose\index.js:44:32)
    at D:\vscode\service\node_modules\@eggjs\router\node_modules\koa-compose\index.js:36:12
    at dispatch (D:\vscode\service\node_modules\@eggjs\router\lib\router.js:195:33)
    at dispatch (D:\vscode\service\node_modules\koa-compose\index.js:42:32)
    at D:\vscode\service\app\middleware\authorization.ts:20:13
    at dispatch (D:\vscode\service\node_modules\koa-compose\index.js:42:32)
    at D:\vscode\service\node_modules\egg-development\app\middleware\egg_loader_trace.js:9:56
    at dispatch (D:\vscode\service\node_modules\koa-compose\index.js:42:32)
    at i18n (D:\vscode\service\node_modules\egg-i18n\app\middleware\i18n.js:13:12)
    at dispatch (D:\vscode\service\node_modules\koa-compose\index.js:42:32)
    at dispatch (D:\vscode\service\node_modules\koa-compose\index.js:42:32)
    at dta (D:\vscode\service\node_modules\egg-security\lib\middlewares\dta.js:12:12)
    at dispatch (D:\vscode\service\node_modules\koa-compose\index.js:42:32)
    at xframe (D:\vscode\service\node_modules\egg-security\lib\middlewares\xframe.js:7:11)
    at dispatch (D:\vscode\service\node_modules\koa-compose\index.js:42:32)
name: "SequelizeDatabaseError"
parent: {"code":"ER_BAD_FIELD_ERROR","errno":1054,"sqlState":"42S22","sqlMessage":"Unknown column 'comment_id' in 'field list'","sql":"SELECT `id`, `img_id`, `type`, `img_src`, `description`, `owner_id`, `created_at`, `updated_at`, `comment_id` AS `commentId`, `good_id` AS `goodId` FROM `imgs` AS `imgs` WHERE `imgs`.`owner_id` = 'owner1' AND `imgs`.`type` = 'gl';"}
original: {"code":"ER_BAD_FIELD_ERROR","errno":1054,"sqlState":"42S22","sqlMessage":"Unknown column 'comment_id' in 'field list'","sql":"SELECT `id`, `img_id`, `type`, `img_src`, `description`, `owner_id`, `created_at`, `updated_at`, `comment_id` AS `commentId`, `good_id` AS `goodId` FROM `imgs` AS `imgs` WHERE `imgs`.`owner_id` = 'owner1' AND `imgs`.`type` = 'gl';"}
sql: "SELECT `id`, `img_id`, `type`, `img_src`, `description`, `owner_id`, `created_at`, `updated_at`, `comment_id` AS `commentId`, `good_id` AS `goodId` FROM `imgs` AS `imgs` WHERE `imgs`.`owner_id` = 'owner1' AND `imgs`.`type` = 'gl';"
pid: 14704
hostname: DESKTOP-QJUC35N

2019-07-15 15:12:44,203 ERROR 5836 [-/127.0.0.1/-/41ms POST /category/createBulk] nodejs.SequelizeDatabaseError: You have an error in your SQL syntax; check the manual that corresponds to your MySQL server version for the right syntax to use near '' at line 1
    at Query.formatError (D:\vscode\service\node_modules\sequelize\lib\dialects\mysql\query.js:239:16)
    at Query.handler [as onResult] (D:\vscode\service\node_modules\sequelize\lib\dialects\mysql\query.js:46:23)
    at Query.execute (D:\vscode\service\node_modules\mysql2\lib\commands\command.js:30:14)
    at Connection.handlePacket (D:\vscode\service\node_modules\mysql2\lib\connection.js:449:32)
    at PacketParser.Connection.packetParser.p [as onPacket] (D:\vscode\service\node_modules\mysql2\lib\connection.js:72:12)
    at PacketParser.executeStart (D:\vscode\service\node_modules\mysql2\lib\packet_parser.js:75:16)
    at Socket.Connection.stream.on.data (D:\vscode\service\node_modules\mysql2\lib\connection.js:79:25)
    at Socket.emit (events.js:189:13)
    at addChunk (_stream_readable.js:284:12)
    at readableAddChunk (_stream_readable.js:265:11)
    at Socket.Readable.push (_stream_readable.js:220:10)
    at TCP.onStreamRead [as onread] (internal/stream_base_commons.js:94:17)
From previous event:
    at Query.run (D:\vscode\service\node_modules\sequelize\lib\dialects\mysql\query.js:39:12)
    at runHooks.then (D:\vscode\service\node_modules\sequelize\lib\sequelize.js:635:29)
From previous event:
    at Promise.try.then.connection (D:\vscode\service\node_modules\sequelize\lib\sequelize.js:635:12)
From previous event:
    at Promise.resolve.retry (D:\vscode\service\node_modules\sequelize\lib\sequelize.js:632:10)
    at D:\vscode\service\node_modules\retry-as-promised\index.js:70:21
    at new Promise (<anonymous>)
    at retryAsPromised (D:\vscode\service\node_modules\retry-as-promised\index.js:60:10)
    at Promise.try (D:\vscode\service\node_modules\sequelize\lib\sequelize.js:619:30)
From previous event:
    at Sequelize.query (D:\vscode\service\node_modules\sequelize\lib\sequelize.js:576:23)
    at QueryInterface.bulkInsert (D:\vscode\service\node_modules\sequelize\lib\query-interface.js:997:27)
    at Promise.try.then.then (D:\vscode\service\node_modules\sequelize\lib\model.js:2649:34)
    at runCallback (timers.js:705:18)
    at tryOnImmediate (timers.js:676:5)
    at processImmediate (timers.js:658:5)
From previous event:
    at Function.bulkCreate (D:\vscode\service\node_modules\sequelize\lib\model.js:2594:8)
    at CategoryService.createBulk (D:\vscode\service\app\service\category.ts:60:49)
    at CategoryController.createBulk (D:\vscode\service\app\controller\category.ts:39:51)
    at Object.callFn (D:\vscode\service\node_modules\egg-core\lib\utils\index.js:44:21)
    at Object.classControllerMiddleware (D:\vscode\service\node_modules\egg-core\lib\loader\mixin\controller.js:87:20)
    at Object.callFn (D:\vscode\service\node_modules\@eggjs\router\lib\utils.js:12:21)
    at wrappedController (D:\vscode\service\node_modules\@eggjs\router\lib\egg_router.js:322:18)
    at dispatch (D:\vscode\service\node_modules\@eggjs\router\node_modules\koa-compose\index.js:44:32)
    at next (D:\vscode\service\node_modules\@eggjs\router\node_modules\koa-compose\index.js:45:18)
    at D:\vscode\service\node_modules\@eggjs\router\lib\router.js:190:18
    at dispatch (D:\vscode\service\node_modules\@eggjs\router\node_modules\koa-compose\index.js:44:32)
    at D:\vscode\service\node_modules\@eggjs\router\node_modules\koa-compose\index.js:36:12
    at dispatch (D:\vscode\service\node_modules\@eggjs\router\lib\router.js:195:33)
    at dispatch (D:\vscode\service\node_modules\koa-compose\index.js:42:32)
    at D:\vscode\service\app\middleware\authorization.ts:20:13
    at dispatch (D:\vscode\service\node_modules\koa-compose\index.js:42:32)
    at D:\vscode\service\node_modules\egg-development\app\middleware\egg_loader_trace.js:9:56
    at dispatch (D:\vscode\service\node_modules\koa-compose\index.js:42:32)
    at i18n (D:\vscode\service\node_modules\egg-i18n\app\middleware\i18n.js:13:12)
    at dispatch (D:\vscode\service\node_modules\koa-compose\index.js:42:32)
    at dispatch (D:\vscode\service\node_modules\koa-compose\index.js:42:32)
    at dta (D:\vscode\service\node_modules\egg-security\lib\middlewares\dta.js:12:12)
    at dispatch (D:\vscode\service\node_modules\koa-compose\index.js:42:32)
    at xframe (D:\vscode\service\node_modules\egg-security\lib\middlewares\xframe.js:7:11)
    at dispatch (D:\vscode\service\node_modules\koa-compose\index.js:42:32)
name: "SequelizeDatabaseError"
parent: {"code":"ER_PARSE_ERROR","errno":1064,"sqlState":"42000","sqlMessage":"You have an error in your SQL syntax; check the manual that corresponds to your MySQL server version for the right syntax to use near '' at line 1","sql":"INSERT INTO `categorys` (`id`,`type_first`,`type_second`,`type_third`,`img_src`,`created_at`,`updated_at`) VALUES (NULL,'','','','aaaaaaaaaaaa','2019-07-15 07:12:44','2019-07-15 07:12:44'),(NULL,'','','','aaaaaaaaaaaa','2019-07-15 07:12:44','2019-07-15 07:12:44'),(NULL,'','','','aaaaaaaaaaaa','2019-07-15 07:12:44','2019-07-15 07:12:44'),(NULL,'','','','aaaaaaaaaaaa','2019-07-15 07:12:44','2019-07-15 07:12:44'),(NULL,'','','','aaaaaaaaaaaa','2019-07-15 07:12:44','2019-07-15 07:12:44'),(NULL,'','','','aaaaaaaaaaaa','2019-07-15 07:12:44','2019-07-15 07:12:44'),(NULL,'','','','aaaaaaaaaaaa','2019-07-15 07:12:44','2019-07-15 07:12:44'),(NULL,'','','','aaaaaaaaaaaa','2019-07-15 07:12:44','2019-07-15 07:12:44') ON DUPLICATE KEY UPDATE ;"}
original: {"code":"ER_PARSE_ERROR","errno":1064,"sqlState":"42000","sqlMessage":"You have an error in your SQL syntax; check the manual that corresponds to your MySQL server version for the right syntax to use near '' at line 1","sql":"INSERT INTO `categorys` (`id`,`type_first`,`type_second`,`type_third`,`img_src`,`created_at`,`updated_at`) VALUES (NULL,'','','','aaaaaaaaaaaa','2019-07-15 07:12:44','2019-07-15 07:12:44'),(NULL,'','','','aaaaaaaaaaaa','2019-07-15 07:12:44','2019-07-15 07:12:44'),(NULL,'','','','aaaaaaaaaaaa','2019-07-15 07:12:44','2019-07-15 07:12:44'),(NULL,'','','','aaaaaaaaaaaa','2019-07-15 07:12:44','2019-07-15 07:12:44'),(NULL,'','','','aaaaaaaaaaaa','2019-07-15 07:12:44','2019-07-15 07:12:44'),(NULL,'','','','aaaaaaaaaaaa','2019-07-15 07:12:44','2019-07-15 07:12:44'),(NULL,'','','','aaaaaaaaaaaa','2019-07-15 07:12:44','2019-07-15 07:12:44'),(NULL,'','','','aaaaaaaaaaaa','2019-07-15 07:12:44','2019-07-15 07:12:44') ON DUPLICATE KEY UPDATE ;"}
sql: "INSERT INTO `categorys` (`id`,`type_first`,`type_second`,`type_third`,`img_src`,`created_at`,`updated_at`) VALUES (NULL,'','','','aaaaaaaaaaaa','2019-07-15 07:12:44','2019-07-15 07:12:44'),(NULL,'','','','aaaaaaaaaaaa','2019-07-15 07:12:44','2019-07-15 07:12:44'),(NULL,'','','','aaaaaaaaaaaa','2019-07-15 07:12:44','2019-07-15 07:12:44'),(NULL,'','','','aaaaaaaaaaaa','2019-07-15 07:12:44','2019-07-15 07:12:44'),(NULL,'','','','aaaaaaaaaaaa','2019-07-15 07:12:44','2019-07-15 07:12:44'),(NULL,'','','','aaaaaaaaaaaa','2019-07-15 07:12:44','2019-07-15 07:12:44'),(NULL,'','','','aaaaaaaaaaaa','2019-07-15 07:12:44','2019-07-15 07:12:44'),(NULL,'','','','aaaaaaaaaaaa','2019-07-15 07:12:44','2019-07-15 07:12:44') ON DUPLICATE KEY UPDATE ;"
pid: 5836
hostname: DESKTOP-QJUC35N

2019-07-15 15:13:54,434 ERROR 5836 [-/127.0.0.1/-/14ms POST /category/createBulk] nodejs.SequelizeDatabaseError: You have an error in your SQL syntax; check the manual that corresponds to your MySQL server version for the right syntax to use near '' at line 1
    at Query.formatError (D:\vscode\service\node_modules\sequelize\lib\dialects\mysql\query.js:239:16)
    at Query.handler [as onResult] (D:\vscode\service\node_modules\sequelize\lib\dialects\mysql\query.js:46:23)
    at Query.execute (D:\vscode\service\node_modules\mysql2\lib\commands\command.js:30:14)
    at Connection.handlePacket (D:\vscode\service\node_modules\mysql2\lib\connection.js:449:32)
    at PacketParser.Connection.packetParser.p [as onPacket] (D:\vscode\service\node_modules\mysql2\lib\connection.js:72:12)
    at PacketParser.executeStart (D:\vscode\service\node_modules\mysql2\lib\packet_parser.js:75:16)
    at Socket.Connection.stream.on.data (D:\vscode\service\node_modules\mysql2\lib\connection.js:79:25)
    at Socket.emit (events.js:189:13)
    at addChunk (_stream_readable.js:284:12)
    at readableAddChunk (_stream_readable.js:265:11)
    at Socket.Readable.push (_stream_readable.js:220:10)
    at TCP.onStreamRead [as onread] (internal/stream_base_commons.js:94:17)
From previous event:
    at Query.run (D:\vscode\service\node_modules\sequelize\lib\dialects\mysql\query.js:39:12)
    at runHooks.then (D:\vscode\service\node_modules\sequelize\lib\sequelize.js:635:29)
From previous event:
    at Promise.try.then.connection (D:\vscode\service\node_modules\sequelize\lib\sequelize.js:635:12)
From previous event:
    at Promise.resolve.retry (D:\vscode\service\node_modules\sequelize\lib\sequelize.js:632:10)
    at D:\vscode\service\node_modules\retry-as-promised\index.js:70:21
    at new Promise (<anonymous>)
    at retryAsPromised (D:\vscode\service\node_modules\retry-as-promised\index.js:60:10)
    at Promise.try (D:\vscode\service\node_modules\sequelize\lib\sequelize.js:619:30)
From previous event:
    at Sequelize.query (D:\vscode\service\node_modules\sequelize\lib\sequelize.js:576:23)
    at QueryInterface.bulkInsert (D:\vscode\service\node_modules\sequelize\lib\query-interface.js:997:27)
    at Promise.try.then.then (D:\vscode\service\node_modules\sequelize\lib\model.js:2649:34)
    at runCallback (timers.js:705:18)
    at tryOnImmediate (timers.js:676:5)
    at processImmediate (timers.js:658:5)
From previous event:
    at Function.bulkCreate (D:\vscode\service\node_modules\sequelize\lib\model.js:2594:8)
    at CategoryService.createBulk (D:\vscode\service\app\service\category.ts:60:49)
    at CategoryController.createBulk (D:\vscode\service\app\controller\category.ts:39:51)
    at Object.callFn (D:\vscode\service\node_modules\egg-core\lib\utils\index.js:44:21)
    at Object.classControllerMiddleware (D:\vscode\service\node_modules\egg-core\lib\loader\mixin\controller.js:87:20)
    at Object.callFn (D:\vscode\service\node_modules\@eggjs\router\lib\utils.js:12:21)
    at wrappedController (D:\vscode\service\node_modules\@eggjs\router\lib\egg_router.js:322:18)
    at dispatch (D:\vscode\service\node_modules\@eggjs\router\node_modules\koa-compose\index.js:44:32)
    at next (D:\vscode\service\node_modules\@eggjs\router\node_modules\koa-compose\index.js:45:18)
    at D:\vscode\service\node_modules\@eggjs\router\lib\router.js:190:18
    at dispatch (D:\vscode\service\node_modules\@eggjs\router\node_modules\koa-compose\index.js:44:32)
    at D:\vscode\service\node_modules\@eggjs\router\node_modules\koa-compose\index.js:36:12
    at dispatch (D:\vscode\service\node_modules\@eggjs\router\lib\router.js:195:33)
    at dispatch (D:\vscode\service\node_modules\koa-compose\index.js:42:32)
    at D:\vscode\service\app\middleware\authorization.ts:20:13
    at dispatch (D:\vscode\service\node_modules\koa-compose\index.js:42:32)
    at D:\vscode\service\node_modules\egg-development\app\middleware\egg_loader_trace.js:9:56
    at dispatch (D:\vscode\service\node_modules\koa-compose\index.js:42:32)
    at i18n (D:\vscode\service\node_modules\egg-i18n\app\middleware\i18n.js:13:12)
    at dispatch (D:\vscode\service\node_modules\koa-compose\index.js:42:32)
    at dispatch (D:\vscode\service\node_modules\koa-compose\index.js:42:32)
    at dta (D:\vscode\service\node_modules\egg-security\lib\middlewares\dta.js:12:12)
    at dispatch (D:\vscode\service\node_modules\koa-compose\index.js:42:32)
    at xframe (D:\vscode\service\node_modules\egg-security\lib\middlewares\xframe.js:7:11)
    at dispatch (D:\vscode\service\node_modules\koa-compose\index.js:42:32)
name: "SequelizeDatabaseError"
parent: {"code":"ER_PARSE_ERROR","errno":1064,"sqlState":"42000","sqlMessage":"You have an error in your SQL syntax; check the manual that corresponds to your MySQL server version for the right syntax to use near '' at line 1","sql":"INSERT INTO `categorys` (`id`,`type_first`,`type_second`,`type_third`,`img_src`,`created_at`,`updated_at`) VALUES (NULL,'','','','aaaaaaaaaaaa','2019-07-15 07:13:54','2019-07-15 07:13:54'),(NULL,'','','','aaaaaaaaaaaa','2019-07-15 07:13:54','2019-07-15 07:13:54'),(NULL,'','','','aaaaaaaaaaaa','2019-07-15 07:13:54','2019-07-15 07:13:54'),(NULL,'','','','aaaaaaaaaaaa','2019-07-15 07:13:54','2019-07-15 07:13:54'),(NULL,'','','','aaaaaaaaaaaa','2019-07-15 07:13:54','2019-07-15 07:13:54'),(NULL,'','','','aaaaaaaaaaaa','2019-07-15 07:13:54','2019-07-15 07:13:54'),(NULL,'','','','aaaaaaaaaaaa','2019-07-15 07:13:54','2019-07-15 07:13:54'),(NULL,'','','','aaaaaaaaaaaa','2019-07-15 07:13:54','2019-07-15 07:13:54') ON DUPLICATE KEY UPDATE ;"}
original: {"code":"ER_PARSE_ERROR","errno":1064,"sqlState":"42000","sqlMessage":"You have an error in your SQL syntax; check the manual that corresponds to your MySQL server version for the right syntax to use near '' at line 1","sql":"INSERT INTO `categorys` (`id`,`type_first`,`type_second`,`type_third`,`img_src`,`created_at`,`updated_at`) VALUES (NULL,'','','','aaaaaaaaaaaa','2019-07-15 07:13:54','2019-07-15 07:13:54'),(NULL,'','','','aaaaaaaaaaaa','2019-07-15 07:13:54','2019-07-15 07:13:54'),(NULL,'','','','aaaaaaaaaaaa','2019-07-15 07:13:54','2019-07-15 07:13:54'),(NULL,'','','','aaaaaaaaaaaa','2019-07-15 07:13:54','2019-07-15 07:13:54'),(NULL,'','','','aaaaaaaaaaaa','2019-07-15 07:13:54','2019-07-15 07:13:54'),(NULL,'','','','aaaaaaaaaaaa','2019-07-15 07:13:54','2019-07-15 07:13:54'),(NULL,'','','','aaaaaaaaaaaa','2019-07-15 07:13:54','2019-07-15 07:13:54'),(NULL,'','','','aaaaaaaaaaaa','2019-07-15 07:13:54','2019-07-15 07:13:54') ON DUPLICATE KEY UPDATE ;"}
sql: "INSERT INTO `categorys` (`id`,`type_first`,`type_second`,`type_third`,`img_src`,`created_at`,`updated_at`) VALUES (NULL,'','','','aaaaaaaaaaaa','2019-07-15 07:13:54','2019-07-15 07:13:54'),(NULL,'','','','aaaaaaaaaaaa','2019-07-15 07:13:54','2019-07-15 07:13:54'),(NULL,'','','','aaaaaaaaaaaa','2019-07-15 07:13:54','2019-07-15 07:13:54'),(NULL,'','','','aaaaaaaaaaaa','2019-07-15 07:13:54','2019-07-15 07:13:54'),(NULL,'','','','aaaaaaaaaaaa','2019-07-15 07:13:54','2019-07-15 07:13:54'),(NULL,'','','','aaaaaaaaaaaa','2019-07-15 07:13:54','2019-07-15 07:13:54'),(NULL,'','','','aaaaaaaaaaaa','2019-07-15 07:13:54','2019-07-15 07:13:54'),(NULL,'','','','aaaaaaaaaaaa','2019-07-15 07:13:54','2019-07-15 07:13:54') ON DUPLICATE KEY UPDATE ;"
pid: 5836
hostname: DESKTOP-QJUC35N

2019-07-15 15:14:10,827 ERROR 10376 [-/127.0.0.1/-/43ms POST /category/createBulk] nodejs.SequelizeDatabaseError: You have an error in your SQL syntax; check the manual that corresponds to your MySQL server version for the right syntax to use near '' at line 1
    at Query.formatError (D:\vscode\service\node_modules\sequelize\lib\dialects\mysql\query.js:239:16)
    at Query.handler [as onResult] (D:\vscode\service\node_modules\sequelize\lib\dialects\mysql\query.js:46:23)
    at Query.execute (D:\vscode\service\node_modules\mysql2\lib\commands\command.js:30:14)
    at Connection.handlePacket (D:\vscode\service\node_modules\mysql2\lib\connection.js:449:32)
    at PacketParser.Connection.packetParser.p [as onPacket] (D:\vscode\service\node_modules\mysql2\lib\connection.js:72:12)
    at PacketParser.executeStart (D:\vscode\service\node_modules\mysql2\lib\packet_parser.js:75:16)
    at Socket.Connection.stream.on.data (D:\vscode\service\node_modules\mysql2\lib\connection.js:79:25)
    at Socket.emit (events.js:189:13)
    at addChunk (_stream_readable.js:284:12)
    at readableAddChunk (_stream_readable.js:265:11)
    at Socket.Readable.push (_stream_readable.js:220:10)
    at TCP.onStreamRead [as onread] (internal/stream_base_commons.js:94:17)
From previous event:
    at Query.run (D:\vscode\service\node_modules\sequelize\lib\dialects\mysql\query.js:39:12)
    at runHooks.then (D:\vscode\service\node_modules\sequelize\lib\sequelize.js:635:29)
From previous event:
    at Promise.try.then.connection (D:\vscode\service\node_modules\sequelize\lib\sequelize.js:635:12)
From previous event:
    at Promise.resolve.retry (D:\vscode\service\node_modules\sequelize\lib\sequelize.js:632:10)
    at D:\vscode\service\node_modules\retry-as-promised\index.js:70:21
    at new Promise (<anonymous>)
    at retryAsPromised (D:\vscode\service\node_modules\retry-as-promised\index.js:60:10)
    at Promise.try (D:\vscode\service\node_modules\sequelize\lib\sequelize.js:619:30)
From previous event:
    at Sequelize.query (D:\vscode\service\node_modules\sequelize\lib\sequelize.js:576:23)
    at QueryInterface.bulkInsert (D:\vscode\service\node_modules\sequelize\lib\query-interface.js:997:27)
    at Promise.try.then.then (D:\vscode\service\node_modules\sequelize\lib\model.js:2649:34)
    at runCallback (timers.js:705:18)
    at tryOnImmediate (timers.js:676:5)
    at processImmediate (timers.js:658:5)
From previous event:
    at Function.bulkCreate (D:\vscode\service\node_modules\sequelize\lib\model.js:2594:8)
    at CategoryService.createBulk (D:\vscode\service\app\service\category.ts:60:49)
    at CategoryController.createBulk (D:\vscode\service\app\controller\category.ts:40:51)
    at Object.callFn (D:\vscode\service\node_modules\egg-core\lib\utils\index.js:44:21)
    at Object.classControllerMiddleware (D:\vscode\service\node_modules\egg-core\lib\loader\mixin\controller.js:87:20)
    at Object.callFn (D:\vscode\service\node_modules\@eggjs\router\lib\utils.js:12:21)
    at wrappedController (D:\vscode\service\node_modules\@eggjs\router\lib\egg_router.js:322:18)
    at dispatch (D:\vscode\service\node_modules\@eggjs\router\node_modules\koa-compose\index.js:44:32)
    at next (D:\vscode\service\node_modules\@eggjs\router\node_modules\koa-compose\index.js:45:18)
    at D:\vscode\service\node_modules\@eggjs\router\lib\router.js:190:18
    at dispatch (D:\vscode\service\node_modules\@eggjs\router\node_modules\koa-compose\index.js:44:32)
    at D:\vscode\service\node_modules\@eggjs\router\node_modules\koa-compose\index.js:36:12
    at dispatch (D:\vscode\service\node_modules\@eggjs\router\lib\router.js:195:33)
    at dispatch (D:\vscode\service\node_modules\koa-compose\index.js:42:32)
    at D:\vscode\service\app\middleware\authorization.ts:20:13
    at dispatch (D:\vscode\service\node_modules\koa-compose\index.js:42:32)
    at D:\vscode\service\node_modules\egg-development\app\middleware\egg_loader_trace.js:9:56
    at dispatch (D:\vscode\service\node_modules\koa-compose\index.js:42:32)
    at i18n (D:\vscode\service\node_modules\egg-i18n\app\middleware\i18n.js:13:12)
    at dispatch (D:\vscode\service\node_modules\koa-compose\index.js:42:32)
    at dispatch (D:\vscode\service\node_modules\koa-compose\index.js:42:32)
    at dta (D:\vscode\service\node_modules\egg-security\lib\middlewares\dta.js:12:12)
    at dispatch (D:\vscode\service\node_modules\koa-compose\index.js:42:32)
    at xframe (D:\vscode\service\node_modules\egg-security\lib\middlewares\xframe.js:7:11)
    at dispatch (D:\vscode\service\node_modules\koa-compose\index.js:42:32)
name: "SequelizeDatabaseError"
parent: {"code":"ER_PARSE_ERROR","errno":1064,"sqlState":"42000","sqlMessage":"You have an error in your SQL syntax; check the manual that corresponds to your MySQL server version for the right syntax to use near '' at line 1","sql":"INSERT INTO `categorys` (`id`,`type_first`,`type_second`,`type_third`,`img_src`,`created_at`,`updated_at`) VALUES (NULL,'','','','aaaaaaaaaaaa','2019-07-15 07:14:10','2019-07-15 07:14:10'),(NULL,'','','','aaaaaaaaaaaa','2019-07-15 07:14:10','2019-07-15 07:14:10'),(NULL,'','','','aaaaaaaaaaaa','2019-07-15 07:14:10','2019-07-15 07:14:10'),(NULL,'','','','aaaaaaaaaaaa','2019-07-15 07:14:10','2019-07-15 07:14:10'),(NULL,'','','','aaaaaaaaaaaa','2019-07-15 07:14:10','2019-07-15 07:14:10'),(NULL,'','','','aaaaaaaaaaaa','2019-07-15 07:14:10','2019-07-15 07:14:10'),(NULL,'','','','aaaaaaaaaaaa','2019-07-15 07:14:10','2019-07-15 07:14:10'),(NULL,'','','','aaaaaaaaaaaa','2019-07-15 07:14:10','2019-07-15 07:14:10') ON DUPLICATE KEY UPDATE ;"}
original: {"code":"ER_PARSE_ERROR","errno":1064,"sqlState":"42000","sqlMessage":"You have an error in your SQL syntax; check the manual that corresponds to your MySQL server version for the right syntax to use near '' at line 1","sql":"INSERT INTO `categorys` (`id`,`type_first`,`type_second`,`type_third`,`img_src`,`created_at`,`updated_at`) VALUES (NULL,'','','','aaaaaaaaaaaa','2019-07-15 07:14:10','2019-07-15 07:14:10'),(NULL,'','','','aaaaaaaaaaaa','2019-07-15 07:14:10','2019-07-15 07:14:10'),(NULL,'','','','aaaaaaaaaaaa','2019-07-15 07:14:10','2019-07-15 07:14:10'),(NULL,'','','','aaaaaaaaaaaa','2019-07-15 07:14:10','2019-07-15 07:14:10'),(NULL,'','','','aaaaaaaaaaaa','2019-07-15 07:14:10','2019-07-15 07:14:10'),(NULL,'','','','aaaaaaaaaaaa','2019-07-15 07:14:10','2019-07-15 07:14:10'),(NULL,'','','','aaaaaaaaaaaa','2019-07-15 07:14:10','2019-07-15 07:14:10'),(NULL,'','','','aaaaaaaaaaaa','2019-07-15 07:14:10','2019-07-15 07:14:10') ON DUPLICATE KEY UPDATE ;"}
sql: "INSERT INTO `categorys` (`id`,`type_first`,`type_second`,`type_third`,`img_src`,`created_at`,`updated_at`) VALUES (NULL,'','','','aaaaaaaaaaaa','2019-07-15 07:14:10','2019-07-15 07:14:10'),(NULL,'','','','aaaaaaaaaaaa','2019-07-15 07:14:10','2019-07-15 07:14:10'),(NULL,'','','','aaaaaaaaaaaa','2019-07-15 07:14:10','2019-07-15 07:14:10'),(NULL,'','','','aaaaaaaaaaaa','2019-07-15 07:14:10','2019-07-15 07:14:10'),(NULL,'','','','aaaaaaaaaaaa','2019-07-15 07:14:10','2019-07-15 07:14:10'),(NULL,'','','','aaaaaaaaaaaa','2019-07-15 07:14:10','2019-07-15 07:14:10'),(NULL,'','','','aaaaaaaaaaaa','2019-07-15 07:14:10','2019-07-15 07:14:10'),(NULL,'','','','aaaaaaaaaaaa','2019-07-15 07:14:10','2019-07-15 07:14:10') ON DUPLICATE KEY UPDATE ;"
pid: 10376
hostname: DESKTOP-QJUC35N

2019-07-15 15:14:43,382 ERROR 568 [-/127.0.0.1/-/38ms POST /category/createBulk] nodejs.SequelizeDatabaseError: You have an error in your SQL syntax; check the manual that corresponds to your MySQL server version for the right syntax to use near '' at line 1
    at Query.formatError (D:\vscode\service\node_modules\sequelize\lib\dialects\mysql\query.js:239:16)
    at Query.handler [as onResult] (D:\vscode\service\node_modules\sequelize\lib\dialects\mysql\query.js:46:23)
    at Query.execute (D:\vscode\service\node_modules\mysql2\lib\commands\command.js:30:14)
    at Connection.handlePacket (D:\vscode\service\node_modules\mysql2\lib\connection.js:449:32)
    at PacketParser.Connection.packetParser.p [as onPacket] (D:\vscode\service\node_modules\mysql2\lib\connection.js:72:12)
    at PacketParser.executeStart (D:\vscode\service\node_modules\mysql2\lib\packet_parser.js:75:16)
    at Socket.Connection.stream.on.data (D:\vscode\service\node_modules\mysql2\lib\connection.js:79:25)
    at Socket.emit (events.js:189:13)
    at addChunk (_stream_readable.js:284:12)
    at readableAddChunk (_stream_readable.js:265:11)
    at Socket.Readable.push (_stream_readable.js:220:10)
    at TCP.onStreamRead [as onread] (internal/stream_base_commons.js:94:17)
From previous event:
    at Query.run (D:\vscode\service\node_modules\sequelize\lib\dialects\mysql\query.js:39:12)
    at runHooks.then (D:\vscode\service\node_modules\sequelize\lib\sequelize.js:635:29)
From previous event:
    at Promise.try.then.connection (D:\vscode\service\node_modules\sequelize\lib\sequelize.js:635:12)
From previous event:
    at Promise.resolve.retry (D:\vscode\service\node_modules\sequelize\lib\sequelize.js:632:10)
    at D:\vscode\service\node_modules\retry-as-promised\index.js:70:21
    at new Promise (<anonymous>)
    at retryAsPromised (D:\vscode\service\node_modules\retry-as-promised\index.js:60:10)
    at Promise.try (D:\vscode\service\node_modules\sequelize\lib\sequelize.js:619:30)
From previous event:
    at Sequelize.query (D:\vscode\service\node_modules\sequelize\lib\sequelize.js:576:23)
    at QueryInterface.bulkInsert (D:\vscode\service\node_modules\sequelize\lib\query-interface.js:997:27)
    at Promise.try.then.then (D:\vscode\service\node_modules\sequelize\lib\model.js:2649:34)
    at runCallback (timers.js:705:18)
    at tryOnImmediate (timers.js:676:5)
    at processImmediate (timers.js:658:5)
From previous event:
    at Function.bulkCreate (D:\vscode\service\node_modules\sequelize\lib\model.js:2594:8)
    at CategoryService.createBulk (D:\vscode\service\app\service\category.ts:62:49)
    at CategoryController.createBulk (D:\vscode\service\app\controller\category.ts:39:51)
    at Object.callFn (D:\vscode\service\node_modules\egg-core\lib\utils\index.js:44:21)
    at Object.classControllerMiddleware (D:\vscode\service\node_modules\egg-core\lib\loader\mixin\controller.js:87:20)
    at Object.callFn (D:\vscode\service\node_modules\@eggjs\router\lib\utils.js:12:21)
    at wrappedController (D:\vscode\service\node_modules\@eggjs\router\lib\egg_router.js:322:18)
    at dispatch (D:\vscode\service\node_modules\@eggjs\router\node_modules\koa-compose\index.js:44:32)
    at next (D:\vscode\service\node_modules\@eggjs\router\node_modules\koa-compose\index.js:45:18)
    at D:\vscode\service\node_modules\@eggjs\router\lib\router.js:190:18
    at dispatch (D:\vscode\service\node_modules\@eggjs\router\node_modules\koa-compose\index.js:44:32)
    at D:\vscode\service\node_modules\@eggjs\router\node_modules\koa-compose\index.js:36:12
    at dispatch (D:\vscode\service\node_modules\@eggjs\router\lib\router.js:195:33)
    at dispatch (D:\vscode\service\node_modules\koa-compose\index.js:42:32)
    at D:\vscode\service\app\middleware\authorization.ts:20:13
    at dispatch (D:\vscode\service\node_modules\koa-compose\index.js:42:32)
    at D:\vscode\service\node_modules\egg-development\app\middleware\egg_loader_trace.js:9:56
    at dispatch (D:\vscode\service\node_modules\koa-compose\index.js:42:32)
    at i18n (D:\vscode\service\node_modules\egg-i18n\app\middleware\i18n.js:13:12)
    at dispatch (D:\vscode\service\node_modules\koa-compose\index.js:42:32)
    at dispatch (D:\vscode\service\node_modules\koa-compose\index.js:42:32)
    at dta (D:\vscode\service\node_modules\egg-security\lib\middlewares\dta.js:12:12)
    at dispatch (D:\vscode\service\node_modules\koa-compose\index.js:42:32)
    at xframe (D:\vscode\service\node_modules\egg-security\lib\middlewares\xframe.js:7:11)
    at dispatch (D:\vscode\service\node_modules\koa-compose\index.js:42:32)
name: "SequelizeDatabaseError"
parent: {"code":"ER_PARSE_ERROR","errno":1064,"sqlState":"42000","sqlMessage":"You have an error in your SQL syntax; check the manual that corresponds to your MySQL server version for the right syntax to use near '' at line 1","sql":"INSERT INTO `categorys` (`id`,`type_first`,`type_second`,`type_third`,`img_src`,`created_at`,`updated_at`) VALUES (NULL,'','','','aaaaaaaaaaaa','2019-07-15 07:14:43','2019-07-15 07:14:43'),(NULL,'','','','aaaaaaaaaaaa','2019-07-15 07:14:43','2019-07-15 07:14:43'),(NULL,'','','','aaaaaaaaaaaa','2019-07-15 07:14:43','2019-07-15 07:14:43'),(NULL,'','','','aaaaaaaaaaaa','2019-07-15 07:14:43','2019-07-15 07:14:43'),(NULL,'','','','aaaaaaaaaaaa','2019-07-15 07:14:43','2019-07-15 07:14:43'),(NULL,'','','','aaaaaaaaaaaa','2019-07-15 07:14:43','2019-07-15 07:14:43'),(NULL,'','','','aaaaaaaaaaaa','2019-07-15 07:14:43','2019-07-15 07:14:43'),(NULL,'','','','aaaaaaaaaaaa','2019-07-15 07:14:43','2019-07-15 07:14:43') ON DUPLICATE KEY UPDATE ;"}
original: {"code":"ER_PARSE_ERROR","errno":1064,"sqlState":"42000","sqlMessage":"You have an error in your SQL syntax; check the manual that corresponds to your MySQL server version for the right syntax to use near '' at line 1","sql":"INSERT INTO `categorys` (`id`,`type_first`,`type_second`,`type_third`,`img_src`,`created_at`,`updated_at`) VALUES (NULL,'','','','aaaaaaaaaaaa','2019-07-15 07:14:43','2019-07-15 07:14:43'),(NULL,'','','','aaaaaaaaaaaa','2019-07-15 07:14:43','2019-07-15 07:14:43'),(NULL,'','','','aaaaaaaaaaaa','2019-07-15 07:14:43','2019-07-15 07:14:43'),(NULL,'','','','aaaaaaaaaaaa','2019-07-15 07:14:43','2019-07-15 07:14:43'),(NULL,'','','','aaaaaaaaaaaa','2019-07-15 07:14:43','2019-07-15 07:14:43'),(NULL,'','','','aaaaaaaaaaaa','2019-07-15 07:14:43','2019-07-15 07:14:43'),(NULL,'','','','aaaaaaaaaaaa','2019-07-15 07:14:43','2019-07-15 07:14:43'),(NULL,'','','','aaaaaaaaaaaa','2019-07-15 07:14:43','2019-07-15 07:14:43') ON DUPLICATE KEY UPDATE ;"}
sql: "INSERT INTO `categorys` (`id`,`type_first`,`type_second`,`type_third`,`img_src`,`created_at`,`updated_at`) VALUES (NULL,'','','','aaaaaaaaaaaa','2019-07-15 07:14:43','2019-07-15 07:14:43'),(NULL,'','','','aaaaaaaaaaaa','2019-07-15 07:14:43','2019-07-15 07:14:43'),(NULL,'','','','aaaaaaaaaaaa','2019-07-15 07:14:43','2019-07-15 07:14:43'),(NULL,'','','','aaaaaaaaaaaa','2019-07-15 07:14:43','2019-07-15 07:14:43'),(NULL,'','','','aaaaaaaaaaaa','2019-07-15 07:14:43','2019-07-15 07:14:43'),(NULL,'','','','aaaaaaaaaaaa','2019-07-15 07:14:43','2019-07-15 07:14:43'),(NULL,'','','','aaaaaaaaaaaa','2019-07-15 07:14:43','2019-07-15 07:14:43'),(NULL,'','','','aaaaaaaaaaaa','2019-07-15 07:14:43','2019-07-15 07:14:43') ON DUPLICATE KEY UPDATE ;"
pid: 568
hostname: DESKTOP-QJUC35N

2019-07-15 15:14:46,254 ERROR 568 [-/127.0.0.1/-/17ms POST /category/createBulk] nodejs.SequelizeDatabaseError: You have an error in your SQL syntax; check the manual that corresponds to your MySQL server version for the right syntax to use near '' at line 1
    at Query.formatError (D:\vscode\service\node_modules\sequelize\lib\dialects\mysql\query.js:239:16)
    at Query.handler [as onResult] (D:\vscode\service\node_modules\sequelize\lib\dialects\mysql\query.js:46:23)
    at Query.execute (D:\vscode\service\node_modules\mysql2\lib\commands\command.js:30:14)
    at Connection.handlePacket (D:\vscode\service\node_modules\mysql2\lib\connection.js:449:32)
    at PacketParser.Connection.packetParser.p [as onPacket] (D:\vscode\service\node_modules\mysql2\lib\connection.js:72:12)
    at PacketParser.executeStart (D:\vscode\service\node_modules\mysql2\lib\packet_parser.js:75:16)
    at Socket.Connection.stream.on.data (D:\vscode\service\node_modules\mysql2\lib\connection.js:79:25)
    at Socket.emit (events.js:189:13)
    at addChunk (_stream_readable.js:284:12)
    at readableAddChunk (_stream_readable.js:265:11)
    at Socket.Readable.push (_stream_readable.js:220:10)
    at TCP.onStreamRead [as onread] (internal/stream_base_commons.js:94:17)
From previous event:
    at Query.run (D:\vscode\service\node_modules\sequelize\lib\dialects\mysql\query.js:39:12)
    at runHooks.then (D:\vscode\service\node_modules\sequelize\lib\sequelize.js:635:29)
From previous event:
    at Promise.try.then.connection (D:\vscode\service\node_modules\sequelize\lib\sequelize.js:635:12)
From previous event:
    at Promise.resolve.retry (D:\vscode\service\node_modules\sequelize\lib\sequelize.js:632:10)
    at D:\vscode\service\node_modules\retry-as-promised\index.js:70:21
    at new Promise (<anonymous>)
    at retryAsPromised (D:\vscode\service\node_modules\retry-as-promised\index.js:60:10)
    at Promise.try (D:\vscode\service\node_modules\sequelize\lib\sequelize.js:619:30)
From previous event:
    at Sequelize.query (D:\vscode\service\node_modules\sequelize\lib\sequelize.js:576:23)
    at QueryInterface.bulkInsert (D:\vscode\service\node_modules\sequelize\lib\query-interface.js:997:27)
    at Promise.try.then.then (D:\vscode\service\node_modules\sequelize\lib\model.js:2649:34)
    at runCallback (timers.js:705:18)
    at tryOnImmediate (timers.js:676:5)
    at processImmediate (timers.js:658:5)
From previous event:
    at Function.bulkCreate (D:\vscode\service\node_modules\sequelize\lib\model.js:2594:8)
    at CategoryService.createBulk (D:\vscode\service\app\service\category.ts:62:49)
    at CategoryController.createBulk (D:\vscode\service\app\controller\category.ts:39:51)
    at Object.callFn (D:\vscode\service\node_modules\egg-core\lib\utils\index.js:44:21)
    at Object.classControllerMiddleware (D:\vscode\service\node_modules\egg-core\lib\loader\mixin\controller.js:87:20)
    at Object.callFn (D:\vscode\service\node_modules\@eggjs\router\lib\utils.js:12:21)
    at wrappedController (D:\vscode\service\node_modules\@eggjs\router\lib\egg_router.js:322:18)
    at dispatch (D:\vscode\service\node_modules\@eggjs\router\node_modules\koa-compose\index.js:44:32)
    at next (D:\vscode\service\node_modules\@eggjs\router\node_modules\koa-compose\index.js:45:18)
    at D:\vscode\service\node_modules\@eggjs\router\lib\router.js:190:18
    at dispatch (D:\vscode\service\node_modules\@eggjs\router\node_modules\koa-compose\index.js:44:32)
    at D:\vscode\service\node_modules\@eggjs\router\node_modules\koa-compose\index.js:36:12
    at dispatch (D:\vscode\service\node_modules\@eggjs\router\lib\router.js:195:33)
    at dispatch (D:\vscode\service\node_modules\koa-compose\index.js:42:32)
    at D:\vscode\service\app\middleware\authorization.ts:20:13
    at dispatch (D:\vscode\service\node_modules\koa-compose\index.js:42:32)
    at D:\vscode\service\node_modules\egg-development\app\middleware\egg_loader_trace.js:9:56
    at dispatch (D:\vscode\service\node_modules\koa-compose\index.js:42:32)
    at i18n (D:\vscode\service\node_modules\egg-i18n\app\middleware\i18n.js:13:12)
    at dispatch (D:\vscode\service\node_modules\koa-compose\index.js:42:32)
    at dispatch (D:\vscode\service\node_modules\koa-compose\index.js:42:32)
    at dta (D:\vscode\service\node_modules\egg-security\lib\middlewares\dta.js:12:12)
    at dispatch (D:\vscode\service\node_modules\koa-compose\index.js:42:32)
    at xframe (D:\vscode\service\node_modules\egg-security\lib\middlewares\xframe.js:7:11)
    at dispatch (D:\vscode\service\node_modules\koa-compose\index.js:42:32)
name: "SequelizeDatabaseError"
parent: {"code":"ER_PARSE_ERROR","errno":1064,"sqlState":"42000","sqlMessage":"You have an error in your SQL syntax; check the manual that corresponds to your MySQL server version for the right syntax to use near '' at line 1","sql":"INSERT INTO `categorys` (`id`,`type_first`,`type_second`,`type_third`,`img_src`,`created_at`,`updated_at`) VALUES (NULL,'','','','aaaaaaaaaaaa','2019-07-15 07:14:46','2019-07-15 07:14:46'),(NULL,'','','','aaaaaaaaaaaa','2019-07-15 07:14:46','2019-07-15 07:14:46'),(NULL,'','','','aaaaaaaaaaaa','2019-07-15 07:14:46','2019-07-15 07:14:46'),(NULL,'','','','aaaaaaaaaaaa','2019-07-15 07:14:46','2019-07-15 07:14:46'),(NULL,'','','','aaaaaaaaaaaa','2019-07-15 07:14:46','2019-07-15 07:14:46'),(NULL,'','','','aaaaaaaaaaaa','2019-07-15 07:14:46','2019-07-15 07:14:46'),(NULL,'','','','aaaaaaaaaaaa','2019-07-15 07:14:46','2019-07-15 07:14:46'),(NULL,'','','','aaaaaaaaaaaa','2019-07-15 07:14:46','2019-07-15 07:14:46') ON DUPLICATE KEY UPDATE ;"}
original: {"code":"ER_PARSE_ERROR","errno":1064,"sqlState":"42000","sqlMessage":"You have an error in your SQL syntax; check the manual that corresponds to your MySQL server version for the right syntax to use near '' at line 1","sql":"INSERT INTO `categorys` (`id`,`type_first`,`type_second`,`type_third`,`img_src`,`created_at`,`updated_at`) VALUES (NULL,'','','','aaaaaaaaaaaa','2019-07-15 07:14:46','2019-07-15 07:14:46'),(NULL,'','','','aaaaaaaaaaaa','2019-07-15 07:14:46','2019-07-15 07:14:46'),(NULL,'','','','aaaaaaaaaaaa','2019-07-15 07:14:46','2019-07-15 07:14:46'),(NULL,'','','','aaaaaaaaaaaa','2019-07-15 07:14:46','2019-07-15 07:14:46'),(NULL,'','','','aaaaaaaaaaaa','2019-07-15 07:14:46','2019-07-15 07:14:46'),(NULL,'','','','aaaaaaaaaaaa','2019-07-15 07:14:46','2019-07-15 07:14:46'),(NULL,'','','','aaaaaaaaaaaa','2019-07-15 07:14:46','2019-07-15 07:14:46'),(NULL,'','','','aaaaaaaaaaaa','2019-07-15 07:14:46','2019-07-15 07:14:46') ON DUPLICATE KEY UPDATE ;"}
sql: "INSERT INTO `categorys` (`id`,`type_first`,`type_second`,`type_third`,`img_src`,`created_at`,`updated_at`) VALUES (NULL,'','','','aaaaaaaaaaaa','2019-07-15 07:14:46','2019-07-15 07:14:46'),(NULL,'','','','aaaaaaaaaaaa','2019-07-15 07:14:46','2019-07-15 07:14:46'),(NULL,'','','','aaaaaaaaaaaa','2019-07-15 07:14:46','2019-07-15 07:14:46'),(NULL,'','','','aaaaaaaaaaaa','2019-07-15 07:14:46','2019-07-15 07:14:46'),(NULL,'','','','aaaaaaaaaaaa','2019-07-15 07:14:46','2019-07-15 07:14:46'),(NULL,'','','','aaaaaaaaaaaa','2019-07-15 07:14:46','2019-07-15 07:14:46'),(NULL,'','','','aaaaaaaaaaaa','2019-07-15 07:14:46','2019-07-15 07:14:46'),(NULL,'','','','aaaaaaaaaaaa','2019-07-15 07:14:46','2019-07-15 07:14:46') ON DUPLICATE KEY UPDATE ;"
pid: 568
hostname: DESKTOP-QJUC35N

2019-07-15 23:41:26,932 ERROR 3504 [-/127.0.0.1/-/45ms GET /comment/good/fd604df0a6d611e9bfc4797cb1d1deeb] nodejs.SequelizeEagerLoadingError: goods is associated to comments using an alias. You must use the 'as' keyword to specify the alias within your include statement.
    at Function._getIncludedAssociation (D:\vscode\service\node_modules\sequelize\lib\model.js:727:13)
    at Function._validateIncludedElement (D:\vscode\service\node_modules\sequelize\lib\model.js:619:53)
    at options.include.options.include.map.include (D:\vscode\service\node_modules\sequelize\lib\model.js:516:37)
    at Array.map (<anonymous>)
    at Function._validateIncludedElements (D:\vscode\service\node_modules\sequelize\lib\model.js:511:39)
    at Promise.try.then.then (D:\vscode\service\node_modules\sequelize\lib\model.js:1723:14)
    at runCallback (timers.js:705:18)
    at tryOnImmediate (timers.js:676:5)
    at processImmediate (timers.js:658:5)
From previous event:
    at Function.findAll (D:\vscode\service\node_modules\sequelize\lib\model.js:1717:8)
    at CategoryService.indexByGoodId (D:\vscode\service\app\service\comment.ts:57:52)
    at CommentController.indexByGoodId (D:\vscode\service\app\controller\comment.ts:58:49)
    at Object.callFn (D:\vscode\service\node_modules\egg-core\lib\utils\index.js:44:21)
    at Object.classControllerMiddleware (D:\vscode\service\node_modules\egg-core\lib\loader\mixin\controller.js:87:20)
    at Object.callFn (D:\vscode\service\node_modules\@eggjs\router\lib\utils.js:12:21)
    at wrappedController (D:\vscode\service\node_modules\@eggjs\router\lib\egg_router.js:322:18)
    at dispatch (D:\vscode\service\node_modules\@eggjs\router\node_modules\koa-compose\index.js:44:32)
    at next (D:\vscode\service\node_modules\@eggjs\router\node_modules\koa-compose\index.js:45:18)
    at D:\vscode\service\node_modules\@eggjs\router\lib\router.js:190:18
    at dispatch (D:\vscode\service\node_modules\@eggjs\router\node_modules\koa-compose\index.js:44:32)
    at D:\vscode\service\node_modules\@eggjs\router\node_modules\koa-compose\index.js:36:12
    at dispatch (D:\vscode\service\node_modules\@eggjs\router\lib\router.js:195:33)
    at dispatch (D:\vscode\service\node_modules\koa-compose\index.js:42:32)
    at D:\vscode\service\app\middleware\authorization.ts:20:13
    at dispatch (D:\vscode\service\node_modules\koa-compose\index.js:42:32)
    at D:\vscode\service\node_modules\egg-development\app\middleware\egg_loader_trace.js:9:56
    at dispatch (D:\vscode\service\node_modules\koa-compose\index.js:42:32)
    at i18n (D:\vscode\service\node_modules\egg-i18n\app\middleware\i18n.js:13:12)
    at dispatch (D:\vscode\service\node_modules\koa-compose\index.js:42:32)
    at dispatch (D:\vscode\service\node_modules\koa-compose\index.js:42:32)
    at dta (D:\vscode\service\node_modules\egg-security\lib\middlewares\dta.js:12:12)
    at dispatch (D:\vscode\service\node_modules\koa-compose\index.js:42:32)
    at xframe (D:\vscode\service\node_modules\egg-security\lib\middlewares\xframe.js:7:11)
    at dispatch (D:\vscode\service\node_modules\koa-compose\index.js:42:32)
name: "SequelizeEagerLoadingError"
pid: 3504
hostname: DESKTOP-QJUC35N

2019-07-15 23:43:04,066 ERROR 15936 [-/127.0.0.1/-/42ms GET /comment/good/fd604df0a6d611e9bfc4797cb1d1deeb] nodejs.SequelizeEagerLoadingError: goods is associated to comments using an alias. You've included an alias (goos), but it does not match the alias(es) defined in your association (good).
    at Function._getIncludedAssociation (D:\vscode\service\node_modules\sequelize\lib\model.js:724:15)
    at Function._validateIncludedElement (D:\vscode\service\node_modules\sequelize\lib\model.js:619:53)
    at options.include.options.include.map.include (D:\vscode\service\node_modules\sequelize\lib\model.js:516:37)
    at Array.map (<anonymous>)
    at Function._validateIncludedElements (D:\vscode\service\node_modules\sequelize\lib\model.js:511:39)
    at Promise.try.then.then (D:\vscode\service\node_modules\sequelize\lib\model.js:1723:14)
    at runCallback (timers.js:705:18)
    at tryOnImmediate (timers.js:676:5)
    at processImmediate (timers.js:658:5)
From previous event:
    at Function.findAll (D:\vscode\service\node_modules\sequelize\lib\model.js:1717:8)
    at CategoryService.indexByGoodId (D:\vscode\service\app\service\comment.ts:57:52)
    at CommentController.indexByGoodId (D:\vscode\service\app\controller\comment.ts:58:49)
    at Object.callFn (D:\vscode\service\node_modules\egg-core\lib\utils\index.js:44:21)
    at Object.classControllerMiddleware (D:\vscode\service\node_modules\egg-core\lib\loader\mixin\controller.js:87:20)
    at Object.callFn (D:\vscode\service\node_modules\@eggjs\router\lib\utils.js:12:21)
    at wrappedController (D:\vscode\service\node_modules\@eggjs\router\lib\egg_router.js:322:18)
    at dispatch (D:\vscode\service\node_modules\@eggjs\router\node_modules\koa-compose\index.js:44:32)
    at next (D:\vscode\service\node_modules\@eggjs\router\node_modules\koa-compose\index.js:45:18)
    at D:\vscode\service\node_modules\@eggjs\router\lib\router.js:190:18
    at dispatch (D:\vscode\service\node_modules\@eggjs\router\node_modules\koa-compose\index.js:44:32)
    at D:\vscode\service\node_modules\@eggjs\router\node_modules\koa-compose\index.js:36:12
    at dispatch (D:\vscode\service\node_modules\@eggjs\router\lib\router.js:195:33)
    at dispatch (D:\vscode\service\node_modules\koa-compose\index.js:42:32)
    at D:\vscode\service\app\middleware\authorization.ts:20:13
    at dispatch (D:\vscode\service\node_modules\koa-compose\index.js:42:32)
    at D:\vscode\service\node_modules\egg-development\app\middleware\egg_loader_trace.js:9:56
    at dispatch (D:\vscode\service\node_modules\koa-compose\index.js:42:32)
    at i18n (D:\vscode\service\node_modules\egg-i18n\app\middleware\i18n.js:13:12)
    at dispatch (D:\vscode\service\node_modules\koa-compose\index.js:42:32)
    at dispatch (D:\vscode\service\node_modules\koa-compose\index.js:42:32)
    at dta (D:\vscode\service\node_modules\egg-security\lib\middlewares\dta.js:12:12)
    at dispatch (D:\vscode\service\node_modules\koa-compose\index.js:42:32)
    at xframe (D:\vscode\service\node_modules\egg-security\lib\middlewares\xframe.js:7:11)
    at dispatch (D:\vscode\service\node_modules\koa-compose\index.js:42:32)
name: "SequelizeEagerLoadingError"
pid: 15936
hostname: DESKTOP-QJUC35N

